Started by GitHub push by KienanBachwa
Building in workspace /var/jenkins_home/workspace/teami-cli-admin
using credential 97fbda0c-87a0-475d-b85b-e27c7e4a8d2a
 > git rev-parse --is-inside-work-tree # timeout=10
Fetching changes from the remote Git repository
 > git config remote.origin.url https://github.com/pns-isa-devops-1819/teami-cli-admin.git # timeout=10
Fetching upstream changes from https://github.com/pns-isa-devops-1819/teami-cli-admin.git
 > git --version # timeout=10
using GIT_ASKPASS to set credentials 
 > git fetch --tags --force --progress https://github.com/pns-isa-devops-1819/teami-cli-admin.git +refs/heads/*:refs/remotes/origin/*
 > git rev-parse refs/remotes/origin/master^{commit} # timeout=10
 > git rev-parse refs/remotes/origin/origin/master^{commit} # timeout=10
Checking out Revision fb02c0c137ef6023a3e749deb48001fe15a2cfe3 (refs/remotes/origin/master)
 > git config core.sparsecheckout # timeout=10
 > git checkout -f fb02c0c137ef6023a3e749deb48001fe15a2cfe3
Commit message: "erreur de push"
 > git rev-list --no-walk 3916f4c1bbee74ab13431f3f122dbf679634bd72 # timeout=10
[teami-cli-admin] $ /bin/sh -xe /tmp/jenkins7606895474696520779.sh
+ rm -r '?/.m2/repository/fr'
Jenkins Artifactory Plugin version: 3.2.2
Artifactory integration is enabled
[teami-cli-admin] $ /usr/lib/jvm/java-1.8-openjdk/bin/java -classpath /var/jenkins_home/tools/hudson.tasks.Maven_MavenInstallation/M3/boot/* -Dmaven.home=/var/jenkins_home/tools/hudson.tasks.Maven_MavenInstallation/M3 -Dmaven.conf=/var/jenkins_home/tools/hudson.tasks.Maven_MavenInstallation/M3/conf -DbuildInfoConfig.propertiesFile=/var/jenkins_home/workspace/teami-cli-admin@tmp/artifactory/buildInfo2835734890395044699.properties -DbuildInfoConfig.artifactoryResolutionEnabled=true -Dm3plugin.lib=/var/jenkins_home/workspace/teami-cli-admin/cache/artifactory-plugin/3.2.2 -Dclassworlds.conf=/var/jenkins_home/workspace/teami-cli-admin/classworlds7140716533069950974conf -Dmaven.multiModuleProjectDirectory=/var/jenkins_home/workspace/teami-cli-admin org.codehaus.plexus.classworlds.launcher.Launcher clean install deploy
[main] INFO org.apache.maven.cli.event.ExecutionEventLogger - Scanning for projects...
[main] INFO org.jfrog.build.extractor.maven.BuildInfoRecorder - Initializing Artifactory Build-Info Recording
[main] INFO org.apache.maven.cli.event.ExecutionEventLogger - 
[main] INFO org.apache.maven.cli.event.ExecutionEventLogger - -------< fr.unice.polytech.si4.isa.devops.teami:teami-cli-admin >-------
[main] INFO org.apache.maven.cli.event.ExecutionEventLogger - Building teami-cli-admin 1.0-SNAPSHOT
[main] INFO org.apache.maven.cli.event.ExecutionEventLogger - --------------------------------[ jar ]---------------------------------
Downloading from artifactory-release: http://vps663090.ovh.net:8081/artifactory/libs-release/org/apache/maven/plugins/maven-deploy-plugin/2.8.2/maven-deploy-plugin-2.8.2.pom
Progress (1): 4.1/7.1 kBProgress (1): 7.1 kB                        Downloaded from artifactory-release: http://vps663090.ovh.net:8081/artifactory/libs-release/org/apache/maven/plugins/maven-deploy-plugin/2.8.2/maven-deploy-plugin-2.8.2.pom (7.1 kB at 28 kB/s)
Downloading from artifactory-release: http://vps663090.ovh.net:8081/artifactory/libs-release/org/apache/maven/plugins/maven-plugins/25/maven-plugins-25.pom
Progress (1): 4.1/9.5 kBProgress (1): 7.5/9.5 kBProgress (1): 9.5 kB                        Downloaded from artifactory-release: http://vps663090.ovh.net:8081/artifactory/libs-release/org/apache/maven/plugins/maven-plugins/25/maven-plugins-25.pom (9.5 kB at 328 kB/s)
Downloading from artifactory-release: http://vps663090.ovh.net:8081/artifactory/libs-release/org/apache/maven/maven-parent/24/maven-parent-24.pom
Progress (1): 4.1/38 kBProgress (1): 7.5/38 kBProgress (1): 12/38 kB Progress (1): 16/38 kBProgress (1): 20/38 kBProgress (1): 24/38 kBProgress (1): 28/38 kBProgress (1): 32/38 kBProgress (1): 36/38 kBProgress (1): 38 kB                      Downloaded from artifactory-release: http://vps663090.ovh.net:8081/artifactory/libs-release/org/apache/maven/maven-parent/24/maven-parent-24.pom (38 kB at 922 kB/s)
Downloading from artifactory-release: http://vps663090.ovh.net:8081/artifactory/libs-release/org/apache/maven/plugins/maven-deploy-plugin/2.8.2/maven-deploy-plugin-2.8.2.jar
Progress (1): 4.1/34 kBProgress (1): 7.5/34 kBProgress (1): 12/34 kB Progress (1): 16/34 kBProgress (1): 20/34 kBProgress (1): 24/34 kBProgress (1): 28/34 kBProgress (1): 32/34 kBProgress (1): 34 kB                      Downloaded from artifactory-release: http://vps663090.ovh.net:8081/artifactory/libs-release/org/apache/maven/plugins/maven-deploy-plugin/2.8.2/maven-deploy-plugin-2.8.2.jar (34 kB at 832 kB/s)
[main] INFO org.apache.maven.cli.event.ExecutionEventLogger - 
[main] INFO org.apache.maven.cli.event.ExecutionEventLogger - --- maven-clean-plugin:2.5:clean (default-clean) @ teami-cli-admin ---
[main] INFO org.apache.maven.plugin.clean.CleanMojo - Deleting /var/jenkins_home/workspace/teami-cli-admin/target
[main] INFO org.apache.maven.cli.event.ExecutionEventLogger - 
[main] INFO org.apache.maven.cli.event.ExecutionEventLogger - --- cxf-codegen-plugin:3.1.10:wsdl2java (generate-sources) @ teami-cli-admin ---
[main] INFO org.apache.maven.cli.event.ExecutionEventLogger - 
[main] INFO org.apache.maven.cli.event.ExecutionEventLogger - --- maven-resources-plugin:2.6:resources (default-resources) @ teami-cli-admin ---
[main] INFO org.apache.maven.shared.filtering.DefaultMavenResourcesFiltering - Using 'UTF-8' encoding to copy filtered resources.
[main] INFO org.apache.maven.shared.filtering.DefaultMavenResourcesFiltering - Copying 3 resources
[main] INFO org.apache.maven.cli.event.ExecutionEventLogger - 
[main] INFO org.apache.maven.cli.event.ExecutionEventLogger - --- maven-compiler-plugin:3.1:compile (default-compile) @ teami-cli-admin ---
[main] INFO org.apache.maven.plugin.compiler.CompilerMojo - Changes detected - recompiling the module!
[main] INFO org.codehaus.plexus.compiler.javac.JavacCompiler - Compiling 76 source files to /var/jenkins_home/workspace/teami-cli-admin/target/classes
[main] WARNING org.apache.maven.plugin.compiler.CompilerMojo - /var/jenkins_home/workspace/teami-cli-admin/src/main/java/fr/unice/polytech/si4/isa/devops/teami/framework/Shell.java: /var/jenkins_home/workspace/teami-cli-admin/src/main/java/fr/unice/polytech/si4/isa/devops/teami/framework/Shell.java uses unchecked or unsafe operations.
[main] WARNING org.apache.maven.plugin.compiler.CompilerMojo - /var/jenkins_home/workspace/teami-cli-admin/src/main/java/fr/unice/polytech/si4/isa/devops/teami/framework/Shell.java: Recompile with -Xlint:unchecked for details.
[main] INFO org.apache.maven.cli.event.ExecutionEventLogger - 
[main] INFO org.apache.maven.cli.event.ExecutionEventLogger - --- maven-resources-plugin:2.6:testResources (default-testResources) @ teami-cli-admin ---
[main] INFO org.apache.maven.shared.filtering.DefaultMavenResourcesFiltering - Using 'UTF-8' encoding to copy filtered resources.
[main] INFO org.apache.maven.shared.filtering.DefaultMavenResourcesFiltering - skip non existing resourceDirectory /var/jenkins_home/workspace/teami-cli-admin/src/test/resources
[main] INFO org.apache.maven.cli.event.ExecutionEventLogger - 
[main] INFO org.apache.maven.cli.event.ExecutionEventLogger - --- maven-compiler-plugin:3.1:testCompile (default-testCompile) @ teami-cli-admin ---
[main] INFO org.apache.maven.plugin.compiler.TestCompilerMojo - Changes detected - recompiling the module!
[main] INFO org.codehaus.plexus.compiler.javac.JavacCompiler - Compiling 1 source file to /var/jenkins_home/workspace/teami-cli-admin/target/test-classes
[main] INFO org.apache.maven.cli.event.ExecutionEventLogger - 
[main] INFO org.apache.maven.cli.event.ExecutionEventLogger - --- maven-surefire-plugin:2.12.4:test (default-test) @ teami-cli-admin ---
[main] INFO org.apache.maven.plugin.surefire.SurefirePlugin - Surefire report directory: /var/jenkins_home/workspace/teami-cli-admin/target/surefire-reports

-------------------------------------------------------
 T E S T S
-------------------------------------------------------
Running fr.unice.polytech.si4.isa.devops.teami.AppTest
Tests run: 1, Failures: 0, Errors: 0, Skipped: 0, Time elapsed: 0.299 sec

Results :

Tests run: 1, Failures: 0, Errors: 0, Skipped: 0

[main] INFO org.apache.maven.cli.event.ExecutionEventLogger - 
[main] INFO org.apache.maven.cli.event.ExecutionEventLogger - --- maven-jar-plugin:2.4:jar (default-jar) @ teami-cli-admin ---
[main] INFO org.codehaus.plexus.archiver.jar.JarArchiver - Building jar: /var/jenkins_home/workspace/teami-cli-admin/target/teami-cli-admin-1.0-SNAPSHOT.jar
[main] INFO org.apache.maven.cli.event.ExecutionEventLogger - 
[main] INFO org.apache.maven.cli.event.ExecutionEventLogger - --- maven-install-plugin:2.4:install (default-install) @ teami-cli-admin ---
[main] INFO org.codehaus.plexus.PlexusContainer - Installing /var/jenkins_home/workspace/teami-cli-admin/target/teami-cli-admin-1.0-SNAPSHOT.jar to /var/jenkins_home/workspace/teami-cli-admin/?/.m2/repository/fr/unice/polytech/si4/isa/devops/teami/teami-cli-admin/1.0-SNAPSHOT/teami-cli-admin-1.0-SNAPSHOT.jar
[main] INFO org.codehaus.plexus.PlexusContainer - Installing /var/jenkins_home/workspace/teami-cli-admin/pom.xml to /var/jenkins_home/workspace/teami-cli-admin/?/.m2/repository/fr/unice/polytech/si4/isa/devops/teami/teami-cli-admin/1.0-SNAPSHOT/teami-cli-admin-1.0-SNAPSHOT.pom
[main] INFO org.apache.maven.cli.event.ExecutionEventLogger - 
[main] INFO org.apache.maven.cli.event.ExecutionEventLogger - --- cxf-codegen-plugin:3.1.10:wsdl2java (generate-sources) @ teami-cli-admin ---
[main] INFO org.apache.maven.cli.event.ExecutionEventLogger - 
[main] INFO org.apache.maven.cli.event.ExecutionEventLogger - --- maven-resources-plugin:2.6:resources (default-resources) @ teami-cli-admin ---
[main] INFO org.apache.maven.shared.filtering.DefaultMavenResourcesFiltering - Using 'UTF-8' encoding to copy filtered resources.
[main] INFO org.apache.maven.shared.filtering.DefaultMavenResourcesFiltering - Copying 3 resources
[main] INFO org.apache.maven.cli.event.ExecutionEventLogger - 
[main] INFO org.apache.maven.cli.event.ExecutionEventLogger - --- maven-compiler-plugin:3.1:compile (default-compile) @ teami-cli-admin ---
[main] INFO org.apache.maven.plugin.compiler.CompilerMojo - Nothing to compile - all classes are up to date
[main] INFO org.apache.maven.cli.event.ExecutionEventLogger - 
[main] INFO org.apache.maven.cli.event.ExecutionEventLogger - --- maven-resources-plugin:2.6:testResources (default-testResources) @ teami-cli-admin ---
[main] INFO org.apache.maven.shared.filtering.DefaultMavenResourcesFiltering - Using 'UTF-8' encoding to copy filtered resources.
[main] INFO org.apache.maven.shared.filtering.DefaultMavenResourcesFiltering - skip non existing resourceDirectory /var/jenkins_home/workspace/teami-cli-admin/src/test/resources
[main] INFO org.apache.maven.cli.event.ExecutionEventLogger - 
[main] INFO org.apache.maven.cli.event.ExecutionEventLogger - --- maven-compiler-plugin:3.1:testCompile (default-testCompile) @ teami-cli-admin ---
[main] INFO org.apache.maven.plugin.compiler.TestCompilerMojo - Nothing to compile - all classes are up to date
[main] INFO org.apache.maven.cli.event.ExecutionEventLogger - 
[main] INFO org.apache.maven.cli.event.ExecutionEventLogger - --- maven-surefire-plugin:2.12.4:test (default-test) @ teami-cli-admin ---
[main] INFO org.apache.maven.plugin.surefire.SurefirePlugin - Skipping execution of surefire because it has already been run for this configuration
[main] INFO org.apache.maven.cli.event.ExecutionEventLogger - 
[main] INFO org.apache.maven.cli.event.ExecutionEventLogger - --- maven-jar-plugin:2.4:jar (default-jar) @ teami-cli-admin ---
[main] INFO org.apache.maven.cli.event.ExecutionEventLogger - 
[main] INFO org.apache.maven.cli.event.ExecutionEventLogger - --- maven-install-plugin:2.4:install (default-install) @ teami-cli-admin ---
[main] INFO org.codehaus.plexus.PlexusContainer - Installing /var/jenkins_home/workspace/teami-cli-admin/target/teami-cli-admin-1.0-SNAPSHOT.jar to /var/jenkins_home/workspace/teami-cli-admin/?/.m2/repository/fr/unice/polytech/si4/isa/devops/teami/teami-cli-admin/1.0-SNAPSHOT/teami-cli-admin-1.0-SNAPSHOT.jar
[main] INFO org.codehaus.plexus.PlexusContainer - Installing /var/jenkins_home/workspace/teami-cli-admin/pom.xml to /var/jenkins_home/workspace/teami-cli-admin/?/.m2/repository/fr/unice/polytech/si4/isa/devops/teami/teami-cli-admin/1.0-SNAPSHOT/teami-cli-admin-1.0-SNAPSHOT.pom
[main] INFO org.apache.maven.cli.event.ExecutionEventLogger - 
[main] INFO org.apache.maven.cli.event.ExecutionEventLogger - --- maven-deploy-plugin:2.8.2:deploy (default-deploy) @ teami-cli-admin ---
Downloading from artifactory-release: http://vps663090.ovh.net:8081/artifactory/libs-release/org/codehaus/plexus/plexus-utils/3.0.15/plexus-utils-3.0.15.pom
Progress (1): 3.1 kB                    Downloaded from artifactory-release: http://vps663090.ovh.net:8081/artifactory/libs-release/org/codehaus/plexus/plexus-utils/3.0.15/plexus-utils-3.0.15.pom (3.1 kB at 25 kB/s)
Downloading from artifactory-release: http://vps663090.ovh.net:8081/artifactory/libs-release/org/apache/maven/maven-plugin-api/2.2.1/maven-plugin-api-2.2.1.jar
Downloading from artifactory-release: http://vps663090.ovh.net:8081/artifactory/libs-release/org/apache/maven/maven-settings/2.2.1/maven-settings-2.2.1.jar
Downloading from artifactory-release: http://vps663090.ovh.net:8081/artifactory/libs-release/org/apache/maven/maven-profile/2.2.1/maven-profile-2.2.1.jar
Downloading from artifactory-release: http://vps663090.ovh.net:8081/artifactory/libs-release/org/apache/maven/maven-project/2.2.1/maven-project-2.2.1.jar
Downloading from artifactory-release: http://vps663090.ovh.net:8081/artifactory/libs-release/org/apache/maven/maven-artifact-manager/2.2.1/maven-artifact-manager-2.2.1.jar
Progress (1): 4.1/12 kBProgress (1): 7.5/12 kBProgress (1): 12/12 kB Progress (2): 12/12 kB | 4.1/156 kBProgress (2): 12/12 kB | 7.5/156 kBProgress (2): 12/12 kB | 12/156 kB Progress (2): 12/12 kB | 16/156 kBProgress (2): 12/12 kB | 20/156 kBProgress (2): 12/12 kB | 24/156 kBProgress (2): 12/12 kB | 28/156 kBProgress (2): 12/12 kB | 32/156 kBProgress (2): 12/12 kB | 36/156 kBProgress (2): 12/12 kB | 40/156 kBProgress (2): 12/12 kB | 44/156 kBProgress (2): 12/12 kB | 48/156 kBProgress (2): 12/12 kB | 53/156 kBProgress (3): 12/12 kB | 53/156 kB | 4.1/35 kBProgress (3): 12/12 kB | 53/156 kB | 7.5/35 kBProgress (3): 12/12 kB | 53/156 kB | 12/35 kB Progress (3): 12/12 kB | 53/156 kB | 16/35 kBProgress (3): 12/12 kB | 53/156 kB | 20/35 kBProgress (3): 12/12 kB | 53/156 kB | 24/35 kBProgress (4): 12/12 kB | 53/156 kB | 24/35 kB | 4.1/49 kBProgress (4): 12 kB | 53/156 kB | 24/35 kB | 4.1/49 kB   Progress (5): 12 kB | 53/156 kB | 24/35 kB | 4.1/49 kB | 4.1/68 kBProgress (5): 12 kB | 53/156 kB | 24/35 kB | 4.1/49 kB | 7.5/68 kBProgress (5): 12 kB | 53/156 kB | 24/35 kB | 4.1/49 kB | 12/68 kB Progress (5): 12 kB | 53/156 kB | 24/35 kB | 4.1/49 kB | 16/68 kBProgress (5): 12 kB | 53/156 kB | 24/35 kB | 4.1/49 kB | 20/68 kBProgress (5): 12 kB | 53/156 kB | 24/35 kB | 4.1/49 kB | 24/68 kBProgress (5): 12 kB | 53/156 kB | 24/35 kB | 4.1/49 kB | 28/68 kBProgress (5): 12 kB | 53/156 kB | 24/35 kB | 4.1/49 kB | 32/68 kBProgress (5): 12 kB | 57/156 kB | 24/35 kB | 4.1/49 kB | 32/68 kBProgress (5): 12 kB | 61/156 kB | 24/35 kB | 4.1/49 kB | 32/68 kBProgress (5): 12 kB | 65/156 kB | 24/35 kB | 4.1/49 kB | 32/68 kBProgress (5): 12 kB | 69/156 kB | 24/35 kB | 4.1/49 kB | 32/68 kBProgress (5): 12 kB | 73/156 kB | 24/35 kB | 4.1/49 kB | 32/68 kB                                                                 Downloaded from artifactory-release: http://vps663090.ovh.net:8081/artifactory/libs-release/org/apache/maven/maven-plugin-api/2.2.1/maven-plugin-api-2.2.1.jar (12 kB at 53 kB/s)
Progress (4): 73/156 kB | 28/35 kB | 4.1/49 kB | 32/68 kBProgress (4): 73/156 kB | 32/35 kB | 4.1/49 kB | 32/68 kBProgress (4): 73/156 kB | 35 kB | 4.1/49 kB | 32/68 kB   Progress (4): 73/156 kB | 35 kB | 7.5/49 kB | 32/68 kBProgress (4): 73/156 kB | 35 kB | 12/49 kB | 32/68 kB Progress (4): 73/156 kB | 35 kB | 16/49 kB | 32/68 kBProgress (4): 73/156 kB | 35 kB | 20/49 kB | 32/68 kBProgress (4): 73/156 kB | 35 kB | 24/49 kB | 32/68 kBProgress (4): 73/156 kB | 35 kB | 28/49 kB | 32/68 kBProgress (4): 73/156 kB | 35 kB | 32/49 kB | 32/68 kBProgress (4): 73/156 kB | 35 kB | 36/49 kB | 32/68 kBProgress (4): 73/156 kB | 35 kB | 40/49 kB | 32/68 kBProgress (4): 73/156 kB | 35 kB | 44/49 kB | 32/68 kBProgress (4): 73/156 kB | 35 kB | 48/49 kB | 32/68 kB                                                     Downloaded from artifactory-release: http://vps663090.ovh.net:8081/artifactory/libs-release/org/apache/maven/maven-profile/2.2.1/maven-profile-2.2.1.jar (35 kB at 131 kB/s)
Progress (3): 77/156 kB | 48/49 kB | 32/68 kBProgress (3): 81/156 kB | 48/49 kB | 32/68 kBProgress (3): 85/156 kB | 48/49 kB | 32/68 kBProgress (3): 89/156 kB | 48/49 kB | 32/68 kBProgress (3): 94/156 kB | 48/49 kB | 32/68 kB                                             Downloading from artifactory-release: http://vps663090.ovh.net:8081/artifactory/libs-release/org/apache/maven/maven-repository-metadata/2.2.1/maven-repository-metadata-2.2.1.jar
Progress (3): 94/156 kB | 48/49 kB | 36/68 kBProgress (3): 94/156 kB | 48/49 kB | 40/68 kBProgress (3): 94/156 kB | 48/49 kB | 44/68 kBProgress (3): 94/156 kB | 48/49 kB | 48/68 kBProgress (3): 94/156 kB | 48/49 kB | 53/68 kBProgress (3): 94/156 kB | 48/49 kB | 57/68 kBProgress (3): 94/156 kB | 48/49 kB | 61/68 kBProgress (3): 94/156 kB | 48/49 kB | 65/68 kBProgress (3): 94/156 kB | 48/49 kB | 68 kB   Progress (3): 94/156 kB | 49 kB | 68 kB   Progress (3): 98/156 kB | 49 kB | 68 kBProgress (4): 98/156 kB | 49 kB | 68 kB | 4.1/26 kB                                                   Downloading from artifactory-release: http://vps663090.ovh.net:8081/artifactory/libs-release/backport-util-concurrent/backport-util-concurrent/3.1/backport-util-concurrent-3.1.jar
Progress (4): 98/156 kB | 49 kB | 68 kB | 7.5/26 kBProgress (4): 98/156 kB | 49 kB | 68 kB | 12/26 kB Progress (4): 98/156 kB | 49 kB | 68 kB | 16/26 kBProgress (5): 98/156 kB | 49 kB | 68 kB | 16/26 kB | 4.1/332 kBProgress (5): 102/156 kB | 49 kB | 68 kB | 16/26 kB | 4.1/332 kBProgress (5): 106/156 kB | 49 kB | 68 kB | 16/26 kB | 4.1/332 kBProgress (5): 110/156 kB | 49 kB | 68 kB | 16/26 kB | 4.1/332 kBProgress (5): 114/156 kB | 49 kB | 68 kB | 16/26 kB | 4.1/332 kBProgress (5): 118/156 kB | 49 kB | 68 kB | 16/26 kB | 4.1/332 kBProgress (5): 122/156 kB | 49 kB | 68 kB | 16/26 kB | 4.1/332 kBProgress (5): 126/156 kB | 49 kB | 68 kB | 16/26 kB | 4.1/332 kBProgress (5): 130/156 kB | 49 kB | 68 kB | 16/26 kB | 4.1/332 kBProgress (5): 134/156 kB | 49 kB | 68 kB | 16/26 kB | 4.1/332 kB                                                                Downloaded from artifactory-release: http://vps663090.ovh.net:8081/artifactory/libs-release/org/apache/maven/maven-artifact-manager/2.2.1/maven-artifact-manager-2.2.1.jar (68 kB at 173 kB/s)
Progress (4): 134/156 kB | 49 kB | 20/26 kB | 4.1/332 kBProgress (4): 134/156 kB | 49 kB | 24/26 kB | 4.1/332 kBProgress (4): 134/156 kB | 49 kB | 26 kB | 4.1/332 kB                                                        Downloaded from artifactory-release: http://vps663090.ovh.net:8081/artifactory/libs-release/org/apache/maven/maven-settings/2.2.1/maven-settings-2.2.1.jar (49 kB at 121 kB/s)
Downloading from artifactory-release: http://vps663090.ovh.net:8081/artifactory/libs-release/org/apache/maven/maven-plugin-registry/2.2.1/maven-plugin-registry-2.2.1.jar
Progress (3): 134/156 kB | 26 kB | 7.5/332 kBProgress (3): 134/156 kB | 26 kB | 12/332 kB Progress (3): 134/156 kB | 26 kB | 16/332 kBProgress (3): 134/156 kB | 26 kB | 20/332 kBProgress (3): 134/156 kB | 26 kB | 24/332 kBProgress (3): 134/156 kB | 26 kB | 28/332 kBProgress (3): 134/156 kB | 26 kB | 32/332 kBProgress (3): 134/156 kB | 26 kB | 36/332 kBProgress (3): 134/156 kB | 26 kB | 40/332 kBProgress (3): 134/156 kB | 26 kB | 44/332 kBProgress (3): 134/156 kB | 26 kB | 48/332 kBProgress (3): 139/156 kB | 26 kB | 48/332 kBProgress (3): 143/156 kB | 26 kB | 48/332 kBProgress (4): 143/156 kB | 26 kB | 48/332 kB | 4.1/30 kB                                                        Downloading from artifactory-release: http://vps663090.ovh.net:8081/artifactory/libs-release/org/codehaus/plexus/plexus-interpolation/1.11/plexus-interpolation-1.11.jar
Progress (4): 143/156 kB | 26 kB | 48/332 kB | 7.5/30 kBProgress (4): 143/156 kB | 26 kB | 48/332 kB | 12/30 kB Progress (4): 143/156 kB | 26 kB | 48/332 kB | 16/30 kB                                                       Downloaded from artifactory-release: http://vps663090.ovh.net:8081/artifactory/libs-release/org/apache/maven/maven-repository-metadata/2.2.1/maven-repository-metadata-2.2.1.jar (26 kB at 58 kB/s)
Progress (3): 143/156 kB | 53/332 kB | 16/30 kBProgress (3): 143/156 kB | 57/332 kB | 16/30 kBProgress (3): 143/156 kB | 61/332 kB | 16/30 kBProgress (3): 143/156 kB | 65/332 kB | 16/30 kBProgress (3): 143/156 kB | 69/332 kB | 16/30 kBProgress (3): 143/156 kB | 73/332 kB | 16/30 kBProgress (3): 147/156 kB | 73/332 kB | 16/30 kBProgress (4): 147/156 kB | 73/332 kB | 16/30 kB | 4.1/51 kBProgress (4): 147/156 kB | 73/332 kB | 16/30 kB | 7.5/51 kBProgress (4): 147/156 kB | 73/332 kB | 16/30 kB | 12/51 kB Progress (4): 147/156 kB | 73/332 kB | 16/30 kB | 16/51 kBProgress (4): 147/156 kB | 73/332 kB | 16/30 kB | 20/51 kBProgress (4): 147/156 kB | 73/332 kB | 16/30 kB | 24/51 kBProgress (4): 147/156 kB | 73/332 kB | 16/30 kB | 28/51 kBProgress (4): 147/156 kB | 73/332 kB | 20/30 kB | 28/51 kB                                                          Downloading from artifactory-release: http://vps663090.ovh.net:8081/artifactory/libs-release/org/apache/maven/maven-model/2.2.1/maven-model-2.2.1.jar
Progress (4): 147/156 kB | 73/332 kB | 24/30 kB | 28/51 kBProgress (4): 147/156 kB | 73/332 kB | 28/30 kB | 28/51 kBProgress (4): 147/156 kB | 73/332 kB | 30 kB | 28/51 kB   Progress (5): 147/156 kB | 73/332 kB | 30 kB | 28/51 kB | 4.1/88 kBProgress (5): 147/156 kB | 77/332 kB | 30 kB | 28/51 kB | 4.1/88 kBProgress (5): 151/156 kB | 77/332 kB | 30 kB | 28/51 kB | 4.1/88 kBProgress (5): 155/156 kB | 77/332 kB | 30 kB | 28/51 kB | 4.1/88 kBProgress (5): 156 kB | 77/332 kB | 30 kB | 28/51 kB | 4.1/88 kB    Progress (5): 156 kB | 81/332 kB | 30 kB | 28/51 kB | 4.1/88 kBProgress (5): 156 kB | 85/332 kB | 30 kB | 28/51 kB | 4.1/88 kBProgress (5): 156 kB | 89/332 kB | 30 kB | 28/51 kB | 4.1/88 kBProgress (5): 156 kB | 94/332 kB | 30 kB | 28/51 kB | 4.1/88 kBProgress (5): 156 kB | 98/332 kB | 30 kB | 28/51 kB | 4.1/88 kBProgress (5): 156 kB | 102/332 kB | 30 kB | 28/51 kB | 4.1/88 kBProgress (5): 156 kB | 102/332 kB | 30 kB | 32/51 kB | 4.1/88 kBProgress (5): 156 kB | 102/332 kB | 30 kB | 36/51 kB | 4.1/88 kBProgress (5): 156 kB | 102/332 kB | 30 kB | 40/51 kB | 4.1/88 kBProgress (5): 156 kB | 102/332 kB | 30 kB | 44/51 kB | 4.1/88 kBProgress (5): 156 kB | 102/332 kB | 30 kB | 48/51 kB | 4.1/88 kBProgress (5): 156 kB | 102/332 kB | 30 kB | 51 kB | 4.1/88 kB   Progress (5): 156 kB | 102/332 kB | 30 kB | 51 kB | 7.5/88 kBProgress (5): 156 kB | 102/332 kB | 30 kB | 51 kB | 12/88 kB Progress (5): 156 kB | 102/332 kB | 30 kB | 51 kB | 16/88 kBProgress (5): 156 kB | 102/332 kB | 30 kB | 51 kB | 20/88 kBProgress (5): 156 kB | 102/332 kB | 30 kB | 51 kB | 24/88 kBProgress (5): 156 kB | 102/332 kB | 30 kB | 51 kB | 28/88 kBProgress (5): 156 kB | 102/332 kB | 30 kB | 51 kB | 32/88 kBProgress (5): 156 kB | 102/332 kB | 30 kB | 51 kB | 36/88 kB                                                            Downloaded from artifactory-release: http://vps663090.ovh.net:8081/artifactory/libs-release/org/apache/maven/maven-project/2.2.1/maven-project-2.2.1.jar (156 kB at 289 kB/s)
Downloading from artifactory-release: http://vps663090.ovh.net:8081/artifactory/libs-release/org/apache/maven/maven-artifact/2.2.1/maven-artifact-2.2.1.jar
Downloaded from artifactory-release: http://vps663090.ovh.net:8081/artifactory/libs-release/org/apache/maven/maven-plugin-registry/2.2.1/maven-plugin-registry-2.2.1.jar (30 kB at 59 kB/s)
Downloading from artifactory-release: http://vps663090.ovh.net:8081/artifactory/libs-release/org/codehaus/plexus/plexus-utils/3.0.15/plexus-utils-3.0.15.jar
Progress (3): 106/332 kB | 51 kB | 36/88 kBProgress (3): 110/332 kB | 51 kB | 36/88 kBProgress (3): 114/332 kB | 51 kB | 36/88 kBProgress (3): 118/332 kB | 51 kB | 36/88 kBProgress (3): 122/332 kB | 51 kB | 36/88 kBProgress (3): 126/332 kB | 51 kB | 36/88 kBProgress (3): 130/332 kB | 51 kB | 36/88 kBProgress (3): 130/332 kB | 51 kB | 40/88 kBProgress (3): 130/332 kB | 51 kB | 44/88 kBProgress (3): 130/332 kB | 51 kB | 48/88 kBProgress (3): 130/332 kB | 51 kB | 53/88 kBProgress (3): 130/332 kB | 51 kB | 57/88 kBProgress (3): 130/332 kB | 51 kB | 61/88 kBProgress (4): 130/332 kB | 51 kB | 61/88 kB | 4.1/239 kBProgress (4): 130/332 kB | 51 kB | 61/88 kB | 7.5/239 kBProgress (5): 130/332 kB | 51 kB | 61/88 kB | 7.5/239 kB | 4.1/80 kBProgress (5): 130/332 kB | 51 kB | 61/88 kB | 7.5/239 kB | 7.5/80 kBProgress (5): 130/332 kB | 51 kB | 61/88 kB | 7.5/239 kB | 12/80 kB Progress (5): 130/332 kB | 51 kB | 61/88 kB | 7.5/239 kB | 16/80 kBProgress (5): 130/332 kB | 51 kB | 61/88 kB | 7.5/239 kB | 20/80 kBProgress (5): 134/332 kB | 51 kB | 61/88 kB | 7.5/239 kB | 20/80 kBProgress (5): 139/332 kB | 51 kB | 61/88 kB | 7.5/239 kB | 20/80 kBProgress (5): 143/332 kB | 51 kB | 61/88 kB | 7.5/239 kB | 20/80 kBProgress (5): 147/332 kB | 51 kB | 61/88 kB | 7.5/239 kB | 20/80 kBProgress (5): 151/332 kB | 51 kB | 61/88 kB | 7.5/239 kB | 20/80 kBProgress (5): 155/332 kB | 51 kB | 61/88 kB | 7.5/239 kB | 20/80 kBProgress (5): 159/332 kB | 51 kB | 61/88 kB | 7.5/239 kB | 20/80 kBProgress (5): 163/332 kB | 51 kB | 61/88 kB | 7.5/239 kB | 20/80 kB                                                                   Downloaded from artifactory-release: http://vps663090.ovh.net:8081/artifactory/libs-release/org/codehaus/plexus/plexus-interpolation/1.11/plexus-interpolation-1.11.jar (51 kB at 91 kB/s)
Progress (4): 163/332 kB | 61/88 kB | 7.5/239 kB | 24/80 kBProgress (4): 163/332 kB | 61/88 kB | 7.5/239 kB | 28/80 kBProgress (4): 163/332 kB | 61/88 kB | 7.5/239 kB | 32/80 kBProgress (4): 163/332 kB | 65/88 kB | 7.5/239 kB | 32/80 kBProgress (4): 163/332 kB | 69/88 kB | 7.5/239 kB | 32/80 kBProgress (4): 163/332 kB | 73/88 kB | 7.5/239 kB | 32/80 kBProgress (4): 163/332 kB | 77/88 kB | 7.5/239 kB | 32/80 kBProgress (4): 163/332 kB | 81/88 kB | 7.5/239 kB | 32/80 kBProgress (4): 163/332 kB | 85/88 kB | 7.5/239 kB | 32/80 kBProgress (4): 163/332 kB | 88 kB | 7.5/239 kB | 32/80 kB   Progress (4): 163/332 kB | 88 kB | 12/239 kB | 32/80 kB Progress (4): 163/332 kB | 88 kB | 16/239 kB | 32/80 kBProgress (4): 163/332 kB | 88 kB | 20/239 kB | 32/80 kBProgress (4): 163/332 kB | 88 kB | 24/239 kB | 32/80 kBProgress (4): 163/332 kB | 88 kB | 28/239 kB | 32/80 kBProgress (4): 163/332 kB | 88 kB | 32/239 kB | 32/80 kBProgress (4): 163/332 kB | 88 kB | 36/239 kB | 32/80 kBProgress (4): 163/332 kB | 88 kB | 40/239 kB | 32/80 kBProgress (4): 167/332 kB | 88 kB | 40/239 kB | 32/80 kBProgress (4): 167/332 kB | 88 kB | 40/239 kB | 36/80 kBProgress (4): 167/332 kB | 88 kB | 40/239 kB | 40/80 kBProgress (4): 167/332 kB | 88 kB | 40/239 kB | 44/80 kBProgress (4): 167/332 kB | 88 kB | 40/239 kB | 48/80 kBProgress (4): 167/332 kB | 88 kB | 40/239 kB | 53/80 kBProgress (4): 167/332 kB | 88 kB | 40/239 kB | 57/80 kBProgress (4): 167/332 kB | 88 kB | 40/239 kB | 61/80 kBProgress (4): 167/332 kB | 88 kB | 40/239 kB | 65/80 kBProgress (4): 167/332 kB | 88 kB | 40/239 kB | 69/80 kBProgress (4): 167/332 kB | 88 kB | 40/239 kB | 73/80 kBProgress (4): 167/332 kB | 88 kB | 40/239 kB | 77/80 kBProgress (4): 167/332 kB | 88 kB | 40/239 kB | 80 kB   Progress (4): 171/332 kB | 88 kB | 40/239 kB | 80 kBProgress (4): 175/332 kB | 88 kB | 40/239 kB | 80 kBProgress (4): 180/332 kB | 88 kB | 40/239 kB | 80 kBProgress (4): 184/332 kB | 88 kB | 40/239 kB | 80 kBProgress (4): 188/332 kB | 88 kB | 40/239 kB | 80 kBProgress (4): 192/332 kB | 88 kB | 40/239 kB | 80 kBProgress (4): 196/332 kB | 88 kB | 40/239 kB | 80 kBProgress (4): 200/332 kB | 88 kB | 40/239 kB | 80 kBProgress (4): 204/332 kB | 88 kB | 40/239 kB | 80 kB                                                    Downloaded from artifactory-release: http://vps663090.ovh.net:8081/artifactory/libs-release/org/apache/maven/maven-model/2.2.1/maven-model-2.2.1.jar (88 kB at 142 kB/s)
Progress (3): 204/332 kB | 44/239 kB | 80 kBProgress (3): 204/332 kB | 48/239 kB | 80 kBProgress (3): 204/332 kB | 53/239 kB | 80 kBProgress (3): 208/332 kB | 53/239 kB | 80 kBProgress (3): 212/332 kB | 53/239 kB | 80 kBProgress (3): 216/332 kB | 53/239 kB | 80 kBProgress (3): 220/332 kB | 53/239 kB | 80 kBProgress (3): 225/332 kB | 53/239 kB | 80 kBProgress (3): 229/332 kB | 53/239 kB | 80 kBProgress (3): 233/332 kB | 53/239 kB | 80 kBProgress (3): 237/332 kB | 53/239 kB | 80 kBProgress (3): 241/332 kB | 53/239 kB | 80 kBProgress (3): 245/332 kB | 53/239 kB | 80 kBProgress (3): 249/332 kB | 53/239 kB | 80 kBProgress (3): 253/332 kB | 53/239 kB | 80 kBProgress (3): 257/332 kB | 53/239 kB | 80 kB                                            Downloaded from artifactory-release: http://vps663090.ovh.net:8081/artifactory/libs-release/org/apache/maven/maven-artifact/2.2.1/maven-artifact-2.2.1.jar (80 kB at 129 kB/s)
Progress (2): 257/332 kB | 57/239 kBProgress (2): 257/332 kB | 61/239 kBProgress (2): 257/332 kB | 65/239 kBProgress (2): 257/332 kB | 69/239 kBProgress (2): 257/332 kB | 73/239 kBProgress (2): 257/332 kB | 77/239 kBProgress (2): 257/332 kB | 81/239 kBProgress (2): 257/332 kB | 85/239 kBProgress (2): 257/332 kB | 89/239 kBProgress (2): 257/332 kB | 94/239 kBProgress (2): 257/332 kB | 98/239 kBProgress (2): 257/332 kB | 102/239 kBProgress (2): 257/332 kB | 106/239 kBProgress (2): 257/332 kB | 110/239 kBProgress (2): 257/332 kB | 114/239 kBProgress (2): 257/332 kB | 118/239 kBProgress (2): 257/332 kB | 122/239 kBProgress (2): 257/332 kB | 126/239 kBProgress (2): 257/332 kB | 130/239 kBProgress (2): 257/332 kB | 134/239 kBProgress (2): 257/332 kB | 139/239 kBProgress (2): 257/332 kB | 143/239 kBProgress (2): 257/332 kB | 147/239 kBProgress (2): 257/332 kB | 151/239 kBProgress (2): 257/332 kB | 155/239 kBProgress (2): 257/332 kB | 159/239 kBProgress (2): 261/332 kB | 159/239 kBProgress (2): 266/332 kB | 159/239 kBProgress (2): 270/332 kB | 159/239 kBProgress (2): 274/332 kB | 159/239 kBProgress (2): 278/332 kB | 159/239 kBProgress (2): 282/332 kB | 159/239 kBProgress (2): 282/332 kB | 163/239 kBProgress (2): 282/332 kB | 167/239 kBProgress (2): 282/332 kB | 171/239 kBProgress (2): 282/332 kB | 175/239 kBProgress (2): 282/332 kB | 180/239 kBProgress (2): 282/332 kB | 184/239 kBProgress (2): 282/332 kB | 188/239 kBProgress (2): 282/332 kB | 192/239 kBProgress (2): 282/332 kB | 196/239 kBProgress (2): 282/332 kB | 200/239 kBProgress (2): 282/332 kB | 204/239 kBProgress (2): 282/332 kB | 208/239 kBProgress (2): 282/332 kB | 212/239 kBProgress (2): 282/332 kB | 216/239 kBProgress (2): 282/332 kB | 221/239 kBProgress (2): 282/332 kB | 225/239 kBProgress (2): 286/332 kB | 225/239 kBProgress (2): 290/332 kB | 225/239 kBProgress (2): 294/332 kB | 225/239 kBProgress (2): 298/332 kB | 225/239 kBProgress (2): 302/332 kB | 225/239 kBProgress (2): 306/332 kB | 225/239 kBProgress (2): 311/332 kB | 225/239 kBProgress (2): 315/332 kB | 225/239 kBProgress (2): 319/332 kB | 225/239 kBProgress (2): 323/332 kB | 225/239 kBProgress (2): 327/332 kB | 225/239 kBProgress (2): 331/332 kB | 225/239 kBProgress (2): 332 kB | 225/239 kB    Progress (2): 332 kB | 229/239 kBProgress (2): 332 kB | 233/239 kBProgress (2): 332 kB | 237/239 kBProgress (2): 332 kB | 239 kB                                 Downloaded from artifactory-release: http://vps663090.ovh.net:8081/artifactory/libs-release/backport-util-concurrent/backport-util-concurrent/3.1/backport-util-concurrent-3.1.jar (332 kB at 484 kB/s)
Downloaded from artifactory-release: http://vps663090.ovh.net:8081/artifactory/libs-release/org/codehaus/plexus/plexus-utils/3.0.15/plexus-utils-3.0.15.jar (239 kB at 351 kB/s)
[main] INFO org.apache.maven.cli.event.ExecutionEventLogger - ------------------------------------------------------------------------
[main] INFO org.apache.maven.cli.event.ExecutionEventLogger - BUILD FAILURE
[main] INFO org.apache.maven.cli.event.ExecutionEventLogger - ------------------------------------------------------------------------
[main] INFO org.apache.maven.cli.event.ExecutionEventLogger - Total time:  39.378 s
[main] INFO org.apache.maven.cli.event.ExecutionEventLogger - Finished at: 2019-05-03T12:26:19Z
[main] INFO org.apache.maven.cli.event.ExecutionEventLogger - ------------------------------------------------------------------------
[main] ERROR org.apache.maven.cli.MavenCli - Failed to execute goal org.apache.maven.plugins:maven-deploy-plugin:2.8.2:deploy (default-deploy) on project teami-cli-admin: Deployment failed: repository element was not specified in the POM inside distributionManagement element or in -DaltDeploymentRepository=id::layout::url parameter -> [Help 1]
[main] ERROR org.apache.maven.cli.MavenCli - 
[main] ERROR org.apache.maven.cli.MavenCli - To see the full stack trace of the errors, re-run Maven with the -e switch.
[main] ERROR org.apache.maven.cli.MavenCli - Re-run Maven using the -X switch to enable full debug logging.
[main] ERROR org.apache.maven.cli.MavenCli - 
[main] ERROR org.apache.maven.cli.MavenCli - For more information about the errors and possible solutions, please read the following articles:
[main] ERROR org.apache.maven.cli.MavenCli - [Help 1] http://cwiki.apache.org/confluence/display/MAVEN/MojoExecutionException
Build step 'Invoke Artifactory Maven 3' changed build result to FAILURE
Build step 'Invoke Artifactory Maven 3' marked build as failure
Finished: FAILURE
