Started by GitHub push by KienanBachwa
Building in workspace /var/jenkins_home/workspace/teami-cli-student
using credential 97fbda0c-87a0-475d-b85b-e27c7e4a8d2a
 > git rev-parse --is-inside-work-tree # timeout=10
Fetching changes from the remote Git repository
 > git config remote.origin.url https://github.com/pns-isa-devops-1819/teami-cli-student.git # timeout=10
Fetching upstream changes from https://github.com/pns-isa-devops-1819/teami-cli-student.git
 > git --version # timeout=10
using GIT_ASKPASS to set credentials 
 > git fetch --tags --force --progress https://github.com/pns-isa-devops-1819/teami-cli-student.git +refs/heads/*:refs/remotes/origin/*
 > git rev-parse refs/remotes/origin/master^{commit} # timeout=10
 > git rev-parse refs/remotes/origin/origin/master^{commit} # timeout=10
Checking out Revision 3a9dd3e36f9b56be126cb382678ae86d605330d6 (refs/remotes/origin/master)
 > git config core.sparsecheckout # timeout=10
 > git checkout -f 3a9dd3e36f9b56be126cb382678ae86d605330d6
Commit message: "Added persistence to ceremony-manager Modified pom for sonarqube Removed all useless imports"
 > git rev-list --no-walk 91d058e53abb888b6437e690c7eb2536861d0ebd # timeout=10
Jenkins Artifactory Plugin version: 3.2.2
Artifactory integration is enabled
[teami-cli-student] $ /usr/lib/jvm/java-1.8-openjdk/bin/java -classpath /var/jenkins_home/tools/hudson.tasks.Maven_MavenInstallation/M3/boot/* -Dmaven.home=/var/jenkins_home/tools/hudson.tasks.Maven_MavenInstallation/M3 -Dmaven.conf=/var/jenkins_home/tools/hudson.tasks.Maven_MavenInstallation/M3/conf -DbuildInfoConfig.propertiesFile=/var/jenkins_home/workspace/teami-cli-student@tmp/artifactory/buildInfo8318383092460006907.properties -DbuildInfoConfig.artifactoryResolutionEnabled=true -Dm3plugin.lib=/var/jenkins_home/workspace/teami-cli-student/cache/artifactory-plugin/3.2.2 -Dclassworlds.conf=/var/jenkins_home/workspace/teami-cli-student/classworlds6902893955843403852conf -Dmaven.multiModuleProjectDirectory=/var/jenkins_home/workspace/teami-cli-student org.codehaus.plexus.classworlds.launcher.Launcher clean install
[main] INFO org.apache.maven.cli.event.ExecutionEventLogger - Scanning for projects...
[main] INFO org.jfrog.build.extractor.maven.BuildInfoRecorder - Initializing Artifactory Build-Info Recording
[main] INFO org.apache.maven.cli.event.ExecutionEventLogger - 
[main] INFO org.apache.maven.cli.event.ExecutionEventLogger - ------< fr.unice.polytech.si4.isa.devops.teami:teami-cli-student >------
[main] INFO org.apache.maven.cli.event.ExecutionEventLogger - Building teami-cli-student 1.0
[main] INFO org.apache.maven.cli.event.ExecutionEventLogger - --------------------------------[ jar ]---------------------------------
[main] INFO org.apache.maven.cli.event.ExecutionEventLogger - 
[main] INFO org.apache.maven.cli.event.ExecutionEventLogger - --- maven-clean-plugin:2.5:clean (default-clean) @ teami-cli-student ---
[main] INFO org.apache.maven.plugin.clean.CleanMojo - Deleting /var/jenkins_home/workspace/teami-cli-student/target
[main] INFO org.apache.maven.cli.event.ExecutionEventLogger - 
[main] INFO org.apache.maven.cli.event.ExecutionEventLogger - --- cxf-codegen-plugin:3.1.10:wsdl2java (generate-sources) @ teami-cli-student ---
[main] INFO org.apache.maven.cli.event.ExecutionEventLogger - 
[main] INFO org.apache.maven.cli.event.ExecutionEventLogger - --- maven-resources-plugin:2.6:resources (default-resources) @ teami-cli-student ---
[main] INFO org.apache.maven.shared.filtering.DefaultMavenResourcesFiltering - Using 'UTF-8' encoding to copy filtered resources.
[main] INFO org.apache.maven.shared.filtering.DefaultMavenResourcesFiltering - Copying 1 resource
[main] INFO org.apache.maven.cli.event.ExecutionEventLogger - 
[main] INFO org.apache.maven.cli.event.ExecutionEventLogger - --- maven-compiler-plugin:3.1:compile (default-compile) @ teami-cli-student ---
[main] INFO org.apache.maven.plugin.compiler.CompilerMojo - Changes detected - recompiling the module!
[main] INFO org.codehaus.plexus.compiler.javac.JavacCompiler - Compiling 20 source files to /var/jenkins_home/workspace/teami-cli-student/target/classes
[main] WARNING org.apache.maven.plugin.compiler.CompilerMojo - /var/jenkins_home/workspace/teami-cli-student/src/main/java/fr/unice/polytech/si4/isa/devops/teami/framework/Shell.java: /var/jenkins_home/workspace/teami-cli-student/src/main/java/fr/unice/polytech/si4/isa/devops/teami/framework/Shell.java uses unchecked or unsafe operations.
[main] WARNING org.apache.maven.plugin.compiler.CompilerMojo - /var/jenkins_home/workspace/teami-cli-student/src/main/java/fr/unice/polytech/si4/isa/devops/teami/framework/Shell.java: Recompile with -Xlint:unchecked for details.
[main] INFO org.apache.maven.cli.event.ExecutionEventLogger - 
[main] INFO org.apache.maven.cli.event.ExecutionEventLogger - --- maven-resources-plugin:2.6:testResources (default-testResources) @ teami-cli-student ---
[main] INFO org.apache.maven.shared.filtering.DefaultMavenResourcesFiltering - Using 'UTF-8' encoding to copy filtered resources.
[main] INFO org.apache.maven.shared.filtering.DefaultMavenResourcesFiltering - skip non existing resourceDirectory /var/jenkins_home/workspace/teami-cli-student/src/test/resources
[main] INFO org.apache.maven.cli.event.ExecutionEventLogger - 
[main] INFO org.apache.maven.cli.event.ExecutionEventLogger - --- maven-compiler-plugin:3.1:testCompile (default-testCompile) @ teami-cli-student ---
[main] INFO org.apache.maven.plugin.compiler.TestCompilerMojo - Changes detected - recompiling the module!
[main] INFO org.codehaus.plexus.compiler.javac.JavacCompiler - Compiling 1 source file to /var/jenkins_home/workspace/teami-cli-student/target/test-classes
[main] INFO org.apache.maven.cli.event.ExecutionEventLogger - 
[main] INFO org.apache.maven.cli.event.ExecutionEventLogger - --- maven-surefire-plugin:2.12.4:test (default-test) @ teami-cli-student ---
[main] INFO org.apache.maven.plugin.surefire.SurefirePlugin - Surefire report directory: /var/jenkins_home/workspace/teami-cli-student/target/surefire-reports

-------------------------------------------------------
 T E S T S
-------------------------------------------------------
OpenJDK 64-Bit Server VM warning: INFO: os::commit_memory(0x00000000c3a00000, 21626880, 0) failed; error='Out of memory' (errno=12)
#
# There is insufficient memory for the Java Runtime Environment to continue.
# Native memory allocation (mmap) failed to map 21626880 bytes for committing reserved memory.
# An error report file with more information is saved as:
# /var/jenkins_home/workspace/teami-cli-student/hs_err_pid7828.log

Results :

Tests run: 0, Failures: 0, Errors: 0, Skipped: 0

[main] INFO org.apache.maven.cli.event.ExecutionEventLogger - ------------------------------------------------------------------------
[main] INFO org.apache.maven.cli.event.ExecutionEventLogger - BUILD FAILURE
[main] INFO org.apache.maven.cli.event.ExecutionEventLogger - ------------------------------------------------------------------------
[main] INFO org.apache.maven.cli.event.ExecutionEventLogger - Total time:  50.299 s
[main] INFO org.apache.maven.cli.event.ExecutionEventLogger - Finished at: 2019-04-12T15:45:20Z
[main] INFO org.apache.maven.cli.event.ExecutionEventLogger - ------------------------------------------------------------------------
[main] ERROR org.apache.maven.cli.MavenCli - Failed to execute goal org.apache.maven.plugins:maven-surefire-plugin:2.12.4:test (default-test) on project teami-cli-student: Execution default-test of goal org.apache.maven.plugins:maven-surefire-plugin:2.12.4:test failed: The forked VM terminated without saying properly goodbye. VM crash or System.exit called ? -> [Help 1]
[main] ERROR org.apache.maven.cli.MavenCli - 
[main] ERROR org.apache.maven.cli.MavenCli - To see the full stack trace of the errors, re-run Maven with the -e switch.
[main] ERROR org.apache.maven.cli.MavenCli - Re-run Maven using the -X switch to enable full debug logging.
[main] ERROR org.apache.maven.cli.MavenCli - 
[main] ERROR org.apache.maven.cli.MavenCli - For more information about the errors and possible solutions, please read the following articles:
[main] ERROR org.apache.maven.cli.MavenCli - [Help 1] http://cwiki.apache.org/confluence/display/MAVEN/PluginExecutionException
Build step 'Invoke Artifactory Maven 3' changed build result to FAILURE
Build step 'Invoke Artifactory Maven 3' marked build as failure
Finished: FAILURE
