Started by GitHub push by KienanBachwa
Building in workspace /var/jenkins_home/workspace/teami-notification
using credential 97fbda0c-87a0-475d-b85b-e27c7e4a8d2a
 > git rev-parse --is-inside-work-tree # timeout=10
Fetching changes from the remote Git repository
 > git config remote.origin.url https://github.com/pns-isa-devops-1819/teami-notification.git # timeout=10
Fetching upstream changes from https://github.com/pns-isa-devops-1819/teami-notification.git
 > git --version # timeout=10
using GIT_ASKPASS to set credentials 
 > git fetch --tags --force --progress https://github.com/pns-isa-devops-1819/teami-notification.git +refs/heads/*:refs/remotes/origin/*
 > git rev-parse refs/remotes/origin/master^{commit} # timeout=10
 > git rev-parse refs/remotes/origin/origin/master^{commit} # timeout=10
Checking out Revision 4d36de7e34e6bd895e2c319ea0af5594e0f7c22d (refs/remotes/origin/master)
 > git config core.sparsecheckout # timeout=10
 > git checkout -f 4d36de7e34e6bd895e2c319ea0af5594e0f7c22d
Commit message: "Added persistence to ceremony-manager Modified pom for sonarqube Removed all useless imports"
 > git rev-list --no-walk 1c5b1ecfcc2c4c0f8c3fa428953b70b8a5b0577b # timeout=10
Jenkins Artifactory Plugin version: 3.2.2
Artifactory integration is enabled
[teami-notification] $ /usr/lib/jvm/java-1.8-openjdk/bin/java -classpath /var/jenkins_home/tools/hudson.tasks.Maven_MavenInstallation/M3/boot/* -Dmaven.home=/var/jenkins_home/tools/hudson.tasks.Maven_MavenInstallation/M3 -Dmaven.conf=/var/jenkins_home/tools/hudson.tasks.Maven_MavenInstallation/M3/conf -DbuildInfoConfig.propertiesFile=/var/jenkins_home/workspace/teami-notification@tmp/artifactory/buildInfo3753666858818069355.properties -DbuildInfoConfig.artifactoryResolutionEnabled=true -Dm3plugin.lib=/var/jenkins_home/workspace/teami-notification/cache/artifactory-plugin/3.2.2 -Dclassworlds.conf=/var/jenkins_home/workspace/teami-notification/classworlds5402653461356402424conf -Dmaven.multiModuleProjectDirectory=/var/jenkins_home/workspace/teami-notification org.codehaus.plexus.classworlds.launcher.Launcher clean install deploy
[main] INFO org.apache.maven.cli.event.ExecutionEventLogger - Scanning for projects...
[main] INFO org.jfrog.build.extractor.maven.BuildInfoRecorder - Initializing Artifactory Build-Info Recording
[main] INFO org.apache.maven.cli.event.ExecutionEventLogger - 
[main] INFO org.apache.maven.cli.event.ExecutionEventLogger - -----< fr.unice.polytech.si4.isa.devops.teami:teami-notification >------
[main] INFO org.apache.maven.cli.event.ExecutionEventLogger - Building teami-notification 1.1
[main] INFO org.apache.maven.cli.event.ExecutionEventLogger - --------------------------------[ jar ]---------------------------------
Downloading from central: http://vps663090.ovh.net:8081/artifactory/libs-release/org/jacoco/jacoco-maven-plugin/0.8.2/jacoco-maven-plugin-0.8.2.pom
Progress (1): 4.1/4.9 kBProgress (1): 4.9 kB                        Downloaded from central: http://vps663090.ovh.net:8081/artifactory/libs-release/org/jacoco/jacoco-maven-plugin/0.8.2/jacoco-maven-plugin-0.8.2.pom (4.9 kB at 7.0 kB/s)
Downloading from artifactory-release: http://vps663090.ovh.net:8081/artifactory/libs-release/org/jacoco/org.jacoco.build/0.8.2/org.jacoco.build-0.8.2.pom
Progress (1): 4.1/40 kBProgress (1): 7.5/40 kBProgress (1): 12/40 kB Progress (1): 16/40 kBProgress (1): 20/40 kBProgress (1): 24/40 kBProgress (1): 28/40 kBProgress (1): 32/40 kBProgress (1): 36/40 kBProgress (1): 40 kB                      Downloaded from artifactory-release: http://vps663090.ovh.net:8081/artifactory/libs-release/org/jacoco/org.jacoco.build/0.8.2/org.jacoco.build-0.8.2.pom (40 kB at 460 kB/s)
Downloading from artifactory-release: http://vps663090.ovh.net:8081/artifactory/libs-release/org/jacoco/jacoco-maven-plugin/0.8.2/jacoco-maven-plugin-0.8.2.jar
Progress (1): 4.1/54 kBProgress (1): 7.5/54 kBProgress (1): 12/54 kB Progress (1): 16/54 kBProgress (1): 20/54 kBProgress (1): 24/54 kBProgress (1): 28/54 kBProgress (1): 32/54 kBProgress (1): 36/54 kBProgress (1): 40/54 kBProgress (1): 44/54 kBProgress (1): 48/54 kBProgress (1): 53/54 kBProgress (1): 54 kB                      Downloaded from artifactory-release: http://vps663090.ovh.net:8081/artifactory/libs-release/org/jacoco/jacoco-maven-plugin/0.8.2/jacoco-maven-plugin-0.8.2.jar (54 kB at 522 kB/s)
Downloading from artifactory-release: http://vps663090.ovh.net:8081/artifactory/libs-release/org/jacoco/jacoco-maven-plugin/0.8.2/jacoco-maven-plugin-0.8.2.pom
Downloaded from artifactory-release: http://vps663090.ovh.net:8081/artifactory/libs-release/org/jacoco/jacoco-maven-plugin/0.8.2/jacoco-maven-plugin-0.8.2.pom (0 B at 0 B/s)
[main] INFO org.apache.maven.cli.event.ExecutionEventLogger - 
[main] INFO org.apache.maven.cli.event.ExecutionEventLogger - --- maven-clean-plugin:3.1.0:clean (default-clean) @ teami-notification ---
[main] INFO org.apache.maven.plugins.clean.CleanMojo - Deleting /var/jenkins_home/workspace/teami-notification/target
[main] INFO org.apache.maven.cli.event.ExecutionEventLogger - 
[main] INFO org.apache.maven.cli.event.ExecutionEventLogger - --- jacoco-maven-plugin:0.8.2:prepare-agent (agent-for-ut) @ teami-notification ---
Downloading from artifactory-release: http://vps663090.ovh.net:8081/artifactory/libs-release/junit/junit/4.8.2/junit-4.8.2.pom
Progress (1): 1.5 kB                    Downloaded from artifactory-release: http://vps663090.ovh.net:8081/artifactory/libs-release/junit/junit/4.8.2/junit-4.8.2.pom (1.5 kB at 8.0 kB/s)
Downloading from artifactory-release: http://vps663090.ovh.net:8081/artifactory/libs-release/org/apache/maven/shared/file-management/1.2.1/file-management-1.2.1.pom
Progress (1): 3.9 kB                    Downloaded from artifactory-release: http://vps663090.ovh.net:8081/artifactory/libs-release/org/apache/maven/shared/file-management/1.2.1/file-management-1.2.1.pom (3.9 kB at 13 kB/s)
Downloading from artifactory-release: http://vps663090.ovh.net:8081/artifactory/libs-release/org/apache/maven/shared/maven-shared-components/10/maven-shared-components-10.pom
Progress (1): 4.1/8.4 kBProgress (1): 7.5/8.4 kBProgress (1): 8.4 kB                        Downloaded from artifactory-release: http://vps663090.ovh.net:8081/artifactory/libs-release/org/apache/maven/shared/maven-shared-components/10/maven-shared-components-10.pom (8.4 kB at 94 kB/s)
Downloading from artifactory-release: http://vps663090.ovh.net:8081/artifactory/libs-release/org/apache/maven/maven-parent/9/maven-parent-9.pom
Progress (1): 4.1/33 kBProgress (1): 7.5/33 kBProgress (1): 12/33 kB Progress (1): 16/33 kBProgress (1): 20/33 kBProgress (1): 24/33 kBProgress (1): 28/33 kBProgress (1): 32/33 kBProgress (1): 33 kB                      Downloaded from artifactory-release: http://vps663090.ovh.net:8081/artifactory/libs-release/org/apache/maven/maven-parent/9/maven-parent-9.pom (33 kB at 217 kB/s)
Downloading from artifactory-release: http://vps663090.ovh.net:8081/artifactory/libs-release/org/apache/maven/maven-plugin-api/2.0.6/maven-plugin-api-2.0.6.pom
Progress (1): 1.5 kB                    Downloaded from artifactory-release: http://vps663090.ovh.net:8081/artifactory/libs-release/org/apache/maven/maven-plugin-api/2.0.6/maven-plugin-api-2.0.6.pom (1.5 kB at 11 kB/s)
Downloading from artifactory-release: http://vps663090.ovh.net:8081/artifactory/libs-release/org/apache/maven/maven/2.0.6/maven-2.0.6.pom
Progress (1): 4.1/9.0 kBProgress (1): 7.5/9.0 kBProgress (1): 9.0 kB                        Downloaded from artifactory-release: http://vps663090.ovh.net:8081/artifactory/libs-release/org/apache/maven/maven/2.0.6/maven-2.0.6.pom (9.0 kB at 119 kB/s)
Downloading from artifactory-release: http://vps663090.ovh.net:8081/artifactory/libs-release/org/apache/maven/maven-parent/5/maven-parent-5.pom
Progress (1): 4.1/15 kBProgress (1): 7.5/15 kBProgress (1): 12/15 kB Progress (1): 15 kB                      Downloaded from artifactory-release: http://vps663090.ovh.net:8081/artifactory/libs-release/org/apache/maven/maven-parent/5/maven-parent-5.pom (15 kB at 311 kB/s)
Downloading from artifactory-release: http://vps663090.ovh.net:8081/artifactory/libs-release/org/apache/maven/shared/maven-shared-io/1.1/maven-shared-io-1.1.pom
Progress (1): 4.1 kB                    Downloaded from artifactory-release: http://vps663090.ovh.net:8081/artifactory/libs-release/org/apache/maven/shared/maven-shared-io/1.1/maven-shared-io-1.1.pom (4.1 kB at 24 kB/s)
Downloading from artifactory-release: http://vps663090.ovh.net:8081/artifactory/libs-release/org/apache/maven/shared/maven-shared-components/8/maven-shared-components-8.pom
Progress (1): 2.7 kB                    Downloaded from artifactory-release: http://vps663090.ovh.net:8081/artifactory/libs-release/org/apache/maven/shared/maven-shared-components/8/maven-shared-components-8.pom (2.7 kB at 64 kB/s)
Downloading from artifactory-release: http://vps663090.ovh.net:8081/artifactory/libs-release/org/apache/maven/maven-parent/7/maven-parent-7.pom
Progress (1): 4.1/21 kBProgress (1): 7.5/21 kBProgress (1): 12/21 kB Progress (1): 16/21 kBProgress (1): 20/21 kBProgress (1): 21 kB                      Downloaded from artifactory-release: http://vps663090.ovh.net:8081/artifactory/libs-release/org/apache/maven/maven-parent/7/maven-parent-7.pom (21 kB at 123 kB/s)
Downloading from artifactory-release: http://vps663090.ovh.net:8081/artifactory/libs-release/org/apache/maven/maven-artifact/2.0.2/maven-artifact-2.0.2.pom
Progress (1): 765 B                   Downloaded from artifactory-release: http://vps663090.ovh.net:8081/artifactory/libs-release/org/apache/maven/maven-artifact/2.0.2/maven-artifact-2.0.2.pom (765 B at 8.3 kB/s)
Downloading from artifactory-release: http://vps663090.ovh.net:8081/artifactory/libs-release/org/apache/maven/maven/2.0.2/maven-2.0.2.pom
Progress (1): 4.1/13 kBProgress (1): 7.5/13 kBProgress (1): 12/13 kB Progress (1): 13 kB                      Downloaded from artifactory-release: http://vps663090.ovh.net:8081/artifactory/libs-release/org/apache/maven/maven/2.0.2/maven-2.0.2.pom (13 kB at 254 kB/s)
Downloading from artifactory-release: http://vps663090.ovh.net:8081/artifactory/libs-release/org/codehaus/plexus/plexus-utils/1.1/plexus-utils-1.1.pom
Progress (1): 767 B                   Downloaded from artifactory-release: http://vps663090.ovh.net:8081/artifactory/libs-release/org/codehaus/plexus/plexus-utils/1.1/plexus-utils-1.1.pom (767 B at 16 kB/s)
Downloading from artifactory-release: http://vps663090.ovh.net:8081/artifactory/libs-release/org/apache/maven/maven-artifact-manager/2.0.2/maven-artifact-manager-2.0.2.pom
Progress (1): 1.4 kB                    Downloaded from artifactory-release: http://vps663090.ovh.net:8081/artifactory/libs-release/org/apache/maven/maven-artifact-manager/2.0.2/maven-artifact-manager-2.0.2.pom (1.4 kB at 27 kB/s)
Downloading from artifactory-release: http://vps663090.ovh.net:8081/artifactory/libs-release/org/apache/maven/maven-repository-metadata/2.0.2/maven-repository-metadata-2.0.2.pom
Progress (1): 1.3 kB                    Downloaded from artifactory-release: http://vps663090.ovh.net:8081/artifactory/libs-release/org/apache/maven/maven-repository-metadata/2.0.2/maven-repository-metadata-2.0.2.pom (1.3 kB at 23 kB/s)
Downloading from artifactory-release: http://vps663090.ovh.net:8081/artifactory/libs-release/org/codehaus/plexus/plexus-container-default/1.0-alpha-9/plexus-container-default-1.0-alpha-9.pom
Progress (1): 1.2 kB                    Downloaded from artifactory-release: http://vps663090.ovh.net:8081/artifactory/libs-release/org/codehaus/plexus/plexus-container-default/1.0-alpha-9/plexus-container-default-1.0-alpha-9.pom (1.2 kB at 7.3 kB/s)
Downloading from artifactory-release: http://vps663090.ovh.net:8081/artifactory/libs-release/org/apache/maven/wagon/wagon-provider-api/1.0-alpha-6/wagon-provider-api-1.0-alpha-6.pom
Progress (1): 588 B                   Downloaded from artifactory-release: http://vps663090.ovh.net:8081/artifactory/libs-release/org/apache/maven/wagon/wagon-provider-api/1.0-alpha-6/wagon-provider-api-1.0-alpha-6.pom (588 B at 15 kB/s)
Downloading from artifactory-release: http://vps663090.ovh.net:8081/artifactory/libs-release/org/apache/maven/wagon/wagon/1.0-alpha-6/wagon-1.0-alpha-6.pom
Progress (1): 4.1/6.4 kBProgress (1): 6.4 kB                        Downloaded from artifactory-release: http://vps663090.ovh.net:8081/artifactory/libs-release/org/apache/maven/wagon/wagon/1.0-alpha-6/wagon-1.0-alpha-6.pom (6.4 kB at 114 kB/s)
Downloading from artifactory-release: http://vps663090.ovh.net:8081/artifactory/libs-release/org/codehaus/plexus/plexus-utils/1.4.6/plexus-utils-1.4.6.pom
Progress (1): 2.3 kB                    Downloaded from artifactory-release: http://vps663090.ovh.net:8081/artifactory/libs-release/org/codehaus/plexus/plexus-utils/1.4.6/plexus-utils-1.4.6.pom (2.3 kB at 69 kB/s)
Downloading from artifactory-release: http://vps663090.ovh.net:8081/artifactory/libs-release/org/codehaus/plexus/plexus-utils/1.5.6/plexus-utils-1.5.6.pom
Progress (1): 4.1/5.3 kBProgress (1): 5.3 kB                        Downloaded from artifactory-release: http://vps663090.ovh.net:8081/artifactory/libs-release/org/codehaus/plexus/plexus-utils/1.5.6/plexus-utils-1.5.6.pom (5.3 kB at 50 kB/s)
Downloading from artifactory-release: http://vps663090.ovh.net:8081/artifactory/libs-release/org/codehaus/plexus/plexus/1.0.12/plexus-1.0.12.pom
Progress (1): 4.1/9.3 kBProgress (1): 7.5/9.3 kBProgress (1): 9.3 kB                        Downloaded from artifactory-release: http://vps663090.ovh.net:8081/artifactory/libs-release/org/codehaus/plexus/plexus/1.0.12/plexus-1.0.12.pom (9.3 kB at 105 kB/s)
Downloading from artifactory-release: http://vps663090.ovh.net:8081/artifactory/libs-release/org/apache/maven/reporting/maven-reporting-api/2.2.1/maven-reporting-api-2.2.1.pom
Progress (1): 1.9 kB                    Downloaded from artifactory-release: http://vps663090.ovh.net:8081/artifactory/libs-release/org/apache/maven/reporting/maven-reporting-api/2.2.1/maven-reporting-api-2.2.1.pom (1.9 kB at 32 kB/s)
Downloading from artifactory-release: http://vps663090.ovh.net:8081/artifactory/libs-release/org/apache/maven/reporting/maven-reporting/2.2.1/maven-reporting-2.2.1.pom
Progress (1): 1.4 kB                    Downloaded from artifactory-release: http://vps663090.ovh.net:8081/artifactory/libs-release/org/apache/maven/reporting/maven-reporting/2.2.1/maven-reporting-2.2.1.pom (1.4 kB at 17 kB/s)
Downloading from artifactory-release: http://vps663090.ovh.net:8081/artifactory/libs-release/org/apache/maven/doxia/doxia-sink-api/1.1/doxia-sink-api-1.1.pom
Progress (1): 2.0 kB                    Downloaded from artifactory-release: http://vps663090.ovh.net:8081/artifactory/libs-release/org/apache/maven/doxia/doxia-sink-api/1.1/doxia-sink-api-1.1.pom (2.0 kB at 28 kB/s)
Downloading from artifactory-release: http://vps663090.ovh.net:8081/artifactory/libs-release/org/apache/maven/doxia/doxia/1.1/doxia-1.1.pom
Progress (1): 4.1/15 kBProgress (1): 7.5/15 kBProgress (1): 12/15 kB Progress (1): 15 kB                      Downloaded from artifactory-release: http://vps663090.ovh.net:8081/artifactory/libs-release/org/apache/maven/doxia/doxia/1.1/doxia-1.1.pom (15 kB at 112 kB/s)
Downloading from artifactory-release: http://vps663090.ovh.net:8081/artifactory/libs-release/org/apache/maven/doxia/doxia-logging-api/1.1/doxia-logging-api-1.1.pom
Progress (1): 1.6 kB                    Downloaded from artifactory-release: http://vps663090.ovh.net:8081/artifactory/libs-release/org/apache/maven/doxia/doxia-logging-api/1.1/doxia-logging-api-1.1.pom (1.6 kB at 46 kB/s)
Downloading from artifactory-release: http://vps663090.ovh.net:8081/artifactory/libs-release/org/codehaus/plexus/plexus-container-default/1.0-alpha-30/plexus-container-default-1.0-alpha-30.pom
Progress (1): 3.5 kB                    Downloaded from artifactory-release: http://vps663090.ovh.net:8081/artifactory/libs-release/org/codehaus/plexus/plexus-container-default/1.0-alpha-30/plexus-container-default-1.0-alpha-30.pom (3.5 kB at 83 kB/s)
Downloading from artifactory-release: http://vps663090.ovh.net:8081/artifactory/libs-release/org/codehaus/plexus/plexus-containers/1.0-alpha-30/plexus-containers-1.0-alpha-30.pom
Progress (1): 1.9 kB                    Downloaded from artifactory-release: http://vps663090.ovh.net:8081/artifactory/libs-release/org/codehaus/plexus/plexus-containers/1.0-alpha-30/plexus-containers-1.0-alpha-30.pom (1.9 kB at 22 kB/s)
Downloading from artifactory-release: http://vps663090.ovh.net:8081/artifactory/libs-release/org/codehaus/plexus/plexus-utils/1.4.5/plexus-utils-1.4.5.pom
Progress (1): 2.3 kB                    Downloaded from artifactory-release: http://vps663090.ovh.net:8081/artifactory/libs-release/org/codehaus/plexus/plexus-utils/1.4.5/plexus-utils-1.4.5.pom (2.3 kB at 28 kB/s)
Downloading from artifactory-release: http://vps663090.ovh.net:8081/artifactory/libs-release/org/codehaus/plexus/plexus-classworlds/1.2-alpha-9/plexus-classworlds-1.2-alpha-9.pom
Progress (1): 3.2 kB                    Downloaded from artifactory-release: http://vps663090.ovh.net:8081/artifactory/libs-release/org/codehaus/plexus/plexus-classworlds/1.2-alpha-9/plexus-classworlds-1.2-alpha-9.pom (3.2 kB at 47 kB/s)
Downloading from artifactory-release: http://vps663090.ovh.net:8081/artifactory/libs-release/org/codehaus/plexus/plexus/1.0.10/plexus-1.0.10.pom
Progress (1): 4.1/8.0 kBProgress (1): 7.5/8.0 kBProgress (1): 8.0 kB                        Downloaded from artifactory-release: http://vps663090.ovh.net:8081/artifactory/libs-release/org/codehaus/plexus/plexus/1.0.10/plexus-1.0.10.pom (8.0 kB at 250 kB/s)
Downloading from artifactory-release: http://vps663090.ovh.net:8081/artifactory/libs-release/org/apache/maven/reporting/maven-reporting-impl/2.1/maven-reporting-impl-2.1.pom
Progress (1): 4.1/4.5 kBProgress (1): 4.5 kB                        Downloaded from artifactory-release: http://vps663090.ovh.net:8081/artifactory/libs-release/org/apache/maven/reporting/maven-reporting-impl/2.1/maven-reporting-impl-2.1.pom (4.5 kB at 181 kB/s)
Downloading from artifactory-release: http://vps663090.ovh.net:8081/artifactory/libs-release/org/apache/maven/doxia/doxia-sink-api/1.0/doxia-sink-api-1.0.pom
Progress (1): 1.4 kB                    Downloaded from artifactory-release: http://vps663090.ovh.net:8081/artifactory/libs-release/org/apache/maven/doxia/doxia-sink-api/1.0/doxia-sink-api-1.0.pom (1.4 kB at 39 kB/s)
Downloading from artifactory-release: http://vps663090.ovh.net:8081/artifactory/libs-release/org/apache/maven/doxia/doxia/1.0/doxia-1.0.pom
Progress (1): 4.1/9.6 kBProgress (1): 7.5/9.6 kBProgress (1): 9.6 kB                        Downloaded from artifactory-release: http://vps663090.ovh.net:8081/artifactory/libs-release/org/apache/maven/doxia/doxia/1.0/doxia-1.0.pom (9.6 kB at 185 kB/s)
Downloading from artifactory-release: http://vps663090.ovh.net:8081/artifactory/libs-release/org/apache/maven/maven-parent/10/maven-parent-10.pom
Progress (1): 4.1/32 kBProgress (1): 7.5/32 kBProgress (1): 12/32 kB Progress (1): 16/32 kBProgress (1): 20/32 kBProgress (1): 24/32 kBProgress (1): 28/32 kBProgress (1): 32 kB                      Downloaded from artifactory-release: http://vps663090.ovh.net:8081/artifactory/libs-release/org/apache/maven/maven-parent/10/maven-parent-10.pom (32 kB at 428 kB/s)
Downloading from artifactory-release: http://vps663090.ovh.net:8081/artifactory/libs-release/org/apache/maven/maven-project/2.0.10/maven-project-2.0.10.pom
Progress (1): 2.8 kB                    Downloaded from artifactory-release: http://vps663090.ovh.net:8081/artifactory/libs-release/org/apache/maven/maven-project/2.0.10/maven-project-2.0.10.pom (2.8 kB at 48 kB/s)
Downloading from artifactory-release: http://vps663090.ovh.net:8081/artifactory/libs-release/org/apache/maven/maven/2.0.10/maven-2.0.10.pom
Progress (1): 4.1/24 kBProgress (1): 7.5/24 kBProgress (1): 12/24 kB Progress (1): 16/24 kBProgress (1): 20/24 kBProgress (1): 24/24 kBProgress (1): 24 kB                      Downloaded from artifactory-release: http://vps663090.ovh.net:8081/artifactory/libs-release/org/apache/maven/maven/2.0.10/maven-2.0.10.pom (24 kB at 289 kB/s)
Downloading from artifactory-release: http://vps663090.ovh.net:8081/artifactory/libs-release/org/apache/maven/maven-settings/2.0.10/maven-settings-2.0.10.pom
Progress (1): 2.2 kB                    Downloaded from artifactory-release: http://vps663090.ovh.net:8081/artifactory/libs-release/org/apache/maven/maven-settings/2.0.10/maven-settings-2.0.10.pom (2.2 kB at 17 kB/s)
Downloading from artifactory-release: http://vps663090.ovh.net:8081/artifactory/libs-release/org/apache/maven/maven-model/2.0.10/maven-model-2.0.10.pom
Progress (1): 3.3 kB                    Downloaded from artifactory-release: http://vps663090.ovh.net:8081/artifactory/libs-release/org/apache/maven/maven-model/2.0.10/maven-model-2.0.10.pom (3.3 kB at 71 kB/s)
Downloading from artifactory-release: http://vps663090.ovh.net:8081/artifactory/libs-release/org/codehaus/plexus/plexus-interpolation/1.1/plexus-interpolation-1.1.pom
Progress (1): 1.4 kB                    Downloaded from artifactory-release: http://vps663090.ovh.net:8081/artifactory/libs-release/org/codehaus/plexus/plexus-interpolation/1.1/plexus-interpolation-1.1.pom (1.4 kB at 35 kB/s)
Downloading from artifactory-release: http://vps663090.ovh.net:8081/artifactory/libs-release/org/apache/maven/maven-profile/2.0.10/maven-profile-2.0.10.pom
Progress (1): 2.1 kB                    Downloaded from artifactory-release: http://vps663090.ovh.net:8081/artifactory/libs-release/org/apache/maven/maven-profile/2.0.10/maven-profile-2.0.10.pom (2.1 kB at 70 kB/s)
Downloading from artifactory-release: http://vps663090.ovh.net:8081/artifactory/libs-release/org/apache/maven/maven-artifact-manager/2.0.10/maven-artifact-manager-2.0.10.pom
Progress (1): 2.7 kB                    Downloaded from artifactory-release: http://vps663090.ovh.net:8081/artifactory/libs-release/org/apache/maven/maven-artifact-manager/2.0.10/maven-artifact-manager-2.0.10.pom (2.7 kB at 129 kB/s)
Downloading from artifactory-release: http://vps663090.ovh.net:8081/artifactory/libs-release/org/apache/maven/maven-repository-metadata/2.0.10/maven-repository-metadata-2.0.10.pom
Progress (1): 2.3 kB                    Downloaded from artifactory-release: http://vps663090.ovh.net:8081/artifactory/libs-release/org/apache/maven/maven-repository-metadata/2.0.10/maven-repository-metadata-2.0.10.pom (2.3 kB at 105 kB/s)
Downloading from artifactory-release: http://vps663090.ovh.net:8081/artifactory/libs-release/org/apache/maven/maven-artifact/2.0.10/maven-artifact-2.0.10.pom
Progress (1): 1.6 kB                    Downloaded from artifactory-release: http://vps663090.ovh.net:8081/artifactory/libs-release/org/apache/maven/maven-artifact/2.0.10/maven-artifact-2.0.10.pom (1.6 kB at 65 kB/s)
Downloading from artifactory-release: http://vps663090.ovh.net:8081/artifactory/libs-release/org/apache/maven/maven-plugin-registry/2.0.10/maven-plugin-registry-2.0.10.pom
Progress (1): 2.0 kB                    Downloaded from artifactory-release: http://vps663090.ovh.net:8081/artifactory/libs-release/org/apache/maven/maven-plugin-registry/2.0.10/maven-plugin-registry-2.0.10.pom (2.0 kB at 69 kB/s)
Downloading from artifactory-release: http://vps663090.ovh.net:8081/artifactory/libs-release/org/apache/maven/maven-plugin-api/2.0.10/maven-plugin-api-2.0.10.pom
Progress (1): 1.5 kB                    Downloaded from artifactory-release: http://vps663090.ovh.net:8081/artifactory/libs-release/org/apache/maven/maven-plugin-api/2.0.10/maven-plugin-api-2.0.10.pom (1.5 kB at 52 kB/s)
Downloading from artifactory-release: http://vps663090.ovh.net:8081/artifactory/libs-release/org/apache/maven/doxia/doxia-sink-api/1.1.2/doxia-sink-api-1.1.2.pom
Progress (1): 1.6 kB                    Downloaded from artifactory-release: http://vps663090.ovh.net:8081/artifactory/libs-release/org/apache/maven/doxia/doxia-sink-api/1.1.2/doxia-sink-api-1.1.2.pom (1.6 kB at 54 kB/s)
Downloading from artifactory-release: http://vps663090.ovh.net:8081/artifactory/libs-release/org/apache/maven/doxia/doxia/1.1.2/doxia-1.1.2.pom
Progress (1): 4.1/18 kBProgress (1): 7.5/18 kBProgress (1): 12/18 kB Progress (1): 16/18 kBProgress (1): 18 kB                      Downloaded from artifactory-release: http://vps663090.ovh.net:8081/artifactory/libs-release/org/apache/maven/doxia/doxia/1.1.2/doxia-1.1.2.pom (18 kB at 432 kB/s)
Downloading from artifactory-release: http://vps663090.ovh.net:8081/artifactory/libs-release/org/apache/maven/doxia/doxia-logging-api/1.1.2/doxia-logging-api-1.1.2.pom
Progress (1): 1.6 kB                    Downloaded from artifactory-release: http://vps663090.ovh.net:8081/artifactory/libs-release/org/apache/maven/doxia/doxia-logging-api/1.1.2/doxia-logging-api-1.1.2.pom (1.6 kB at 41 kB/s)
Downloading from artifactory-release: http://vps663090.ovh.net:8081/artifactory/libs-release/org/apache/maven/doxia/doxia-core/1.1.2/doxia-core-1.1.2.pom
Progress (1): 3.7 kB                    Downloaded from artifactory-release: http://vps663090.ovh.net:8081/artifactory/libs-release/org/apache/maven/doxia/doxia-core/1.1.2/doxia-core-1.1.2.pom (3.7 kB at 40 kB/s)
Downloading from artifactory-release: http://vps663090.ovh.net:8081/artifactory/libs-release/org/codehaus/plexus/plexus-utils/1.5.12/plexus-utils-1.5.12.pom
Progress (1): 4.1/5.6 kBProgress (1): 5.6 kB                        Downloaded from artifactory-release: http://vps663090.ovh.net:8081/artifactory/libs-release/org/codehaus/plexus/plexus-utils/1.5.12/plexus-utils-1.5.12.pom (5.6 kB at 144 kB/s)
Downloading from artifactory-release: http://vps663090.ovh.net:8081/artifactory/libs-release/xerces/xercesImpl/2.8.1/xercesImpl-2.8.1.pom
Progress (1): 2.2 kB                    Downloaded from artifactory-release: http://vps663090.ovh.net:8081/artifactory/libs-release/xerces/xercesImpl/2.8.1/xercesImpl-2.8.1.pom (2.2 kB at 51 kB/s)
Downloading from artifactory-release: http://vps663090.ovh.net:8081/artifactory/libs-release/xml-apis/xml-apis/1.3.03/xml-apis-1.3.03.pom
Progress (1): 738 B                   Downloaded from artifactory-release: http://vps663090.ovh.net:8081/artifactory/libs-release/xml-apis/xml-apis/1.3.03/xml-apis-1.3.03.pom (738 B at 19 kB/s)
Downloading from artifactory-release: http://vps663090.ovh.net:8081/artifactory/libs-release/org/apache/apache/1/apache-1.pom
Progress (1): 3.1 kB                    Downloaded from artifactory-release: http://vps663090.ovh.net:8081/artifactory/libs-release/org/apache/apache/1/apache-1.pom (3.1 kB at 36 kB/s)
Downloading from artifactory-release: http://vps663090.ovh.net:8081/artifactory/libs-release/commons-httpclient/commons-httpclient/3.1/commons-httpclient-3.1.pom
Progress (1): 4.1/7.8 kBProgress (1): 7.5/7.8 kBProgress (1): 7.8 kB                        Downloaded from artifactory-release: http://vps663090.ovh.net:8081/artifactory/libs-release/commons-httpclient/commons-httpclient/3.1/commons-httpclient-3.1.pom (7.8 kB at 277 kB/s)
Downloading from artifactory-release: http://vps663090.ovh.net:8081/artifactory/libs-release/commons-logging/commons-logging/1.0.4/commons-logging-1.0.4.pom
Progress (1): 4.1/5.3 kBProgress (1): 5.3 kB                        Downloaded from artifactory-release: http://vps663090.ovh.net:8081/artifactory/libs-release/commons-logging/commons-logging/1.0.4/commons-logging-1.0.4.pom (5.3 kB at 89 kB/s)
Downloading from artifactory-release: http://vps663090.ovh.net:8081/artifactory/libs-release/commons-codec/commons-codec/1.2/commons-codec-1.2.pom
Progress (1): 3.8 kB                    Downloaded from artifactory-release: http://vps663090.ovh.net:8081/artifactory/libs-release/commons-codec/commons-codec/1.2/commons-codec-1.2.pom (3.8 kB at 128 kB/s)
Downloading from artifactory-release: http://vps663090.ovh.net:8081/artifactory/libs-release/org/apache/maven/doxia/doxia-site-renderer/1.1.2/doxia-site-renderer-1.1.2.pom
Progress (1): 4.1/6.1 kBProgress (1): 6.1 kB                        Downloaded from artifactory-release: http://vps663090.ovh.net:8081/artifactory/libs-release/org/apache/maven/doxia/doxia-site-renderer/1.1.2/doxia-site-renderer-1.1.2.pom (6.1 kB at 136 kB/s)
Downloading from artifactory-release: http://vps663090.ovh.net:8081/artifactory/libs-release/org/apache/maven/doxia/doxia-sitetools/1.1.2/doxia-sitetools-1.1.2.pom
Progress (1): 4.1/15 kBProgress (1): 7.5/15 kBProgress (1): 12/15 kB Progress (1): 15 kB                      Downloaded from artifactory-release: http://vps663090.ovh.net:8081/artifactory/libs-release/org/apache/maven/doxia/doxia-sitetools/1.1.2/doxia-sitetools-1.1.2.pom (15 kB at 93 kB/s)
Downloading from artifactory-release: http://vps663090.ovh.net:8081/artifactory/libs-release/org/apache/maven/doxia/doxia-decoration-model/1.1.2/doxia-decoration-model-1.1.2.pom
Progress (1): 3.0 kB                    Downloaded from artifactory-release: http://vps663090.ovh.net:8081/artifactory/libs-release/org/apache/maven/doxia/doxia-decoration-model/1.1.2/doxia-decoration-model-1.1.2.pom (3.0 kB at 49 kB/s)
Downloading from artifactory-release: http://vps663090.ovh.net:8081/artifactory/libs-release/org/apache/maven/doxia/doxia-module-xhtml/1.1.2/doxia-module-xhtml-1.1.2.pom
Progress (1): 1.6 kB                    Downloaded from artifactory-release: http://vps663090.ovh.net:8081/artifactory/libs-release/org/apache/maven/doxia/doxia-module-xhtml/1.1.2/doxia-module-xhtml-1.1.2.pom (1.6 kB at 30 kB/s)
Downloading from artifactory-release: http://vps663090.ovh.net:8081/artifactory/libs-release/org/apache/maven/doxia/doxia-modules/1.1.2/doxia-modules-1.1.2.pom
Progress (1): 2.4 kB                    Downloaded from artifactory-release: http://vps663090.ovh.net:8081/artifactory/libs-release/org/apache/maven/doxia/doxia-modules/1.1.2/doxia-modules-1.1.2.pom (2.4 kB at 48 kB/s)
Downloading from artifactory-release: http://vps663090.ovh.net:8081/artifactory/libs-release/org/apache/maven/doxia/doxia-module-fml/1.1.2/doxia-module-fml-1.1.2.pom
Progress (1): 4.1/5.5 kBProgress (1): 5.5 kB                        Downloaded from artifactory-release: http://vps663090.ovh.net:8081/artifactory/libs-release/org/apache/maven/doxia/doxia-module-fml/1.1.2/doxia-module-fml-1.1.2.pom (5.5 kB at 128 kB/s)
Downloading from artifactory-release: http://vps663090.ovh.net:8081/artifactory/libs-release/org/codehaus/plexus/plexus-i18n/1.0-beta-7/plexus-i18n-1.0-beta-7.pom
Progress (1): 1.1 kB                    Downloaded from artifactory-release: http://vps663090.ovh.net:8081/artifactory/libs-release/org/codehaus/plexus/plexus-i18n/1.0-beta-7/plexus-i18n-1.0-beta-7.pom (1.1 kB at 23 kB/s)
Downloading from artifactory-release: http://vps663090.ovh.net:8081/artifactory/libs-release/org/codehaus/plexus/plexus-components/1.1.12/plexus-components-1.1.12.pom
Progress (1): 3.0 kB                    Downloaded from artifactory-release: http://vps663090.ovh.net:8081/artifactory/libs-release/org/codehaus/plexus/plexus-components/1.1.12/plexus-components-1.1.12.pom (3.0 kB at 104 kB/s)
Downloading from artifactory-release: http://vps663090.ovh.net:8081/artifactory/libs-release/org/codehaus/plexus/plexus-utils/1.4.1/plexus-utils-1.4.1.pom
Progress (1): 1.9 kB                    Downloaded from artifactory-release: http://vps663090.ovh.net:8081/artifactory/libs-release/org/codehaus/plexus/plexus-utils/1.4.1/plexus-utils-1.4.1.pom (1.9 kB at 71 kB/s)
Downloading from artifactory-release: http://vps663090.ovh.net:8081/artifactory/libs-release/org/codehaus/plexus/plexus-velocity/1.1.7/plexus-velocity-1.1.7.pom
Progress (1): 2.0 kB                    Downloaded from artifactory-release: http://vps663090.ovh.net:8081/artifactory/libs-release/org/codehaus/plexus/plexus-velocity/1.1.7/plexus-velocity-1.1.7.pom (2.0 kB at 67 kB/s)
Downloading from artifactory-release: http://vps663090.ovh.net:8081/artifactory/libs-release/org/codehaus/plexus/plexus-container-default/1.0-alpha-20/plexus-container-default-1.0-alpha-20.pom
Progress (1): 3.0 kB                    Downloaded from artifactory-release: http://vps663090.ovh.net:8081/artifactory/libs-release/org/codehaus/plexus/plexus-container-default/1.0-alpha-20/plexus-container-default-1.0-alpha-20.pom (3.0 kB at 91 kB/s)
Downloading from artifactory-release: http://vps663090.ovh.net:8081/artifactory/libs-release/org/codehaus/plexus/plexus-containers/1.0-alpha-20/plexus-containers-1.0-alpha-20.pom
Progress (1): 1.9 kB                    Downloaded from artifactory-release: http://vps663090.ovh.net:8081/artifactory/libs-release/org/codehaus/plexus/plexus-containers/1.0-alpha-20/plexus-containers-1.0-alpha-20.pom (1.9 kB at 59 kB/s)
Downloading from artifactory-release: http://vps663090.ovh.net:8081/artifactory/libs-release/org/codehaus/plexus/plexus-utils/1.3/plexus-utils-1.3.pom
Progress (1): 1.0 kB                    Downloaded from artifactory-release: http://vps663090.ovh.net:8081/artifactory/libs-release/org/codehaus/plexus/plexus-utils/1.3/plexus-utils-1.3.pom (1.0 kB at 38 kB/s)
Downloading from artifactory-release: http://vps663090.ovh.net:8081/artifactory/libs-release/org/codehaus/plexus/plexus/1.0.8/plexus-1.0.8.pom
Progress (1): 4.1/6.6 kBProgress (1): 6.6 kB                        Downloaded from artifactory-release: http://vps663090.ovh.net:8081/artifactory/libs-release/org/codehaus/plexus/plexus/1.0.8/plexus-1.0.8.pom (6.6 kB at 212 kB/s)
Downloading from artifactory-release: http://vps663090.ovh.net:8081/artifactory/libs-release/org/codehaus/plexus/plexus-classworlds/1.2-alpha-7/plexus-classworlds-1.2-alpha-7.pom
Progress (1): 2.4 kB                    Downloaded from artifactory-release: http://vps663090.ovh.net:8081/artifactory/libs-release/org/codehaus/plexus/plexus-classworlds/1.2-alpha-7/plexus-classworlds-1.2-alpha-7.pom (2.4 kB at 50 kB/s)
Downloading from artifactory-release: http://vps663090.ovh.net:8081/artifactory/libs-release/org/codehaus/plexus/plexus/1.0.9/plexus-1.0.9.pom
Progress (1): 4.1/7.1 kBProgress (1): 7.1 kB                        Downloaded from artifactory-release: http://vps663090.ovh.net:8081/artifactory/libs-release/org/codehaus/plexus/plexus/1.0.9/plexus-1.0.9.pom (7.1 kB at 187 kB/s)
Downloading from artifactory-release: http://vps663090.ovh.net:8081/artifactory/libs-release/org/apache/velocity/velocity/1.5/velocity-1.5.pom
Progress (1): 4.1/7.7 kBProgress (1): 7.5/7.7 kBProgress (1): 7.7 kB                        Downloaded from artifactory-release: http://vps663090.ovh.net:8081/artifactory/libs-release/org/apache/velocity/velocity/1.5/velocity-1.5.pom (7.7 kB at 386 kB/s)
Downloading from artifactory-release: http://vps663090.ovh.net:8081/artifactory/libs-release/commons-lang/commons-lang/2.1/commons-lang-2.1.pom
Progress (1): 4.1/9.9 kBProgress (1): 7.5/9.9 kBProgress (1): 9.9 kB                        Downloaded from artifactory-release: http://vps663090.ovh.net:8081/artifactory/libs-release/commons-lang/commons-lang/2.1/commons-lang-2.1.pom (9.9 kB at 146 kB/s)
Downloading from artifactory-release: http://vps663090.ovh.net:8081/artifactory/libs-release/commons-validator/commons-validator/1.2.0/commons-validator-1.2.0.pom
Progress (1): 4.1/9.1 kBProgress (1): 7.5/9.1 kBProgress (1): 9.1 kB                        Downloaded from artifactory-release: http://vps663090.ovh.net:8081/artifactory/libs-release/commons-validator/commons-validator/1.2.0/commons-validator-1.2.0.pom (9.1 kB at 162 kB/s)
Downloading from artifactory-release: http://vps663090.ovh.net:8081/artifactory/libs-release/commons-digester/commons-digester/1.6/commons-digester-1.6.pom
Progress (1): 974 B                   Downloaded from artifactory-release: http://vps663090.ovh.net:8081/artifactory/libs-release/commons-digester/commons-digester/1.6/commons-digester-1.6.pom (974 B at 4.7 kB/s)
Downloading from artifactory-release: http://vps663090.ovh.net:8081/artifactory/libs-release/commons-beanutils/commons-beanutils/1.6/commons-beanutils-1.6.pom
Progress (1): 2.3 kB                    Downloaded from artifactory-release: http://vps663090.ovh.net:8081/artifactory/libs-release/commons-beanutils/commons-beanutils/1.6/commons-beanutils-1.6.pom (2.3 kB at 100 kB/s)
Downloading from artifactory-release: http://vps663090.ovh.net:8081/artifactory/libs-release/commons-logging/commons-logging/1.0/commons-logging-1.0.pom
Progress (1): 163 B                   Downloaded from artifactory-release: http://vps663090.ovh.net:8081/artifactory/libs-release/commons-logging/commons-logging/1.0/commons-logging-1.0.pom (163 B at 6.3 kB/s)
Downloading from artifactory-release: http://vps663090.ovh.net:8081/artifactory/libs-release/xml-apis/xml-apis/1.0.b2/xml-apis-1.0.b2.pom
Progress (1): 2.2 kB                    Downloaded from artifactory-release: http://vps663090.ovh.net:8081/artifactory/libs-release/xml-apis/xml-apis/1.0.b2/xml-apis-1.0.b2.pom (2.2 kB at 98 kB/s)
Downloading from artifactory-release: http://vps663090.ovh.net:8081/artifactory/libs-release/xml-apis/xml-apis/2.0.2/xml-apis-2.0.2.pom
Progress (1): 346 B                   Downloaded from artifactory-release: http://vps663090.ovh.net:8081/artifactory/libs-release/xml-apis/xml-apis/2.0.2/xml-apis-2.0.2.pom (346 B at 16 kB/s)
Downloading from artifactory-release: http://vps663090.ovh.net:8081/artifactory/libs-release/org/jacoco/org.jacoco.agent/0.8.2/org.jacoco.agent-0.8.2.pom
Progress (1): 3.5 kB                    Downloaded from artifactory-release: http://vps663090.ovh.net:8081/artifactory/libs-release/org/jacoco/org.jacoco.agent/0.8.2/org.jacoco.agent-0.8.2.pom (3.5 kB at 110 kB/s)
Downloading from artifactory-release: http://vps663090.ovh.net:8081/artifactory/libs-release/org/jacoco/org.jacoco.core/0.8.2/org.jacoco.core-0.8.2.pom
Progress (1): 2.1 kB                    Downloaded from artifactory-release: http://vps663090.ovh.net:8081/artifactory/libs-release/org/jacoco/org.jacoco.core/0.8.2/org.jacoco.core-0.8.2.pom (2.1 kB at 84 kB/s)
Downloading from artifactory-release: http://vps663090.ovh.net:8081/artifactory/libs-release/org/ow2/asm/asm/6.2.1/asm-6.2.1.pom
Progress (1): 2.9 kB                    Downloaded from artifactory-release: http://vps663090.ovh.net:8081/artifactory/libs-release/org/ow2/asm/asm/6.2.1/asm-6.2.1.pom (2.9 kB at 98 kB/s)
Downloading from artifactory-release: http://vps663090.ovh.net:8081/artifactory/libs-release/org/ow2/asm/asm-commons/6.2.1/asm-commons-6.2.1.pom
Progress (1): 3.7 kB                    Downloaded from artifactory-release: http://vps663090.ovh.net:8081/artifactory/libs-release/org/ow2/asm/asm-commons/6.2.1/asm-commons-6.2.1.pom (3.7 kB at 175 kB/s)
Downloading from artifactory-release: http://vps663090.ovh.net:8081/artifactory/libs-release/org/ow2/asm/asm-tree/6.2.1/asm-tree-6.2.1.pom
Progress (1): 3.1 kB                    Downloaded from artifactory-release: http://vps663090.ovh.net:8081/artifactory/libs-release/org/ow2/asm/asm-tree/6.2.1/asm-tree-6.2.1.pom (3.1 kB at 116 kB/s)
Downloading from artifactory-release: http://vps663090.ovh.net:8081/artifactory/libs-release/org/ow2/asm/asm-analysis/6.2.1/asm-analysis-6.2.1.pom
Progress (1): 3.2 kB                    Downloaded from artifactory-release: http://vps663090.ovh.net:8081/artifactory/libs-release/org/ow2/asm/asm-analysis/6.2.1/asm-analysis-6.2.1.pom (3.2 kB at 144 kB/s)
Downloading from artifactory-release: http://vps663090.ovh.net:8081/artifactory/libs-release/org/jacoco/org.jacoco.report/0.8.2/org.jacoco.report-0.8.2.pom
Progress (1): 1.9 kB                    Downloaded from artifactory-release: http://vps663090.ovh.net:8081/artifactory/libs-release/org/jacoco/org.jacoco.report/0.8.2/org.jacoco.report-0.8.2.pom (1.9 kB at 101 kB/s)
Downloading from artifactory-release: http://vps663090.ovh.net:8081/artifactory/libs-release/junit/junit/4.8.2/junit-4.8.2.jar
Downloading from artifactory-release: http://vps663090.ovh.net:8081/artifactory/libs-release/org/apache/maven/shared/maven-shared-io/1.1/maven-shared-io-1.1.jar
Downloading from artifactory-release: http://vps663090.ovh.net:8081/artifactory/libs-release/org/apache/maven/shared/file-management/1.2.1/file-management-1.2.1.jar
Downloading from artifactory-release: http://vps663090.ovh.net:8081/artifactory/libs-release/org/codehaus/plexus/plexus-utils/3.0.22/plexus-utils-3.0.22.jar
Downloading from artifactory-release: http://vps663090.ovh.net:8081/artifactory/libs-release/org/apache/maven/wagon/wagon-provider-api/1.0-alpha-6/wagon-provider-api-1.0-alpha-6.jar
Progress (1): 4.1/237 kBProgress (1): 7.5/237 kBProgress (1): 12/237 kB Progress (1): 16/237 kBProgress (1): 20/237 kBProgress (1): 24/237 kBProgress (1): 28/237 kBProgress (1): 32/237 kBProgress (1): 36/237 kBProgress (1): 40/237 kBProgress (1): 44/237 kBProgress (1): 48/237 kBProgress (1): 53/237 kBProgress (1): 57/237 kBProgress (1): 61/237 kBProgress (1): 65/237 kBProgress (1): 69/237 kBProgress (1): 73/237 kBProgress (1): 77/237 kBProgress (1): 81/237 kBProgress (1): 85/237 kBProgress (2): 85/237 kB | 4.1/38 kBProgress (2): 85/237 kB | 7.5/38 kBProgress (2): 85/237 kB | 12/38 kB Progress (2): 85/237 kB | 16/38 kBProgress (2): 85/237 kB | 20/38 kBProgress (3): 85/237 kB | 20/38 kB | 4.1/245 kBProgress (3): 85/237 kB | 20/38 kB | 7.5/245 kBProgress (3): 85/237 kB | 20/38 kB | 12/245 kB Progress (3): 85/237 kB | 20/38 kB | 16/245 kBProgress (3): 85/237 kB | 20/38 kB | 20/245 kBProgress (3): 85/237 kB | 20/38 kB | 24/245 kBProgress (3): 85/237 kB | 20/38 kB | 28/245 kBProgress (3): 85/237 kB | 20/38 kB | 32/245 kBProgress (3): 85/237 kB | 20/38 kB | 36/245 kBProgress (3): 85/237 kB | 20/38 kB | 40/245 kBProgress (3): 85/237 kB | 20/38 kB | 44/245 kBProgress (3): 85/237 kB | 20/38 kB | 48/245 kBProgress (3): 85/237 kB | 20/38 kB | 53/245 kBProgress (3): 85/237 kB | 20/38 kB | 57/245 kBProgress (3): 85/237 kB | 20/38 kB | 61/245 kBProgress (3): 85/237 kB | 24/38 kB | 61/245 kBProgress (3): 85/237 kB | 28/38 kB | 61/245 kBProgress (3): 85/237 kB | 32/38 kB | 61/245 kBProgress (3): 85/237 kB | 36/38 kB | 61/245 kBProgress (3): 85/237 kB | 38 kB | 61/245 kB   Progress (4): 85/237 kB | 38 kB | 61/245 kB | 4.1/43 kBProgress (4): 89/237 kB | 38 kB | 61/245 kB | 4.1/43 kBProgress (4): 94/237 kB | 38 kB | 61/245 kB | 4.1/43 kBProgress (4): 98/237 kB | 38 kB | 61/245 kB | 4.1/43 kBProgress (4): 102/237 kB | 38 kB | 61/245 kB | 4.1/43 kBProgress (4): 106/237 kB | 38 kB | 61/245 kB | 4.1/43 kBProgress (4): 110/237 kB | 38 kB | 61/245 kB | 4.1/43 kBProgress (4): 114/237 kB | 38 kB | 61/245 kB | 4.1/43 kBProgress (4): 118/237 kB | 38 kB | 61/245 kB | 4.1/43 kBProgress (4): 122/237 kB | 38 kB | 61/245 kB | 4.1/43 kBProgress (5): 122/237 kB | 38 kB | 61/245 kB | 4.1/43 kB | 4.1/39 kBProgress (5): 122/237 kB | 38 kB | 61/245 kB | 4.1/43 kB | 7.5/39 kBProgress (5): 122/237 kB | 38 kB | 61/245 kB | 4.1/43 kB | 12/39 kB Progress (5): 122/237 kB | 38 kB | 61/245 kB | 4.1/43 kB | 16/39 kBProgress (5): 122/237 kB | 38 kB | 61/245 kB | 4.1/43 kB | 20/39 kBProgress (5): 122/237 kB | 38 kB | 61/245 kB | 4.1/43 kB | 24/39 kBProgress (5): 122/237 kB | 38 kB | 61/245 kB | 4.1/43 kB | 28/39 kBProgress (5): 122/237 kB | 38 kB | 61/245 kB | 4.1/43 kB | 32/39 kBProgress (5): 122/237 kB | 38 kB | 61/245 kB | 4.1/43 kB | 36/39 kBProgress (5): 122/237 kB | 38 kB | 61/245 kB | 4.1/43 kB | 39 kB   Progress (5): 122/237 kB | 38 kB | 61/245 kB | 7.5/43 kB | 39 kBProgress (5): 122/237 kB | 38 kB | 61/245 kB | 12/43 kB | 39 kB Progress (5): 122/237 kB | 38 kB | 61/245 kB | 16/43 kB | 39 kBProgress (5): 122/237 kB | 38 kB | 61/245 kB | 20/43 kB | 39 kBProgress (5): 122/237 kB | 38 kB | 61/245 kB | 24/43 kB | 39 kBProgress (5): 122/237 kB | 38 kB | 61/245 kB | 28/43 kB | 39 kBProgress (5): 122/237 kB | 38 kB | 61/245 kB | 32/43 kB | 39 kBProgress (5): 122/237 kB | 38 kB | 61/245 kB | 36/43 kB | 39 kBProgress (5): 122/237 kB | 38 kB | 61/245 kB | 40/43 kB | 39 kBProgress (5): 122/237 kB | 38 kB | 61/245 kB | 43 kB | 39 kB                                                               Downloaded from artifactory-release: http://vps663090.ovh.net:8081/artifactory/libs-release/org/apache/maven/shared/file-management/1.2.1/file-management-1.2.1.jar (38 kB at 400 kB/s)
Progress (4): 122/237 kB | 65/245 kB | 43 kB | 39 kBProgress (4): 122/237 kB | 69/245 kB | 43 kB | 39 kBProgress (4): 122/237 kB | 73/245 kB | 43 kB | 39 kBProgress (4): 122/237 kB | 77/245 kB | 43 kB | 39 kBProgress (4): 122/237 kB | 81/245 kB | 43 kB | 39 kBProgress (4): 122/237 kB | 85/245 kB | 43 kB | 39 kBProgress (4): 122/237 kB | 89/245 kB | 43 kB | 39 kBProgress (4): 122/237 kB | 94/245 kB | 43 kB | 39 kBProgress (4): 122/237 kB | 98/245 kB | 43 kB | 39 kBProgress (4): 122/237 kB | 102/245 kB | 43 kB | 39 kBProgress (4): 122/237 kB | 106/245 kB | 43 kB | 39 kBProgress (4): 122/237 kB | 110/245 kB | 43 kB | 39 kBProgress (4): 122/237 kB | 114/245 kB | 43 kB | 39 kBProgress (4): 122/237 kB | 118/245 kB | 43 kB | 39 kBProgress (4): 122/237 kB | 122/245 kB | 43 kB | 39 kBProgress (4): 122/237 kB | 126/245 kB | 43 kB | 39 kBProgress (4): 122/237 kB | 130/245 kB | 43 kB | 39 kBProgress (4): 122/237 kB | 134/245 kB | 43 kB | 39 kBProgress (4): 122/237 kB | 139/245 kB | 43 kB | 39 kBProgress (4): 122/237 kB | 143/245 kB | 43 kB | 39 kBProgress (4): 122/237 kB | 147/245 kB | 43 kB | 39 kBProgress (4): 122/237 kB | 151/245 kB | 43 kB | 39 kBProgress (4): 122/237 kB | 155/245 kB | 43 kB | 39 kBProgress (4): 122/237 kB | 159/245 kB | 43 kB | 39 kBProgress (4): 122/237 kB | 163/245 kB | 43 kB | 39 kBProgress (4): 122/237 kB | 167/245 kB | 43 kB | 39 kBProgress (4): 122/237 kB | 171/245 kB | 43 kB | 39 kB                                                     Downloaded from artifactory-release: http://vps663090.ovh.net:8081/artifactory/libs-release/org/apache/maven/wagon/wagon-provider-api/1.0-alpha-6/wagon-provider-api-1.0-alpha-6.jar (43 kB at 368 kB/s)
Downloaded from artifactory-release: http://vps663090.ovh.net:8081/artifactory/libs-release/org/apache/maven/shared/maven-shared-io/1.1/maven-shared-io-1.1.jar (39 kB at 321 kB/s)
Progress (2): 126/237 kB | 171/245 kBProgress (2): 130/237 kB | 171/245 kBProgress (2): 135/237 kB | 171/245 kBProgress (2): 139/237 kB | 171/245 kBProgress (2): 143/237 kB | 171/245 kBProgress (2): 147/237 kB | 171/245 kBProgress (2): 151/237 kB | 171/245 kBProgress (2): 155/237 kB | 171/245 kBProgress (2): 159/237 kB | 171/245 kBProgress (2): 163/237 kB | 171/245 kBProgress (2): 167/237 kB | 171/245 kBProgress (2): 171/237 kB | 171/245 kBProgress (2): 175/237 kB | 171/245 kBProgress (2): 180/237 kB | 171/245 kBProgress (2): 184/237 kB | 171/245 kBProgress (2): 188/237 kB | 171/245 kBProgress (2): 192/237 kB | 171/245 kBProgress (2): 196/237 kB | 171/245 kBProgress (2): 200/237 kB | 171/245 kBProgress (2): 204/237 kB | 171/245 kBProgress (2): 208/237 kB | 171/245 kBProgress (2): 212/237 kB | 171/245 kBProgress (2): 216/237 kB | 171/245 kBProgress (2): 221/237 kB | 171/245 kBProgress (2): 225/237 kB | 171/245 kBProgress (2): 229/237 kB | 171/245 kB                                     Downloading from artifactory-release: http://vps663090.ovh.net:8081/artifactory/libs-release/org/apache/maven/reporting/maven-reporting-api/2.2.1/maven-reporting-api-2.2.1.jar
Progress (2): 229/237 kB | 175/245 kBProgress (2): 229/237 kB | 180/245 kB                                     Downloading from artifactory-release: http://vps663090.ovh.net:8081/artifactory/libs-release/org/apache/maven/doxia/doxia-logging-api/1.1/doxia-logging-api-1.1.jar
Downloading from artifactory-release: http://vps663090.ovh.net:8081/artifactory/libs-release/org/apache/maven/doxia/doxia-sink-api/1.1/doxia-sink-api-1.1.jar
Progress (2): 229/237 kB | 184/245 kBProgress (2): 229/237 kB | 188/245 kBProgress (2): 229/237 kB | 192/245 kBProgress (2): 229/237 kB | 196/245 kBProgress (2): 229/237 kB | 200/245 kBProgress (2): 229/237 kB | 204/245 kBProgress (2): 229/237 kB | 208/245 kBProgress (2): 229/237 kB | 212/245 kBProgress (2): 229/237 kB | 216/245 kBProgress (2): 229/237 kB | 221/245 kBProgress (2): 229/237 kB | 225/245 kBProgress (2): 229/237 kB | 229/245 kBProgress (2): 229/237 kB | 233/245 kBProgress (2): 229/237 kB | 237/245 kBProgress (2): 229/237 kB | 241/245 kBProgress (2): 229/237 kB | 245 kB    Progress (2): 233/237 kB | 245 kBProgress (2): 237/237 kB | 245 kBProgress (2): 237 kB | 245 kB                                 Downloaded from artifactory-release: http://vps663090.ovh.net:8081/artifactory/libs-release/junit/junit/4.8.2/junit-4.8.2.jar (237 kB at 1.4 MB/s)
Downloading from artifactory-release: http://vps663090.ovh.net:8081/artifactory/libs-release/org/apache/maven/reporting/maven-reporting-impl/2.1/maven-reporting-impl-2.1.jar
Downloaded from artifactory-release: http://vps663090.ovh.net:8081/artifactory/libs-release/org/codehaus/plexus/plexus-utils/3.0.22/plexus-utils-3.0.22.jar (245 kB at 1.3 MB/s)
Downloading from artifactory-release: http://vps663090.ovh.net:8081/artifactory/libs-release/org/apache/maven/doxia/doxia-core/1.1.2/doxia-core-1.1.2.jar
Progress (1): 4.1/9.8 kBProgress (1): 7.5/9.8 kBProgress (1): 9.8 kB    Progress (2): 9.8 kB | 4.1/11 kBProgress (2): 9.8 kB | 7.5/11 kBProgress (2): 9.8 kB | 11 kB                                Downloaded from artifactory-release: http://vps663090.ovh.net:8081/artifactory/libs-release/org/apache/maven/reporting/maven-reporting-api/2.2.1/maven-reporting-api-2.2.1.jar (9.8 kB at 51 kB/s)
Progress (2): 11 kB | 4.1/13 kBProgress (2): 11 kB | 7.5/13 kBProgress (2): 11 kB | 12/13 kB Progress (2): 11 kB | 13 kB                              Downloaded from artifactory-release: http://vps663090.ovh.net:8081/artifactory/libs-release/org/apache/maven/doxia/doxia-logging-api/1.1/doxia-logging-api-1.1.jar (11 kB at 57 kB/s)
Downloading from artifactory-release: http://vps663090.ovh.net:8081/artifactory/libs-release/xerces/xercesImpl/2.8.1/xercesImpl-2.8.1.jar
Downloaded from artifactory-release: http://vps663090.ovh.net:8081/artifactory/libs-release/org/apache/maven/doxia/doxia-sink-api/1.1/doxia-sink-api-1.1.jar (13 kB at 63 kB/s)
Downloading from artifactory-release: http://vps663090.ovh.net:8081/artifactory/libs-release/commons-httpclient/commons-httpclient/3.1/commons-httpclient-3.1.jar
Downloading from artifactory-release: http://vps663090.ovh.net:8081/artifactory/libs-release/commons-codec/commons-codec/1.2/commons-codec-1.2.jar
Progress (1): 4.1/17 kBProgress (1): 7.5/17 kBProgress (1): 12/17 kB Progress (1): 16/17 kBProgress (2): 16/17 kB | 4.1/158 kBProgress (2): 16/17 kB | 7.5/158 kBProgress (2): 16/17 kB | 12/158 kB Progress (2): 16/17 kB | 16/158 kBProgress (3): 16/17 kB | 16/158 kB | 4.1/30 kBProgress (3): 16/17 kB | 16/158 kB | 7.5/30 kBProgress (3): 16/17 kB | 16/158 kB | 12/30 kB Progress (3): 16/17 kB | 16/158 kB | 16/30 kBProgress (4): 16/17 kB | 16/158 kB | 16/30 kB | 4.1/305 kBProgress (4): 16/17 kB | 16/158 kB | 16/30 kB | 7.5/305 kBProgress (4): 16/17 kB | 16/158 kB | 16/30 kB | 12/305 kB Progress (4): 16/17 kB | 16/158 kB | 16/30 kB | 16/305 kBProgress (4): 17 kB | 16/158 kB | 16/30 kB | 16/305 kB   Progress (4): 17 kB | 20/158 kB | 16/30 kB | 16/305 kBProgress (4): 17 kB | 24/158 kB | 16/30 kB | 16/305 kBProgress (4): 17 kB | 28/158 kB | 16/30 kB | 16/305 kBProgress (4): 17 kB | 32/158 kB | 16/30 kB | 16/305 kBProgress (4): 17 kB | 36/158 kB | 16/30 kB | 16/305 kBProgress (4): 17 kB | 40/158 kB | 16/30 kB | 16/305 kBProgress (4): 17 kB | 44/158 kB | 16/30 kB | 16/305 kBProgress (4): 17 kB | 48/158 kB | 16/30 kB | 16/305 kBProgress (4): 17 kB | 53/158 kB | 16/30 kB | 16/305 kBProgress (4): 17 kB | 57/158 kB | 16/30 kB | 16/305 kBProgress (4): 17 kB | 61/158 kB | 16/30 kB | 16/305 kBProgress (4): 17 kB | 65/158 kB | 16/30 kB | 16/305 kBProgress (4): 17 kB | 69/158 kB | 16/30 kB | 16/305 kBProgress (4): 17 kB | 73/158 kB | 16/30 kB | 16/305 kBProgress (4): 17 kB | 77/158 kB | 16/30 kB | 16/305 kBProgress (4): 17 kB | 81/158 kB | 16/30 kB | 16/305 kBProgress (4): 17 kB | 85/158 kB | 16/30 kB | 16/305 kB                                                      Downloaded from artifactory-release: http://vps663090.ovh.net:8081/artifactory/libs-release/org/apache/maven/reporting/maven-reporting-impl/2.1/maven-reporting-impl-2.1.jar (17 kB at 67 kB/s)
Progress (4): 85/158 kB | 16/30 kB | 16/305 kB | 0/1.2 MBProgress (4): 85/158 kB | 16/30 kB | 16/305 kB | 0/1.2 MBProgress (4): 85/158 kB | 16/30 kB | 16/305 kB | 0/1.2 MBProgress (4): 85/158 kB | 16/30 kB | 20/305 kB | 0/1.2 MBProgress (4): 85/158 kB | 20/30 kB | 20/305 kB | 0/1.2 MBProgress (4): 85/158 kB | 24/30 kB | 20/305 kB | 0/1.2 MBProgress (4): 85/158 kB | 28/30 kB | 20/305 kB | 0/1.2 MBProgress (4): 85/158 kB | 30 kB | 20/305 kB | 0/1.2 MB   Progress (4): 85/158 kB | 30 kB | 24/305 kB | 0/1.2 MBProgress (4): 85/158 kB | 30 kB | 28/305 kB | 0/1.2 MBProgress (4): 85/158 kB | 30 kB | 32/305 kB | 0/1.2 MBProgress (4): 85/158 kB | 30 kB | 36/305 kB | 0/1.2 MBProgress (4): 85/158 kB | 30 kB | 36/305 kB | 0/1.2 MBProgress (4): 85/158 kB | 30 kB | 36/305 kB | 0/1.2 MBProgress (4): 85/158 kB | 30 kB | 36/305 kB | 0/1.2 MBProgress (4): 85/158 kB | 30 kB | 36/305 kB | 0/1.2 MBProgress (4): 85/158 kB | 30 kB | 36/305 kB | 0/1.2 MBProgress (4): 85/158 kB | 30 kB | 36/305 kB | 0/1.2 MBProgress (4): 85/158 kB | 30 kB | 36/305 kB | 0/1.2 MBProgress (4): 85/158 kB | 30 kB | 36/305 kB | 0/1.2 MBProgress (4): 85/158 kB | 30 kB | 36/305 kB | 0/1.2 MBProgress (4): 85/158 kB | 30 kB | 36/305 kB | 0.1/1.2 MBProgress (4): 85/158 kB | 30 kB | 36/305 kB | 0.1/1.2 MBProgress (4): 85/158 kB | 30 kB | 36/305 kB | 0.1/1.2 MBProgress (4): 85/158 kB | 30 kB | 36/305 kB | 0.1/1.2 MBProgress (4): 89/158 kB | 30 kB | 36/305 kB | 0.1/1.2 MBProgress (4): 94/158 kB | 30 kB | 36/305 kB | 0.1/1.2 MB                                                        Downloading from artifactory-release: http://vps663090.ovh.net:8081/artifactory/libs-release/org/apache/maven/doxia/doxia-site-renderer/1.1.2/doxia-site-renderer-1.1.2.jar
Downloaded from artifactory-release: http://vps663090.ovh.net:8081/artifactory/libs-release/commons-codec/commons-codec/1.2/commons-codec-1.2.jar (30 kB at 112 kB/s)
Progress (3): 94/158 kB | 40/305 kB | 0.1/1.2 MBProgress (3): 94/158 kB | 44/305 kB | 0.1/1.2 MBProgress (3): 94/158 kB | 48/305 kB | 0.1/1.2 MBProgress (3): 94/158 kB | 53/305 kB | 0.1/1.2 MBProgress (3): 94/158 kB | 57/305 kB | 0.1/1.2 MBProgress (3): 94/158 kB | 61/305 kB | 0.1/1.2 MBProgress (3): 94/158 kB | 65/305 kB | 0.1/1.2 MBProgress (3): 94/158 kB | 69/305 kB | 0.1/1.2 MBProgress (3): 94/158 kB | 73/305 kB | 0.1/1.2 MBProgress (3): 94/158 kB | 77/305 kB | 0.1/1.2 MBProgress (3): 94/158 kB | 81/305 kB | 0.1/1.2 MBProgress (3): 94/158 kB | 85/305 kB | 0.1/1.2 MBProgress (3): 94/158 kB | 89/305 kB | 0.1/1.2 MBProgress (3): 94/158 kB | 94/305 kB | 0.1/1.2 MBProgress (3): 94/158 kB | 98/305 kB | 0.1/1.2 MBProgress (3): 94/158 kB | 102/305 kB | 0.1/1.2 MBProgress (3): 94/158 kB | 106/305 kB | 0.1/1.2 MBProgress (3): 94/158 kB | 110/305 kB | 0.1/1.2 MBProgress (3): 94/158 kB | 114/305 kB | 0.1/1.2 MBProgress (3): 98/158 kB | 114/305 kB | 0.1/1.2 MB                                                 Downloading from artifactory-release: http://vps663090.ovh.net:8081/artifactory/libs-release/org/apache/maven/doxia/doxia-decoration-model/1.1.2/doxia-decoration-model-1.1.2.jar
Progress (3): 102/158 kB | 114/305 kB | 0.1/1.2 MBProgress (3): 106/158 kB | 114/305 kB | 0.1/1.2 MBProgress (3): 110/158 kB | 114/305 kB | 0.1/1.2 MBProgress (3): 114/158 kB | 114/305 kB | 0.1/1.2 MBProgress (3): 118/158 kB | 114/305 kB | 0.1/1.2 MBProgress (3): 122/158 kB | 114/305 kB | 0.1/1.2 MBProgress (3): 126/158 kB | 114/305 kB | 0.1/1.2 MBProgress (3): 130/158 kB | 114/305 kB | 0.1/1.2 MBProgress (3): 134/158 kB | 114/305 kB | 0.1/1.2 MBProgress (3): 139/158 kB | 114/305 kB | 0.1/1.2 MBProgress (3): 143/158 kB | 114/305 kB | 0.1/1.2 MBProgress (3): 147/158 kB | 114/305 kB | 0.1/1.2 MBProgress (3): 151/158 kB | 114/305 kB | 0.1/1.2 MBProgress (3): 155/158 kB | 114/305 kB | 0.1/1.2 MBProgress (3): 158 kB | 114/305 kB | 0.1/1.2 MB    Progress (3): 158 kB | 114/305 kB | 0.1/1.2 MBProgress (3): 158 kB | 114/305 kB | 0.1/1.2 MBProgress (3): 158 kB | 114/305 kB | 0.1/1.2 MBProgress (3): 158 kB | 114/305 kB | 0.1/1.2 MBProgress (3): 158 kB | 114/305 kB | 0.1/1.2 MBProgress (3): 158 kB | 114/305 kB | 0.1/1.2 MBProgress (3): 158 kB | 114/305 kB | 0.1/1.2 MBProgress (3): 158 kB | 114/305 kB | 0.1/1.2 MBProgress (3): 158 kB | 114/305 kB | 0.1/1.2 MBProgress (3): 158 kB | 114/305 kB | 0.1/1.2 MBProgress (3): 158 kB | 114/305 kB | 0.1/1.2 MBProgress (3): 158 kB | 114/305 kB | 0.1/1.2 MBProgress (3): 158 kB | 114/305 kB | 0.1/1.2 MBProgress (3): 158 kB | 114/305 kB | 0.1/1.2 MBProgress (3): 158 kB | 114/305 kB | 0.1/1.2 MBProgress (3): 158 kB | 114/305 kB | 0.1/1.2 MBProgress (3): 158 kB | 114/305 kB | 0.1/1.2 MBProgress (3): 158 kB | 114/305 kB | 0.1/1.2 MBProgress (3): 158 kB | 114/305 kB | 0.1/1.2 MBProgress (3): 158 kB | 114/305 kB | 0.1/1.2 MBProgress (3): 158 kB | 114/305 kB | 0.2/1.2 MBProgress (3): 158 kB | 114/305 kB | 0.2/1.2 MBProgress (3): 158 kB | 114/305 kB | 0.2/1.2 MB                                              Downloaded from artifactory-release: http://vps663090.ovh.net:8081/artifactory/libs-release/org/apache/maven/doxia/doxia-core/1.1.2/doxia-core-1.1.2.jar (158 kB at 470 kB/s)
Progress (2): 118/305 kB | 0.2/1.2 MBProgress (2): 122/305 kB | 0.2/1.2 MBProgress (2): 126/305 kB | 0.2/1.2 MBProgress (2): 130/305 kB | 0.2/1.2 MBProgress (2): 134/305 kB | 0.2/1.2 MBProgress (2): 139/305 kB | 0.2/1.2 MBProgress (2): 143/305 kB | 0.2/1.2 MBProgress (2): 147/305 kB | 0.2/1.2 MBProgress (2): 151/305 kB | 0.2/1.2 MBProgress (2): 155/305 kB | 0.2/1.2 MBProgress (2): 159/305 kB | 0.2/1.2 MBProgress (2): 163/305 kB | 0.2/1.2 MBProgress (2): 167/305 kB | 0.2/1.2 MBProgress (2): 171/305 kB | 0.2/1.2 MBProgress (2): 175/305 kB | 0.2/1.2 MBProgress (3): 175/305 kB | 0.2/1.2 MB | 4.1/50 kBProgress (3): 175/305 kB | 0.2/1.2 MB | 7.5/50 kBProgress (3): 175/305 kB | 0.2/1.2 MB | 12/50 kB Progress (3): 175/305 kB | 0.2/1.2 MB | 16/50 kBProgress (3): 175/305 kB | 0.2/1.2 MB | 20/50 kBProgress (3): 175/305 kB | 0.2/1.2 MB | 24/50 kBProgress (3): 175/305 kB | 0.2/1.2 MB | 28/50 kBProgress (3): 175/305 kB | 0.2/1.2 MB | 32/50 kBProgress (3): 175/305 kB | 0.2/1.2 MB | 36/50 kBProgress (3): 175/305 kB | 0.2/1.2 MB | 40/50 kBProgress (3): 175/305 kB | 0.2/1.2 MB | 44/50 kBProgress (3): 175/305 kB | 0.2/1.2 MB | 48/50 kBProgress (3): 175/305 kB | 0.2/1.2 MB | 50 kB                                                Downloading from artifactory-release: http://vps663090.ovh.net:8081/artifactory/libs-release/org/apache/maven/doxia/doxia-module-xhtml/1.1.2/doxia-module-xhtml-1.1.2.jar
Progress (3): 180/305 kB | 0.2/1.2 MB | 50 kBProgress (3): 184/305 kB | 0.2/1.2 MB | 50 kBProgress (3): 188/305 kB | 0.2/1.2 MB | 50 kBProgress (3): 192/305 kB | 0.2/1.2 MB | 50 kBProgress (3): 196/305 kB | 0.2/1.2 MB | 50 kBProgress (3): 200/305 kB | 0.2/1.2 MB | 50 kBProgress (3): 204/305 kB | 0.2/1.2 MB | 50 kBProgress (3): 208/305 kB | 0.2/1.2 MB | 50 kBProgress (3): 212/305 kB | 0.2/1.2 MB | 50 kBProgress (3): 216/305 kB | 0.2/1.2 MB | 50 kBProgress (3): 220/305 kB | 0.2/1.2 MB | 50 kBProgress (3): 225/305 kB | 0.2/1.2 MB | 50 kBProgress (3): 229/305 kB | 0.2/1.2 MB | 50 kBProgress (3): 233/305 kB | 0.2/1.2 MB | 50 kBProgress (3): 237/305 kB | 0.2/1.2 MB | 50 kBProgress (3): 241/305 kB | 0.2/1.2 MB | 50 kBProgress (3): 245/305 kB | 0.2/1.2 MB | 50 kBProgress (3): 249/305 kB | 0.2/1.2 MB | 50 kBProgress (3): 253/305 kB | 0.2/1.2 MB | 50 kBProgress (3): 257/305 kB | 0.2/1.2 MB | 50 kBProgress (3): 261/305 kB | 0.2/1.2 MB | 50 kBProgress (3): 266/305 kB | 0.2/1.2 MB | 50 kBProgress (3): 270/305 kB | 0.2/1.2 MB | 50 kBProgress (3): 274/305 kB | 0.2/1.2 MB | 50 kBProgress (3): 278/305 kB | 0.2/1.2 MB | 50 kBProgress (3): 282/305 kB | 0.2/1.2 MB | 50 kBProgress (3): 286/305 kB | 0.2/1.2 MB | 50 kBProgress (3): 290/305 kB | 0.2/1.2 MB | 50 kBProgress (3): 294/305 kB | 0.2/1.2 MB | 50 kBProgress (3): 294/305 kB | 0.2/1.2 MB | 50 kBProgress (3): 294/305 kB | 0.2/1.2 MB | 50 kBProgress (3): 294/305 kB | 0.2/1.2 MB | 50 kBProgress (3): 294/305 kB | 0.2/1.2 MB | 50 kBProgress (3): 294/305 kB | 0.2/1.2 MB | 50 kBProgress (3): 294/305 kB | 0.2/1.2 MB | 50 kBProgress (3): 294/305 kB | 0.2/1.2 MB | 50 kBProgress (3): 294/305 kB | 0.2/1.2 MB | 50 kBProgress (3): 294/305 kB | 0.2/1.2 MB | 50 kBProgress (3): 294/305 kB | 0.2/1.2 MB | 50 kBProgress (3): 294/305 kB | 0.2/1.2 MB | 50 kBProgress (3): 294/305 kB | 0.2/1.2 MB | 50 kBProgress (3): 294/305 kB | 0.2/1.2 MB | 50 kBProgress (3): 294/305 kB | 0.2/1.2 MB | 50 kBProgress (3): 294/305 kB | 0.2/1.2 MB | 50 kBProgress (3): 294/305 kB | 0.2/1.2 MB | 50 kBProgress (3): 294/305 kB | 0.2/1.2 MB | 50 kB                                             Downloaded from artifactory-release: http://vps663090.ovh.net:8081/artifactory/libs-release/org/apache/maven/doxia/doxia-site-renderer/1.1.2/doxia-site-renderer-1.1.2.jar (50 kB at 126 kB/s)
Downloading from artifactory-release: http://vps663090.ovh.net:8081/artifactory/libs-release/org/apache/maven/doxia/doxia-module-fml/1.1.2/doxia-module-fml-1.1.2.jar
Progress (2): 294/305 kB | 0.2/1.2 MBProgress (2): 294/305 kB | 0.2/1.2 MBProgress (2): 294/305 kB | 0.2/1.2 MBProgress (2): 294/305 kB | 0.2/1.2 MBProgress (2): 298/305 kB | 0.2/1.2 MBProgress (2): 302/305 kB | 0.2/1.2 MBProgress (2): 305 kB | 0.2/1.2 MB    Progress (2): 305 kB | 0.2/1.2 MBProgress (2): 305 kB | 0.3/1.2 MBProgress (2): 305 kB | 0.3/1.2 MBProgress (2): 305 kB | 0.3/1.2 MBProgress (2): 305 kB | 0.3/1.2 MBProgress (2): 305 kB | 0.3/1.2 MBProgress (2): 305 kB | 0.3/1.2 MBProgress (2): 305 kB | 0.3/1.2 MBProgress (2): 305 kB | 0.3/1.2 MBProgress (2): 305 kB | 0.3/1.2 MBProgress (2): 305 kB | 0.3/1.2 MBProgress (2): 305 kB | 0.3/1.2 MBProgress (2): 305 kB | 0.3/1.2 MBProgress (2): 305 kB | 0.3/1.2 MBProgress (2): 305 kB | 0.3/1.2 MBProgress (2): 305 kB | 0.3/1.2 MBProgress (2): 305 kB | 0.3/1.2 MBProgress (2): 305 kB | 0.3/1.2 MBProgress (2): 305 kB | 0.3/1.2 MBProgress (2): 305 kB | 0.3/1.2 MBProgress (2): 305 kB | 0.3/1.2 MBProgress (2): 305 kB | 0.3/1.2 MBProgress (2): 305 kB | 0.3/1.2 MBProgress (2): 305 kB | 0.3/1.2 MBProgress (2): 305 kB | 0.3/1.2 MBProgress (2): 305 kB | 0.4/1.2 MBProgress (2): 305 kB | 0.4/1.2 MBProgress (2): 305 kB | 0.4/1.2 MBProgress (2): 305 kB | 0.4/1.2 MBProgress (2): 305 kB | 0.4/1.2 MBProgress (2): 305 kB | 0.4/1.2 MBProgress (2): 305 kB | 0.4/1.2 MBProgress (2): 305 kB | 0.4/1.2 MBProgress (2): 305 kB | 0.4/1.2 MBProgress (2): 305 kB | 0.4/1.2 MB                                 Downloaded from artifactory-release: http://vps663090.ovh.net:8081/artifactory/libs-release/commons-httpclient/commons-httpclient/3.1/commons-httpclient-3.1.jar (305 kB at 675 kB/s)
Downloading from artifactory-release: http://vps663090.ovh.net:8081/artifactory/libs-release/org/codehaus/plexus/plexus-i18n/1.0-beta-7/plexus-i18n-1.0-beta-7.jar
Progress (1): 0.4/1.2 MBProgress (1): 0.4/1.2 MBProgress (1): 0.4/1.2 MBProgress (1): 0.4/1.2 MBProgress (1): 0.4/1.2 MBProgress (1): 0.4/1.2 MBProgress (1): 0.4/1.2 MBProgress (1): 0.4/1.2 MBProgress (1): 0.4/1.2 MBProgress (1): 0.4/1.2 MBProgress (1): 0.4/1.2 MBProgress (1): 0.4/1.2 MBProgress (1): 0.4/1.2 MBProgress (1): 0.4/1.2 MBProgress (1): 0.4/1.2 MBProgress (1): 0.5/1.2 MBProgress (1): 0.5/1.2 MBProgress (1): 0.5/1.2 MBProgress (1): 0.5/1.2 MBProgress (1): 0.5/1.2 MBProgress (1): 0.5/1.2 MBProgress (1): 0.5/1.2 MBProgress (1): 0.5/1.2 MBProgress (1): 0.5/1.2 MBProgress (1): 0.5/1.2 MBProgress (1): 0.5/1.2 MBProgress (1): 0.5/1.2 MBProgress (1): 0.5/1.2 MBProgress (1): 0.5/1.2 MBProgress (1): 0.5/1.2 MBProgress (1): 0.5/1.2 MBProgress (1): 0.5/1.2 MBProgress (1): 0.5/1.2 MBProgress (1): 0.5/1.2 MBProgress (1): 0.5/1.2 MBProgress (1): 0.5/1.2 MBProgress (1): 0.5/1.2 MBProgress (1): 0.5/1.2 MBProgress (1): 0.5/1.2 MBProgress (1): 0.6/1.2 MBProgress (1): 0.6/1.2 MBProgress (1): 0.6/1.2 MBProgress (1): 0.6/1.2 MBProgress (1): 0.6/1.2 MBProgress (1): 0.6/1.2 MBProgress (1): 0.6/1.2 MBProgress (1): 0.6/1.2 MBProgress (1): 0.6/1.2 MBProgress (1): 0.6/1.2 MBProgress (1): 0.6/1.2 MBProgress (1): 0.6/1.2 MBProgress (1): 0.6/1.2 MBProgress (1): 0.6/1.2 MBProgress (1): 0.6/1.2 MBProgress (1): 0.6/1.2 MBProgress (1): 0.6/1.2 MBProgress (1): 0.6/1.2 MBProgress (1): 0.6/1.2 MBProgress (1): 0.6/1.2 MBProgress (1): 0.6/1.2 MBProgress (1): 0.6/1.2 MBProgress (1): 0.6/1.2 MBProgress (1): 0.6/1.2 MBProgress (1): 0.7/1.2 MBProgress (2): 0.7/1.2 MB | 4.1/11 kBProgress (2): 0.7/1.2 MB | 7.5/11 kBProgress (2): 0.7/1.2 MB | 11 kB    Progress (3): 0.7/1.2 MB | 11 kB | 4.1/15 kBProgress (3): 0.7/1.2 MB | 11 kB | 7.5/15 kBProgress (3): 0.7/1.2 MB | 11 kB | 12/15 kB Progress (3): 0.7/1.2 MB | 11 kB | 15 kB   Progress (4): 0.7/1.2 MB | 11 kB | 15 kB | 4.1/37 kBProgress (4): 0.7/1.2 MB | 11 kB | 15 kB | 7.5/37 kBProgress (4): 0.7/1.2 MB | 11 kB | 15 kB | 12/37 kB Progress (4): 0.7/1.2 MB | 11 kB | 15 kB | 16/37 kBProgress (4): 0.7/1.2 MB | 11 kB | 15 kB | 20/37 kBProgress (4): 0.7/1.2 MB | 11 kB | 15 kB | 24/37 kBProgress (4): 0.7/1.2 MB | 11 kB | 15 kB | 28/37 kBProgress (4): 0.7/1.2 MB | 11 kB | 15 kB | 32/37 kBProgress (4): 0.7/1.2 MB | 11 kB | 15 kB | 36/37 kBProgress (4): 0.7/1.2 MB | 11 kB | 15 kB | 37 kB                                                   Downloaded from artifactory-release: http://vps663090.ovh.net:8081/artifactory/libs-release/org/apache/maven/doxia/doxia-module-xhtml/1.1.2/doxia-module-xhtml-1.1.2.jar (15 kB at 27 kB/s)
Progress (4): 0.7/1.2 MB | 11 kB | 37 kB | 4.1/52 kBProgress (4): 0.7/1.2 MB | 11 kB | 37 kB | 7.5/52 kBProgress (4): 0.7/1.2 MB | 11 kB | 37 kB | 12/52 kB Progress (4): 0.7/1.2 MB | 11 kB | 37 kB | 16/52 kBProgress (4): 0.7/1.2 MB | 11 kB | 37 kB | 20/52 kBProgress (4): 0.7/1.2 MB | 11 kB | 37 kB | 24/52 kBProgress (4): 0.7/1.2 MB | 11 kB | 37 kB | 28/52 kBProgress (4): 0.7/1.2 MB | 11 kB | 37 kB | 32/52 kBProgress (4): 0.7/1.2 MB | 11 kB | 37 kB | 36/52 kBProgress (4): 0.7/1.2 MB | 11 kB | 37 kB | 40/52 kBProgress (4): 0.7/1.2 MB | 11 kB | 37 kB | 44/52 kBProgress (4): 0.7/1.2 MB | 11 kB | 37 kB | 48/52 kB                                                   Downloading from artifactory-release: http://vps663090.ovh.net:8081/artifactory/libs-release/org/codehaus/plexus/plexus-velocity/1.1.7/plexus-velocity-1.1.7.jar
Downloaded from artifactory-release: http://vps663090.ovh.net:8081/artifactory/libs-release/org/apache/maven/doxia/doxia-module-fml/1.1.2/doxia-module-fml-1.1.2.jar (37 kB at 65 kB/s)
Downloading from artifactory-release: http://vps663090.ovh.net:8081/artifactory/libs-release/org/apache/velocity/velocity/1.5/velocity-1.5.jar
Downloaded from artifactory-release: http://vps663090.ovh.net:8081/artifactory/libs-release/org/codehaus/plexus/plexus-i18n/1.0-beta-7/plexus-i18n-1.0-beta-7.jar (11 kB at 18 kB/s)
Downloading from artifactory-release: http://vps663090.ovh.net:8081/artifactory/libs-release/commons-validator/commons-validator/1.2.0/commons-validator-1.2.0.jar
Progress (2): 0.7/1.2 MB | 52 kB                                Downloaded from artifactory-release: http://vps663090.ovh.net:8081/artifactory/libs-release/org/apache/maven/doxia/doxia-decoration-model/1.1.2/doxia-decoration-model-1.1.2.jar (52 kB at 88 kB/s)
Progress (1): 0.7/1.2 MBProgress (1): 0.7/1.2 MBProgress (1): 0.7/1.2 MBProgress (1): 0.7/1.2 MBProgress (1): 0.7/1.2 MBProgress (1): 0.7/1.2 MBProgress (1): 0.7/1.2 MBProgress (1): 0.7/1.2 MBProgress (1): 0.7/1.2 MBProgress (1): 0.7/1.2 MBProgress (1): 0.7/1.2 MBProgress (1): 0.7/1.2 MBProgress (1): 0.7/1.2 MBProgress (1): 0.7/1.2 MBProgress (1): 0.7/1.2 MBProgress (1): 0.7/1.2 MBProgress (1): 0.7/1.2 MBProgress (1): 0.7/1.2 MBProgress (1): 0.7/1.2 MBProgress (1): 0.7/1.2 MBProgress (1): 0.7/1.2 MBProgress (1): 0.7/1.2 MBProgress (1): 0.7/1.2 MBProgress (1): 0.7/1.2 MBProgress (1): 0.8/1.2 MBProgress (1): 0.8/1.2 MB                        Downloading from artifactory-release: http://vps663090.ovh.net:8081/artifactory/libs-release/commons-beanutils/commons-beanutils/1.7.0/commons-beanutils-1.7.0.jar
Progress (1): 0.8/1.2 MBProgress (1): 0.8/1.2 MBProgress (1): 0.8/1.2 MBProgress (1): 0.8/1.2 MBProgress (1): 0.8/1.2 MBProgress (1): 0.8/1.2 MBProgress (1): 0.8/1.2 MBProgress (1): 0.8/1.2 MBProgress (1): 0.8/1.2 MBProgress (1): 0.8/1.2 MBProgress (1): 0.8/1.2 MBProgress (1): 0.8/1.2 MBProgress (1): 0.8/1.2 MBProgress (1): 0.8/1.2 MBProgress (1): 0.8/1.2 MBProgress (1): 0.8/1.2 MBProgress (1): 0.8/1.2 MBProgress (1): 0.8/1.2 MBProgress (1): 0.8/1.2 MBProgress (1): 0.8/1.2 MBProgress (1): 0.8/1.2 MBProgress (1): 0.8/1.2 MBProgress (1): 0.9/1.2 MBProgress (1): 0.9/1.2 MBProgress (1): 0.9/1.2 MBProgress (1): 0.9/1.2 MBProgress (1): 0.9/1.2 MBProgress (2): 0.9/1.2 MB | 4.1/91 kBProgress (2): 0.9/1.2 MB | 7.5/91 kBProgress (2): 0.9/1.2 MB | 12/91 kB Progress (2): 0.9/1.2 MB | 16/91 kBProgress (2): 0.9/1.2 MB | 16/91 kBProgress (2): 0.9/1.2 MB | 16/91 kBProgress (2): 0.9/1.2 MB | 16/91 kBProgress (2): 0.9/1.2 MB | 16/91 kBProgress (2): 0.9/1.2 MB | 16/91 kBProgress (2): 0.9/1.2 MB | 16/91 kBProgress (2): 0.9/1.2 MB | 16/91 kBProgress (2): 0.9/1.2 MB | 16/91 kBProgress (2): 0.9/1.2 MB | 16/91 kBProgress (2): 0.9/1.2 MB | 16/91 kBProgress (2): 0.9/1.2 MB | 16/91 kBProgress (3): 0.9/1.2 MB | 16/91 kB | 4.1/7.7 kBProgress (4): 0.9/1.2 MB | 16/91 kB | 4.1/7.7 kB | 4.1/189 kBProgress (4): 0.9/1.2 MB | 20/91 kB | 4.1/7.7 kB | 4.1/189 kBProgress (4): 0.9/1.2 MB | 20/91 kB | 4.1/7.7 kB | 4.1/189 kBProgress (4): 0.9/1.2 MB | 20/91 kB | 4.1/7.7 kB | 4.1/189 kBProgress (4): 0.9/1.2 MB | 20/91 kB | 4.1/7.7 kB | 4.1/189 kBProgress (4): 0.9/1.2 MB | 20/91 kB | 4.1/7.7 kB | 4.1/189 kBProgress (4): 0.9/1.2 MB | 20/91 kB | 4.1/7.7 kB | 4.1/189 kBProgress (4): 0.9/1.2 MB | 20/91 kB | 4.1/7.7 kB | 4.1/189 kBProgress (4): 0.9/1.2 MB | 20/91 kB | 4.1/7.7 kB | 4.1/189 kBProgress (4): 0.9/1.2 MB | 20/91 kB | 4.1/7.7 kB | 4.1/189 kBProgress (4): 0.9/1.2 MB | 20/91 kB | 4.1/7.7 kB | 4.1/189 kBProgress (4): 1.0/1.2 MB | 20/91 kB | 4.1/7.7 kB | 4.1/189 kBProgress (4): 1.0/1.2 MB | 20/91 kB | 4.1/7.7 kB | 4.1/189 kBProgress (4): 1.0/1.2 MB | 20/91 kB | 4.1/7.7 kB | 4.1/189 kBProgress (4): 1.0/1.2 MB | 20/91 kB | 4.1/7.7 kB | 4.1/189 kBProgress (4): 1.0/1.2 MB | 20/91 kB | 4.1/7.7 kB | 4.1/189 kBProgress (4): 1.0/1.2 MB | 20/91 kB | 4.1/7.7 kB | 4.1/189 kBProgress (4): 1.0/1.2 MB | 20/91 kB | 4.1/7.7 kB | 4.1/189 kBProgress (4): 1.0/1.2 MB | 20/91 kB | 4.1/7.7 kB | 4.1/189 kBProgress (4): 1.0/1.2 MB | 20/91 kB | 4.1/7.7 kB | 4.1/189 kBProgress (4): 1.0/1.2 MB | 20/91 kB | 4.1/7.7 kB | 4.1/189 kBProgress (4): 1.0/1.2 MB | 20/91 kB | 4.1/7.7 kB | 4.1/189 kBProgress (4): 1.0/1.2 MB | 20/91 kB | 4.1/7.7 kB | 4.1/189 kBProgress (4): 1.0/1.2 MB | 20/91 kB | 4.1/7.7 kB | 4.1/189 kBProgress (4): 1.0/1.2 MB | 20/91 kB | 4.1/7.7 kB | 4.1/189 kBProgress (4): 1.0/1.2 MB | 20/91 kB | 4.1/7.7 kB | 4.1/189 kBProgress (4): 1.0/1.2 MB | 20/91 kB | 7.5/7.7 kB | 4.1/189 kBProgress (4): 1.0/1.2 MB | 20/91 kB | 7.7 kB | 4.1/189 kB    Progress (4): 1.0/1.2 MB | 20/91 kB | 7.7 kB | 7.5/189 kBProgress (4): 1.0/1.2 MB | 20/91 kB | 7.7 kB | 12/189 kB Progress (4): 1.0/1.2 MB | 20/91 kB | 7.7 kB | 16/189 kBProgress (4): 1.0/1.2 MB | 20/91 kB | 7.7 kB | 20/189 kBProgress (4): 1.0/1.2 MB | 20/91 kB | 7.7 kB | 24/189 kBProgress (4): 1.0/1.2 MB | 20/91 kB | 7.7 kB | 28/189 kBProgress (4): 1.0/1.2 MB | 20/91 kB | 7.7 kB | 32/189 kBProgress (4): 1.0/1.2 MB | 20/91 kB | 7.7 kB | 36/189 kBProgress (4): 1.0/1.2 MB | 20/91 kB | 7.7 kB | 40/189 kBProgress (4): 1.0/1.2 MB | 20/91 kB | 7.7 kB | 44/189 kBProgress (4): 1.0/1.2 MB | 20/91 kB | 7.7 kB | 48/189 kBProgress (4): 1.0/1.2 MB | 20/91 kB | 7.7 kB | 53/189 kBProgress (4): 1.0/1.2 MB | 20/91 kB | 7.7 kB | 57/189 kBProgress (4): 1.0/1.2 MB | 20/91 kB | 7.7 kB | 61/189 kBProgress (4): 1.0/1.2 MB | 20/91 kB | 7.7 kB | 65/189 kBProgress (4): 1.0/1.2 MB | 20/91 kB | 7.7 kB | 69/189 kBProgress (4): 1.0/1.2 MB | 20/91 kB | 7.7 kB | 73/189 kBProgress (4): 1.0/1.2 MB | 20/91 kB | 7.7 kB | 77/189 kBProgress (4): 1.0/1.2 MB | 20/91 kB | 7.7 kB | 81/189 kBProgress (4): 1.0/1.2 MB | 20/91 kB | 7.7 kB | 85/189 kBProgress (4): 1.0/1.2 MB | 24/91 kB | 7.7 kB | 85/189 kBProgress (4): 1.0/1.2 MB | 28/91 kB | 7.7 kB | 85/189 kBProgress (4): 1.0/1.2 MB | 32/91 kB | 7.7 kB | 85/189 kBProgress (4): 1.0/1.2 MB | 36/91 kB | 7.7 kB | 85/189 kBProgress (4): 1.0/1.2 MB | 40/91 kB | 7.7 kB | 85/189 kBProgress (4): 1.0/1.2 MB | 44/91 kB | 7.7 kB | 85/189 kBProgress (4): 1.0/1.2 MB | 48/91 kB | 7.7 kB | 85/189 kBProgress (4): 1.0/1.2 MB | 53/91 kB | 7.7 kB | 85/189 kBProgress (4): 1.0/1.2 MB | 57/91 kB | 7.7 kB | 85/189 kBProgress (4): 1.0/1.2 MB | 61/91 kB | 7.7 kB | 85/189 kBProgress (4): 1.0/1.2 MB | 65/91 kB | 7.7 kB | 85/189 kBProgress (4): 1.0/1.2 MB | 69/91 kB | 7.7 kB | 85/189 kBProgress (4): 1.0/1.2 MB | 73/91 kB | 7.7 kB | 85/189 kBProgress (4): 1.0/1.2 MB | 77/91 kB | 7.7 kB | 85/189 kBProgress (4): 1.0/1.2 MB | 81/91 kB | 7.7 kB | 85/189 kBProgress (4): 1.0/1.2 MB | 85/91 kB | 7.7 kB | 85/189 kBProgress (4): 1.0/1.2 MB | 89/91 kB | 7.7 kB | 85/189 kBProgress (4): 1.0/1.2 MB | 91 kB | 7.7 kB | 85/189 kB   Progress (4): 1.0/1.2 MB | 91 kB | 7.7 kB | 85/189 kB                                                     Downloaded from artifactory-release: http://vps663090.ovh.net:8081/artifactory/libs-release/org/codehaus/plexus/plexus-velocity/1.1.7/plexus-velocity-1.1.7.jar (7.7 kB at 8.6 kB/s)
Downloading from artifactory-release: http://vps663090.ovh.net:8081/artifactory/libs-release/commons-digester/commons-digester/1.6/commons-digester-1.6.jar
Progress (3): 1.0/1.2 MB | 91 kB | 85/189 kBProgress (3): 1.0/1.2 MB | 91 kB | 85/189 kBProgress (3): 1.0/1.2 MB | 91 kB | 85/189 kB                                            Downloaded from artifactory-release: http://vps663090.ovh.net:8081/artifactory/libs-release/commons-validator/commons-validator/1.2.0/commons-validator-1.2.0.jar (91 kB at 101 kB/s)
Progress (2): 1.0/1.2 MB | 89/189 kBProgress (2): 1.0/1.2 MB | 94/189 kBProgress (2): 1.0/1.2 MB | 98/189 kBProgress (2): 1.0/1.2 MB | 102/189 kBProgress (2): 1.0/1.2 MB | 106/189 kBProgress (2): 1.0/1.2 MB | 110/189 kBProgress (2): 1.0/1.2 MB | 114/189 kBProgress (2): 1.0/1.2 MB | 118/189 kBProgress (2): 1.0/1.2 MB | 122/189 kBProgress (2): 1.0/1.2 MB | 126/189 kBProgress (2): 1.0/1.2 MB | 130/189 kBProgress (2): 1.0/1.2 MB | 134/189 kBProgress (2): 1.0/1.2 MB | 139/189 kBProgress (2): 1.0/1.2 MB | 143/189 kBProgress (2): 1.0/1.2 MB | 147/189 kBProgress (2): 1.0/1.2 MB | 151/189 kBProgress (2): 1.0/1.2 MB | 155/189 kBProgress (2): 1.0/1.2 MB | 159/189 kBProgress (2): 1.0/1.2 MB | 163/189 kBProgress (2): 1.0/1.2 MB | 167/189 kBProgress (2): 1.0/1.2 MB | 171/189 kBProgress (2): 1.0/1.2 MB | 175/189 kBProgress (2): 1.0/1.2 MB | 180/189 kBProgress (2): 1.0/1.2 MB | 184/189 kBProgress (2): 1.0/1.2 MB | 188/189 kBProgress (2): 1.0/1.2 MB | 189 kB    Progress (2): 1.0/1.2 MB | 189 kBProgress (2): 1.0/1.2 MB | 189 kBProgress (2): 1.0/1.2 MB | 189 kBProgress (2): 1.0/1.2 MB | 189 kBProgress (2): 1.0/1.2 MB | 189 kBProgress (2): 1.1/1.2 MB | 189 kBProgress (2): 1.1/1.2 MB | 189 kBProgress (2): 1.1/1.2 MB | 189 kBProgress (2): 1.1/1.2 MB | 189 kBProgress (2): 1.1/1.2 MB | 189 kBProgress (2): 1.1/1.2 MB | 189 kBProgress (2): 1.1/1.2 MB | 189 kBProgress (2): 1.1/1.2 MB | 189 kBProgress (2): 1.1/1.2 MB | 189 kBProgress (2): 1.1/1.2 MB | 189 kBProgress (2): 1.1/1.2 MB | 189 kBProgress (2): 1.1/1.2 MB | 189 kBProgress (2): 1.1/1.2 MB | 189 kBProgress (2): 1.1/1.2 MB | 189 kBProgress (2): 1.1/1.2 MB | 189 kBProgress (2): 1.1/1.2 MB | 189 kBProgress (2): 1.1/1.2 MB | 189 kBProgress (2): 1.1/1.2 MB | 189 kBProgress (2): 1.1/1.2 MB | 189 kBProgress (2): 1.1/1.2 MB | 189 kBProgress (2): 1.1/1.2 MB | 189 kB                                 Downloading from artifactory-release: http://vps663090.ovh.net:8081/artifactory/libs-release/commons-logging/commons-logging/1.0.4/commons-logging-1.0.4.jar
Progress (3): 1.1/1.2 MB | 189 kB | 4.1/392 kBProgress (3): 1.1/1.2 MB | 189 kB | 7.5/392 kBProgress (3): 1.1/1.2 MB | 189 kB | 12/392 kB Progress (3): 1.1/1.2 MB | 189 kB | 16/392 kBProgress (3): 1.1/1.2 MB | 189 kB | 20/392 kBProgress (3): 1.1/1.2 MB | 189 kB | 24/392 kBProgress (3): 1.1/1.2 MB | 189 kB | 28/392 kBProgress (3): 1.1/1.2 MB | 189 kB | 32/392 kBProgress (3): 1.1/1.2 MB | 189 kB | 36/392 kBProgress (3): 1.1/1.2 MB | 189 kB | 40/392 kBProgress (3): 1.1/1.2 MB | 189 kB | 44/392 kBProgress (3): 1.1/1.2 MB | 189 kB | 48/392 kBProgress (3): 1.1/1.2 MB | 189 kB | 48/392 kBProgress (3): 1.1/1.2 MB | 189 kB | 53/392 kBProgress (3): 1.1/1.2 MB | 189 kB | 57/392 kBProgress (3): 1.1/1.2 MB | 189 kB | 61/392 kBProgress (3): 1.1/1.2 MB | 189 kB | 65/392 kBProgress (3): 1.1/1.2 MB | 189 kB | 69/392 kBProgress (3): 1.1/1.2 MB | 189 kB | 73/392 kBProgress (3): 1.1/1.2 MB | 189 kB | 77/392 kBProgress (3): 1.1/1.2 MB | 189 kB | 81/392 kBProgress (3): 1.1/1.2 MB | 189 kB | 85/392 kBProgress (3): 1.1/1.2 MB | 189 kB | 89/392 kBProgress (3): 1.1/1.2 MB | 189 kB | 94/392 kBProgress (3): 1.1/1.2 MB | 189 kB | 98/392 kBProgress (3): 1.1/1.2 MB | 189 kB | 102/392 kBProgress (3): 1.1/1.2 MB | 189 kB | 106/392 kBProgress (3): 1.1/1.2 MB | 189 kB | 110/392 kBProgress (4): 1.1/1.2 MB | 189 kB | 110/392 kB | 4.1/38 kBProgress (4): 1.1/1.2 MB | 189 kB | 110/392 kB | 7.5/38 kBProgress (4): 1.1/1.2 MB | 189 kB | 110/392 kB | 12/38 kB Progress (4): 1.1/1.2 MB | 189 kB | 110/392 kB | 16/38 kBProgress (4): 1.1/1.2 MB | 189 kB | 110/392 kB | 20/38 kBProgress (4): 1.1/1.2 MB | 189 kB | 110/392 kB | 24/38 kBProgress (4): 1.1/1.2 MB | 189 kB | 110/392 kB | 28/38 kBProgress (4): 1.1/1.2 MB | 189 kB | 110/392 kB | 32/38 kBProgress (4): 1.1/1.2 MB | 189 kB | 110/392 kB | 36/38 kBProgress (4): 1.1/1.2 MB | 189 kB | 110/392 kB | 38 kB   Progress (4): 1.1/1.2 MB | 189 kB | 110/392 kB | 38 kBProgress (4): 1.1/1.2 MB | 189 kB | 110/392 kB | 38 kBProgress (4): 1.2/1.2 MB | 189 kB | 110/392 kB | 38 kBProgress (4): 1.2/1.2 MB | 189 kB | 110/392 kB | 38 kBProgress (4): 1.2/1.2 MB | 189 kB | 110/392 kB | 38 kBProgress (4): 1.2/1.2 MB | 189 kB | 110/392 kB | 38 kBProgress (4): 1.2/1.2 MB | 189 kB | 110/392 kB | 38 kBProgress (4): 1.2/1.2 MB | 189 kB | 110/392 kB | 38 kB                                                      Downloaded from artifactory-release: http://vps663090.ovh.net:8081/artifactory/libs-release/commons-beanutils/commons-beanutils/1.7.0/commons-beanutils-1.7.0.jar (189 kB at 168 kB/s)
Downloading from artifactory-release: http://vps663090.ovh.net:8081/artifactory/libs-release/xml-apis/xml-apis/1.0.b2/xml-apis-1.0.b2.jar
Progress (3): 1.2/1.2 MB | 110/392 kB | 38 kBProgress (3): 1.2/1.2 MB | 110/392 kB | 38 kBProgress (3): 1.2/1.2 MB | 110/392 kB | 38 kBProgress (3): 1.2/1.2 MB | 110/392 kB | 38 kBProgress (3): 1.2/1.2 MB | 110/392 kB | 38 kBProgress (3): 1.2/1.2 MB | 110/392 kB | 38 kBProgress (3): 1.2/1.2 MB | 110/392 kB | 38 kBProgress (3): 1.2/1.2 MB | 110/392 kB | 38 kBProgress (3): 1.2/1.2 MB | 110/392 kB | 38 kBProgress (3): 1.2/1.2 MB | 110/392 kB | 38 kBProgress (3): 1.2 MB | 110/392 kB | 38 kB    Progress (3): 1.2 MB | 114/392 kB | 38 kBProgress (4): 1.2 MB | 114/392 kB | 38 kB | 4.1/168 kBProgress (4): 1.2 MB | 114/392 kB | 38 kB | 7.5/168 kBProgress (4): 1.2 MB | 114/392 kB | 38 kB | 12/168 kB Progress (4): 1.2 MB | 114/392 kB | 38 kB | 16/168 kBProgress (5): 1.2 MB | 114/392 kB | 38 kB | 16/168 kB | 4.1/109 kBProgress (5): 1.2 MB | 114/392 kB | 38 kB | 16/168 kB | 7.5/109 kBProgress (5): 1.2 MB | 114/392 kB | 38 kB | 16/168 kB | 12/109 kB Progress (5): 1.2 MB | 114/392 kB | 38 kB | 16/168 kB | 16/109 kBProgress (5): 1.2 MB | 118/392 kB | 38 kB | 16/168 kB | 16/109 kBProgress (5): 1.2 MB | 122/392 kB | 38 kB | 16/168 kB | 16/109 kBProgress (5): 1.2 MB | 126/392 kB | 38 kB | 16/168 kB | 16/109 kBProgress (5): 1.2 MB | 130/392 kB | 38 kB | 16/168 kB | 16/109 kB                                                                 Downloaded from artifactory-release: http://vps663090.ovh.net:8081/artifactory/libs-release/commons-logging/commons-logging/1.0.4/commons-logging-1.0.4.jar (38 kB at 33 kB/s)
Progress (4): 1.2 MB | 135/392 kB | 16/168 kB | 16/109 kBProgress (4): 1.2 MB | 139/392 kB | 16/168 kB | 16/109 kBProgress (4): 1.2 MB | 143/392 kB | 16/168 kB | 16/109 kBProgress (4): 1.2 MB | 147/392 kB | 16/168 kB | 16/109 kBProgress (4): 1.2 MB | 151/392 kB | 16/168 kB | 16/109 kBProgress (4): 1.2 MB | 155/392 kB | 16/168 kB | 16/109 kBProgress (4): 1.2 MB | 159/392 kB | 16/168 kB | 16/109 kBProgress (4): 1.2 MB | 163/392 kB | 16/168 kB | 16/109 kBProgress (4): 1.2 MB | 167/392 kB | 16/168 kB | 16/109 kBProgress (4): 1.2 MB | 171/392 kB | 16/168 kB | 16/109 kBProgress (4): 1.2 MB | 175/392 kB | 16/168 kB | 16/109 kBProgress (4): 1.2 MB | 180/392 kB | 16/168 kB | 16/109 kB                                                         Downloaded from artifactory-release: http://vps663090.ovh.net:8081/artifactory/libs-release/xerces/xercesImpl/2.8.1/xercesImpl-2.8.1.jar (1.2 MB at 1.0 MB/s)
Progress (3): 180/392 kB | 20/168 kB | 16/109 kBProgress (3): 180/392 kB | 24/168 kB | 16/109 kBProgress (3): 180/392 kB | 28/168 kB | 16/109 kBProgress (3): 180/392 kB | 32/168 kB | 16/109 kBProgress (3): 180/392 kB | 36/168 kB | 16/109 kBProgress (3): 180/392 kB | 40/168 kB | 16/109 kBProgress (3): 180/392 kB | 44/168 kB | 16/109 kBProgress (3): 180/392 kB | 48/168 kB | 16/109 kBProgress (3): 180/392 kB | 53/168 kB | 16/109 kBProgress (3): 180/392 kB | 57/168 kB | 16/109 kBProgress (3): 180/392 kB | 61/168 kB | 16/109 kB                                                Downloading from artifactory-release: http://vps663090.ovh.net:8081/artifactory/libs-release/org/jacoco/org.jacoco.agent/0.8.2/org.jacoco.agent-0.8.2-runtime.jar
Progress (3): 180/392 kB | 65/168 kB | 16/109 kBProgress (3): 180/392 kB | 69/168 kB | 16/109 kBProgress (3): 180/392 kB | 73/168 kB | 16/109 kBProgress (3): 180/392 kB | 77/168 kB | 16/109 kBProgress (3): 180/392 kB | 81/168 kB | 16/109 kBProgress (3): 180/392 kB | 85/168 kB | 16/109 kBProgress (3): 180/392 kB | 89/168 kB | 16/109 kBProgress (3): 180/392 kB | 94/168 kB | 16/109 kBProgress (3): 180/392 kB | 98/168 kB | 16/109 kBProgress (3): 180/392 kB | 102/168 kB | 16/109 kBProgress (3): 180/392 kB | 106/168 kB | 16/109 kBProgress (3): 180/392 kB | 110/168 kB | 16/109 kBProgress (3): 180/392 kB | 114/168 kB | 16/109 kB                                                 Downloading from artifactory-release: http://vps663090.ovh.net:8081/artifactory/libs-release/org/jacoco/org.jacoco.core/0.8.2/org.jacoco.core-0.8.2.jar
Progress (3): 184/392 kB | 114/168 kB | 16/109 kBProgress (3): 188/392 kB | 114/168 kB | 16/109 kBProgress (3): 192/392 kB | 114/168 kB | 16/109 kBProgress (3): 196/392 kB | 114/168 kB | 16/109 kBProgress (3): 200/392 kB | 114/168 kB | 16/109 kBProgress (3): 204/392 kB | 114/168 kB | 16/109 kBProgress (3): 208/392 kB | 114/168 kB | 16/109 kBProgress (3): 212/392 kB | 114/168 kB | 16/109 kBProgress (3): 216/392 kB | 114/168 kB | 16/109 kBProgress (3): 221/392 kB | 114/168 kB | 16/109 kBProgress (3): 225/392 kB | 114/168 kB | 16/109 kBProgress (3): 229/392 kB | 114/168 kB | 16/109 kBProgress (3): 233/392 kB | 114/168 kB | 16/109 kBProgress (3): 237/392 kB | 114/168 kB | 16/109 kBProgress (3): 241/392 kB | 114/168 kB | 16/109 kBProgress (3): 245/392 kB | 114/168 kB | 16/109 kBProgress (3): 249/392 kB | 114/168 kB | 16/109 kBProgress (3): 253/392 kB | 114/168 kB | 16/109 kBProgress (3): 257/392 kB | 114/168 kB | 16/109 kBProgress (3): 261/392 kB | 114/168 kB | 16/109 kBProgress (3): 266/392 kB | 114/168 kB | 16/109 kBProgress (3): 270/392 kB | 114/168 kB | 16/109 kBProgress (3): 274/392 kB | 114/168 kB | 16/109 kBProgress (3): 278/392 kB | 114/168 kB | 16/109 kBProgress (3): 282/392 kB | 114/168 kB | 16/109 kBProgress (3): 286/392 kB | 114/168 kB | 16/109 kBProgress (3): 290/392 kB | 114/168 kB | 16/109 kBProgress (3): 294/392 kB | 114/168 kB | 16/109 kBProgress (3): 298/392 kB | 114/168 kB | 16/109 kBProgress (3): 302/392 kB | 114/168 kB | 16/109 kBProgress (3): 307/392 kB | 114/168 kB | 16/109 kBProgress (3): 311/392 kB | 114/168 kB | 16/109 kBProgress (3): 315/392 kB | 114/168 kB | 16/109 kBProgress (3): 319/392 kB | 114/168 kB | 16/109 kBProgress (3): 323/392 kB | 114/168 kB | 16/109 kBProgress (3): 327/392 kB | 114/168 kB | 16/109 kBProgress (3): 331/392 kB | 114/168 kB | 16/109 kBProgress (3): 335/392 kB | 114/168 kB | 16/109 kBProgress (3): 339/392 kB | 114/168 kB | 16/109 kBProgress (3): 343/392 kB | 114/168 kB | 16/109 kBProgress (3): 348/392 kB | 114/168 kB | 16/109 kBProgress (3): 352/392 kB | 114/168 kB | 16/109 kBProgress (3): 356/392 kB | 114/168 kB | 16/109 kBProgress (3): 360/392 kB | 114/168 kB | 16/109 kBProgress (3): 364/392 kB | 114/168 kB | 16/109 kBProgress (3): 368/392 kB | 114/168 kB | 16/109 kBProgress (3): 372/392 kB | 114/168 kB | 16/109 kBProgress (3): 376/392 kB | 114/168 kB | 16/109 kBProgress (3): 380/392 kB | 114/168 kB | 16/109 kBProgress (3): 384/392 kB | 114/168 kB | 16/109 kBProgress (3): 388/392 kB | 114/168 kB | 16/109 kBProgress (3): 392 kB | 114/168 kB | 16/109 kB                                                 Downloaded from artifactory-release: http://vps663090.ovh.net:8081/artifactory/libs-release/org/apache/velocity/velocity/1.5/velocity-1.5.jar (392 kB at 316 kB/s)
Progress (2): 118/168 kB | 16/109 kBProgress (2): 122/168 kB | 16/109 kBProgress (2): 126/168 kB | 16/109 kBProgress (2): 130/168 kB | 16/109 kBProgress (2): 134/168 kB | 16/109 kBProgress (2): 139/168 kB | 16/109 kBProgress (2): 143/168 kB | 16/109 kBProgress (2): 147/168 kB | 16/109 kBProgress (2): 151/168 kB | 16/109 kBProgress (2): 155/168 kB | 16/109 kBProgress (2): 159/168 kB | 16/109 kBProgress (2): 163/168 kB | 16/109 kBProgress (2): 167/168 kB | 16/109 kBProgress (2): 168 kB | 16/109 kB                                    Downloaded from artifactory-release: http://vps663090.ovh.net:8081/artifactory/libs-release/commons-digester/commons-digester/1.6/commons-digester-1.6.jar (168 kB at 134 kB/s)
Progress (2): 16/109 kB | 4.1/270 kBProgress (2): 16/109 kB | 7.5/270 kBProgress (2): 16/109 kB | 12/270 kB Progress (2): 16/109 kB | 16/270 kBProgress (2): 16/109 kB | 20/270 kBProgress (2): 16/109 kB | 24/270 kBProgress (2): 16/109 kB | 28/270 kBProgress (2): 16/109 kB | 32/270 kBProgress (2): 16/109 kB | 36/270 kBProgress (2): 16/109 kB | 40/270 kBProgress (2): 16/109 kB | 44/270 kBProgress (2): 16/109 kB | 48/270 kBProgress (2): 16/109 kB | 53/270 kBProgress (2): 16/109 kB | 57/270 kBProgress (2): 16/109 kB | 61/270 kBProgress (2): 16/109 kB | 65/270 kBProgress (2): 16/109 kB | 69/270 kBProgress (2): 16/109 kB | 73/270 kBProgress (2): 16/109 kB | 77/270 kBProgress (2): 16/109 kB | 81/270 kBProgress (2): 16/109 kB | 85/270 kBProgress (2): 16/109 kB | 89/270 kBProgress (2): 16/109 kB | 93/270 kBProgress (2): 16/109 kB | 98/270 kBProgress (2): 16/109 kB | 102/270 kBProgress (2): 16/109 kB | 106/270 kBProgress (2): 16/109 kB | 110/270 kBProgress (2): 16/109 kB | 114/270 kB                                    Downloading from artifactory-release: http://vps663090.ovh.net:8081/artifactory/libs-release/org/ow2/asm/asm/6.2.1/asm-6.2.1.jar
Downloading from artifactory-release: http://vps663090.ovh.net:8081/artifactory/libs-release/org/ow2/asm/asm-commons/6.2.1/asm-commons-6.2.1.jar
Progress (2): 16/109 kB | 118/270 kBProgress (2): 16/109 kB | 122/270 kBProgress (2): 16/109 kB | 126/270 kBProgress (2): 16/109 kB | 130/270 kBProgress (2): 16/109 kB | 134/270 kBProgress (2): 16/109 kB | 139/270 kBProgress (2): 16/109 kB | 143/270 kBProgress (2): 16/109 kB | 147/270 kBProgress (2): 16/109 kB | 151/270 kBProgress (2): 16/109 kB | 155/270 kBProgress (2): 16/109 kB | 159/270 kBProgress (2): 16/109 kB | 163/270 kBProgress (2): 16/109 kB | 167/270 kBProgress (2): 16/109 kB | 171/270 kBProgress (2): 16/109 kB | 175/270 kBProgress (2): 16/109 kB | 180/270 kBProgress (2): 16/109 kB | 184/270 kBProgress (2): 16/109 kB | 188/270 kBProgress (2): 16/109 kB | 192/270 kBProgress (2): 20/109 kB | 192/270 kBProgress (2): 24/109 kB | 192/270 kBProgress (2): 28/109 kB | 192/270 kBProgress (2): 32/109 kB | 192/270 kBProgress (2): 36/109 kB | 192/270 kBProgress (2): 40/109 kB | 192/270 kBProgress (2): 44/109 kB | 192/270 kBProgress (2): 48/109 kB | 192/270 kBProgress (2): 53/109 kB | 192/270 kBProgress (3): 53/109 kB | 192/270 kB | 4.1/175 kBProgress (3): 53/109 kB | 192/270 kB | 7.5/175 kBProgress (3): 53/109 kB | 192/270 kB | 12/175 kB Progress (3): 53/109 kB | 192/270 kB | 16/175 kBProgress (3): 57/109 kB | 192/270 kB | 16/175 kBProgress (3): 61/109 kB | 192/270 kB | 16/175 kBProgress (3): 65/109 kB | 192/270 kB | 16/175 kBProgress (3): 69/109 kB | 192/270 kB | 16/175 kBProgress (3): 73/109 kB | 192/270 kB | 16/175 kBProgress (3): 77/109 kB | 192/270 kB | 16/175 kBProgress (3): 81/109 kB | 192/270 kB | 16/175 kBProgress (3): 85/109 kB | 192/270 kB | 16/175 kBProgress (3): 89/109 kB | 192/270 kB | 16/175 kBProgress (3): 94/109 kB | 192/270 kB | 16/175 kBProgress (3): 98/109 kB | 192/270 kB | 16/175 kBProgress (3): 102/109 kB | 192/270 kB | 16/175 kBProgress (3): 106/109 kB | 192/270 kB | 16/175 kBProgress (3): 109 kB | 192/270 kB | 16/175 kB    Progress (3): 109 kB | 196/270 kB | 16/175 kBProgress (3): 109 kB | 200/270 kB | 16/175 kBProgress (3): 109 kB | 204/270 kB | 16/175 kBProgress (3): 109 kB | 208/270 kB | 16/175 kBProgress (3): 109 kB | 212/270 kB | 16/175 kB                                             Downloaded from artifactory-release: http://vps663090.ovh.net:8081/artifactory/libs-release/xml-apis/xml-apis/1.0.b2/xml-apis-1.0.b2.jar (109 kB at 83 kB/s)
Downloading from artifactory-release: http://vps663090.ovh.net:8081/artifactory/libs-release/org/ow2/asm/asm-analysis/6.2.1/asm-analysis-6.2.1.jar
Progress (2): 216/270 kB | 16/175 kBProgress (2): 220/270 kB | 16/175 kBProgress (2): 225/270 kB | 16/175 kBProgress (2): 229/270 kB | 16/175 kBProgress (2): 233/270 kB | 16/175 kBProgress (2): 237/270 kB | 16/175 kBProgress (2): 241/270 kB | 16/175 kBProgress (2): 245/270 kB | 16/175 kBProgress (2): 249/270 kB | 16/175 kBProgress (2): 253/270 kB | 16/175 kBProgress (2): 257/270 kB | 16/175 kBProgress (2): 261/270 kB | 16/175 kBProgress (2): 266/270 kB | 16/175 kBProgress (2): 270 kB | 16/175 kB                                    Downloaded from artifactory-release: http://vps663090.ovh.net:8081/artifactory/libs-release/org/jacoco/org.jacoco.agent/0.8.2/org.jacoco.agent-0.8.2-runtime.jar (270 kB at 201 kB/s)
Downloading from artifactory-release: http://vps663090.ovh.net:8081/artifactory/libs-release/org/ow2/asm/asm-tree/6.2.1/asm-tree-6.2.1.jar
Progress (1): 20/175 kBProgress (2): 20/175 kB | 4.1/50 kBProgress (2): 20/175 kB | 7.5/50 kBProgress (2): 20/175 kB | 12/50 kB Progress (2): 20/175 kB | 16/50 kBProgress (2): 24/175 kB | 16/50 kBProgress (2): 28/175 kB | 16/50 kBProgress (2): 32/175 kB | 16/50 kBProgress (2): 36/175 kB | 16/50 kBProgress (2): 40/175 kB | 16/50 kBProgress (2): 44/175 kB | 16/50 kBProgress (2): 48/175 kB | 16/50 kBProgress (2): 53/175 kB | 16/50 kBProgress (2): 57/175 kB | 16/50 kBProgress (2): 61/175 kB | 16/50 kBProgress (2): 65/175 kB | 16/50 kBProgress (2): 69/175 kB | 16/50 kBProgress (2): 73/175 kB | 16/50 kBProgress (2): 77/175 kB | 16/50 kBProgress (2): 81/175 kB | 16/50 kBProgress (2): 85/175 kB | 16/50 kBProgress (2): 89/175 kB | 16/50 kBProgress (2): 94/175 kB | 16/50 kBProgress (2): 98/175 kB | 16/50 kBProgress (2): 102/175 kB | 16/50 kBProgress (2): 106/175 kB | 16/50 kBProgress (2): 110/175 kB | 16/50 kBProgress (2): 114/175 kB | 16/50 kBProgress (2): 118/175 kB | 16/50 kBProgress (2): 122/175 kB | 16/50 kBProgress (2): 126/175 kB | 16/50 kBProgress (2): 130/175 kB | 16/50 kBProgress (2): 134/175 kB | 16/50 kBProgress (2): 139/175 kB | 16/50 kBProgress (2): 139/175 kB | 20/50 kBProgress (2): 139/175 kB | 24/50 kBProgress (2): 139/175 kB | 28/50 kBProgress (2): 139/175 kB | 32/50 kBProgress (2): 139/175 kB | 36/50 kBProgress (2): 139/175 kB | 40/50 kBProgress (2): 139/175 kB | 44/50 kBProgress (2): 139/175 kB | 48/50 kBProgress (2): 143/175 kB | 48/50 kBProgress (2): 147/175 kB | 48/50 kBProgress (2): 151/175 kB | 48/50 kBProgress (2): 155/175 kB | 48/50 kBProgress (2): 159/175 kB | 48/50 kBProgress (2): 163/175 kB | 48/50 kBProgress (2): 167/175 kB | 48/50 kBProgress (2): 171/175 kB | 48/50 kBProgress (2): 175 kB | 48/50 kB                                   Downloaded from artifactory-release: http://vps663090.ovh.net:8081/artifactory/libs-release/org/jacoco/org.jacoco.core/0.8.2/org.jacoco.core-0.8.2.jar (175 kB at 125 kB/s)
Downloading from artifactory-release: http://vps663090.ovh.net:8081/artifactory/libs-release/org/jacoco/org.jacoco.report/0.8.2/org.jacoco.report-0.8.2.jar
Progress (2): 48/50 kB | 4.1/33 kBProgress (2): 48/50 kB | 7.5/33 kBProgress (2): 48/50 kB | 12/33 kB Progress (2): 48/50 kB | 16/33 kBProgress (3): 48/50 kB | 16/33 kB | 4.1/113 kBProgress (3): 48/50 kB | 16/33 kB | 7.5/113 kBProgress (4): 48/50 kB | 16/33 kB | 7.5/113 kB | 4.1/128 kBProgress (4): 48/50 kB | 16/33 kB | 7.5/113 kB | 7.5/128 kBProgress (4): 48/50 kB | 16/33 kB | 7.5/113 kB | 12/128 kB Progress (4): 48/50 kB | 16/33 kB | 7.5/113 kB | 16/128 kBProgress (4): 50 kB | 16/33 kB | 7.5/113 kB | 16/128 kB   Progress (4): 50 kB | 20/33 kB | 7.5/113 kB | 16/128 kBProgress (4): 50 kB | 24/33 kB | 7.5/113 kB | 16/128 kBProgress (4): 50 kB | 28/33 kB | 7.5/113 kB | 16/128 kBProgress (4): 50 kB | 32/33 kB | 7.5/113 kB | 16/128 kBProgress (4): 50 kB | 33 kB | 7.5/113 kB | 16/128 kB   Progress (5): 50 kB | 33 kB | 7.5/113 kB | 16/128 kB | 4.1/79 kBProgress (5): 50 kB | 33 kB | 12/113 kB | 16/128 kB | 4.1/79 kB Progress (5): 50 kB | 33 kB | 16/113 kB | 16/128 kB | 4.1/79 kBProgress (5): 50 kB | 33 kB | 16/113 kB | 16/128 kB | 7.5/79 kBProgress (5): 50 kB | 33 kB | 16/113 kB | 16/128 kB | 12/79 kB Progress (5): 50 kB | 33 kB | 16/113 kB | 16/128 kB | 16/79 kB                                                              Downloaded from artifactory-release: http://vps663090.ovh.net:8081/artifactory/libs-release/org/ow2/asm/asm-analysis/6.2.1/asm-analysis-6.2.1.jar (33 kB at 20 kB/s)
Progress (4): 50 kB | 20/113 kB | 16/128 kB | 16/79 kBProgress (4): 50 kB | 24/113 kB | 16/128 kB | 16/79 kBProgress (4): 50 kB | 28/113 kB | 16/128 kB | 16/79 kBProgress (4): 50 kB | 32/113 kB | 16/128 kB | 16/79 kBProgress (4): 50 kB | 36/113 kB | 16/128 kB | 16/79 kBProgress (4): 50 kB | 40/113 kB | 16/128 kB | 16/79 kBProgress (4): 50 kB | 44/113 kB | 16/128 kB | 16/79 kBProgress (4): 50 kB | 49/113 kB | 16/128 kB | 16/79 kBProgress (4): 50 kB | 53/113 kB | 16/128 kB | 16/79 kBProgress (4): 50 kB | 57/113 kB | 16/128 kB | 16/79 kB                                                      Downloaded from artifactory-release: http://vps663090.ovh.net:8081/artifactory/libs-release/org/ow2/asm/asm-tree/6.2.1/asm-tree-6.2.1.jar (50 kB at 30 kB/s)
Progress (3): 61/113 kB | 16/128 kB | 16/79 kBProgress (3): 65/113 kB | 16/128 kB | 16/79 kBProgress (3): 69/113 kB | 16/128 kB | 16/79 kBProgress (3): 73/113 kB | 16/128 kB | 16/79 kBProgress (3): 77/113 kB | 16/128 kB | 16/79 kBProgress (3): 81/113 kB | 16/128 kB | 16/79 kBProgress (3): 85/113 kB | 16/128 kB | 16/79 kBProgress (3): 89/113 kB | 16/128 kB | 16/79 kBProgress (3): 94/113 kB | 16/128 kB | 16/79 kBProgress (3): 98/113 kB | 16/128 kB | 16/79 kBProgress (3): 102/113 kB | 16/128 kB | 16/79 kBProgress (3): 106/113 kB | 16/128 kB | 16/79 kBProgress (3): 110/113 kB | 16/128 kB | 16/79 kBProgress (3): 113 kB | 16/128 kB | 16/79 kB                                               Downloaded from artifactory-release: http://vps663090.ovh.net:8081/artifactory/libs-release/org/ow2/asm/asm/6.2.1/asm-6.2.1.jar (113 kB at 67 kB/s)
Progress (2): 20/128 kB | 16/79 kBProgress (2): 24/128 kB | 16/79 kBProgress (2): 28/128 kB | 16/79 kBProgress (2): 32/128 kB | 16/79 kBProgress (2): 36/128 kB | 16/79 kBProgress (2): 40/128 kB | 16/79 kBProgress (2): 44/128 kB | 16/79 kBProgress (2): 48/128 kB | 16/79 kBProgress (2): 53/128 kB | 16/79 kBProgress (2): 57/128 kB | 16/79 kBProgress (2): 61/128 kB | 16/79 kBProgress (2): 65/128 kB | 16/79 kBProgress (2): 69/128 kB | 16/79 kBProgress (2): 73/128 kB | 16/79 kBProgress (2): 77/128 kB | 16/79 kBProgress (2): 81/128 kB | 16/79 kBProgress (2): 85/128 kB | 16/79 kBProgress (2): 89/128 kB | 16/79 kBProgress (2): 94/128 kB | 16/79 kBProgress (2): 98/128 kB | 16/79 kBProgress (2): 102/128 kB | 16/79 kBProgress (2): 106/128 kB | 16/79 kBProgress (2): 110/128 kB | 16/79 kBProgress (2): 114/128 kB | 16/79 kBProgress (2): 114/128 kB | 20/79 kBProgress (2): 114/128 kB | 24/79 kBProgress (2): 114/128 kB | 28/79 kBProgress (2): 114/128 kB | 32/79 kBProgress (2): 114/128 kB | 36/79 kBProgress (2): 114/128 kB | 40/79 kBProgress (2): 114/128 kB | 44/79 kBProgress (2): 114/128 kB | 48/79 kBProgress (2): 114/128 kB | 53/79 kBProgress (2): 114/128 kB | 57/79 kBProgress (2): 114/128 kB | 61/79 kBProgress (2): 114/128 kB | 65/79 kBProgress (2): 114/128 kB | 69/79 kBProgress (2): 114/128 kB | 73/79 kBProgress (2): 114/128 kB | 77/79 kBProgress (2): 114/128 kB | 79 kB                                   Downloaded from artifactory-release: http://vps663090.ovh.net:8081/artifactory/libs-release/org/ow2/asm/asm-commons/6.2.1/asm-commons-6.2.1.jar (79 kB at 45 kB/s)
Progress (1): 118/128 kBProgress (1): 122/128 kBProgress (1): 126/128 kBProgress (1): 128 kB                        Downloaded from artifactory-release: http://vps663090.ovh.net:8081/artifactory/libs-release/org/jacoco/org.jacoco.report/0.8.2/org.jacoco.report-0.8.2.jar (128 kB at 72 kB/s)
[main] INFO org.jacoco.maven.AgentMojo - argLine set to -javaagent:/var/jenkins_home/workspace/teami-notification/?/.m2/repository/org/jacoco/org.jacoco.agent/0.8.2/org.jacoco.agent-0.8.2-runtime.jar=destfile=/var/jenkins_home/workspace/teami-notification/target/jacoco.exec,append=true
[main] INFO org.apache.maven.cli.event.ExecutionEventLogger - 
[main] INFO org.apache.maven.cli.event.ExecutionEventLogger - --- maven-resources-plugin:3.0.2:resources (default-resources) @ teami-notification ---
[main] INFO org.apache.maven.shared.filtering.DefaultMavenResourcesFiltering - Using 'UTF-8' encoding to copy filtered resources.
[main] INFO org.apache.maven.shared.filtering.DefaultMavenResourcesFiltering - skip non existing resourceDirectory /var/jenkins_home/workspace/teami-notification/src/main/resources
[main] INFO org.apache.maven.cli.event.ExecutionEventLogger - 
[main] INFO org.apache.maven.cli.event.ExecutionEventLogger - --- maven-compiler-plugin:3.8.0:compile (default-compile) @ teami-notification ---
[main] INFO org.apache.maven.plugin.compiler.CompilerMojo - Changes detected - recompiling the module!
[main] INFO org.codehaus.plexus.compiler.javac.JavacCompiler - Compiling 2 source files to /var/jenkins_home/workspace/teami-notification/target/classes
[main] INFO org.apache.maven.plugin.compiler.CompilerMojo - /var/jenkins_home/workspace/teami-notification/src/main/java/fr/unice/polytech/si4/isa/devops/teami/notification/StudentNotificationBean.java: /var/jenkins_home/workspace/teami-notification/src/main/java/fr/unice/polytech/si4/isa/devops/teami/notification/StudentNotificationBean.java uses unchecked or unsafe operations.
[main] INFO org.apache.maven.plugin.compiler.CompilerMojo - /var/jenkins_home/workspace/teami-notification/src/main/java/fr/unice/polytech/si4/isa/devops/teami/notification/StudentNotificationBean.java: Recompile with -Xlint:unchecked for details.
[main] INFO org.apache.maven.cli.event.ExecutionEventLogger - 
[main] INFO org.apache.maven.cli.event.ExecutionEventLogger - --- maven-resources-plugin:3.0.2:testResources (default-testResources) @ teami-notification ---
[main] INFO org.apache.maven.shared.filtering.DefaultMavenResourcesFiltering - Using 'UTF-8' encoding to copy filtered resources.
[main] INFO org.apache.maven.shared.filtering.DefaultMavenResourcesFiltering - Copying 2 resources
[main] INFO org.apache.maven.cli.event.ExecutionEventLogger - 
[main] INFO org.apache.maven.cli.event.ExecutionEventLogger - --- maven-compiler-plugin:3.8.0:testCompile (default-testCompile) @ teami-notification ---
[main] INFO org.apache.maven.plugin.compiler.TestCompilerMojo - Changes detected - recompiling the module!
[main] INFO org.codehaus.plexus.compiler.javac.JavacCompiler - Compiling 1 source file to /var/jenkins_home/workspace/teami-notification/target/test-classes
[main] INFO org.apache.maven.cli.event.ExecutionEventLogger - 
[main] INFO org.apache.maven.cli.event.ExecutionEventLogger - --- maven-surefire-plugin:2.22.1:test (default-test) @ teami-notification ---
[main] INFO org.apache.maven.plugin.surefire.SurefirePlugin - 
[main] INFO org.apache.maven.plugin.surefire.SurefirePlugin - -------------------------------------------------------
[main] INFO org.apache.maven.plugin.surefire.SurefirePlugin -  T E S T S
[main] INFO org.apache.maven.plugin.surefire.SurefirePlugin - -------------------------------------------------------
[ThreadedStreamConsumer] INFO org.apache.maven.plugin.surefire.SurefirePlugin - Running fr.unice.polytech.si4.isa.devops.teami.notification.StudentNotificationTest
1041  classpath-bootstrap  INFO   [main] openjpa.Runtime - OpenJPA dynamically loaded a validation provider.
Apr 12, 2019 3:44:37 PM org.apache.tomee.embedded.Container start
INFO: Starting TomEE from: /tmp/arquillian-apache-tomee
Apr 12, 2019 3:44:39 PM org.apache.coyote.AbstractProtocol init
INFO: Initializing ProtocolHandler ["http-nio-8080"]
Apr 12, 2019 3:44:39 PM org.apache.coyote.AbstractProtocol init
SEVERE: Failed to initialize end point associated with ProtocolHandler ["http-nio-8080"]
java.net.BindException: Address in use
	at sun.nio.ch.Net.bind0(Native Method)
	at sun.nio.ch.Net.bind(Net.java:433)
	at sun.nio.ch.Net.bind(Net.java:425)
	at sun.nio.ch.ServerSocketChannelImpl.bind(ServerSocketChannelImpl.java:223)
	at sun.nio.ch.ServerSocketAdaptor.bind(ServerSocketAdaptor.java:74)
	at org.apache.tomcat.util.net.NioEndpoint.bind(NioEndpoint.java:228)
	at org.apache.tomcat.util.net.AbstractEndpoint.init(AbstractEndpoint.java:866)
	at org.apache.tomcat.util.net.AbstractJsseEndpoint.init(AbstractJsseEndpoint.java:213)
	at org.apache.coyote.AbstractProtocol.init(AbstractProtocol.java:575)
	at org.apache.coyote.http11.AbstractHttp11Protocol.init(AbstractHttp11Protocol.java:65)
	at org.apache.catalina.connector.Connector.initInternal(Connector.java:944)
	at org.apache.catalina.util.LifecycleBase.init(LifecycleBase.java:107)
	at org.apache.catalina.core.StandardService.initInternal(StandardService.java:549)
	at org.apache.catalina.util.LifecycleBase.init(LifecycleBase.java:107)
	at org.apache.catalina.core.StandardServer.initInternal(StandardServer.java:873)
	at org.apache.catalina.util.LifecycleBase.init(LifecycleBase.java:107)
	at org.apache.catalina.startup.Tomcat.init(Tomcat.java:344)
	at org.apache.tomee.embedded.Container.start(Container.java:679)
	at org.apache.openejb.arquillian.embedded.EmbeddedTomEEContainer.start(EmbeddedTomEEContainer.java:135)
	at org.jboss.arquillian.container.impl.ContainerImpl.start(ContainerImpl.java:199)
	at org.jboss.arquillian.container.impl.client.container.ContainerLifecycleController$8.perform(ContainerLifecycleController.java:163)
	at org.jboss.arquillian.container.impl.client.container.ContainerLifecycleController$8.perform(ContainerLifecycleController.java:157)
	at org.jboss.arquillian.container.impl.client.container.ContainerLifecycleController.forContainer(ContainerLifecycleController.java:255)
	at org.jboss.arquillian.container.impl.client.container.ContainerLifecycleController.startContainer(ContainerLifecycleController.java:156)
	at sun.reflect.NativeMethodAccessorImpl.invoke0(Native Method)
	at sun.reflect.NativeMethodAccessorImpl.invoke(NativeMethodAccessorImpl.java:62)
	at sun.reflect.DelegatingMethodAccessorImpl.invoke(DelegatingMethodAccessorImpl.java:43)
	at java.lang.reflect.Method.invoke(Method.java:498)
	at org.jboss.arquillian.core.impl.ObserverImpl.invoke(ObserverImpl.java:96)
	at org.jboss.arquillian.core.impl.EventContextImpl.invokeObservers(EventContextImpl.java:99)
	at org.jboss.arquillian.core.impl.EventContextImpl.proceed(EventContextImpl.java:81)
	at org.jboss.arquillian.container.impl.client.ContainerDeploymentContextHandler.createContainerContext(ContainerDeploymentContextHandler.java:57)
	at sun.reflect.NativeMethodAccessorImpl.invoke0(Native Method)
	at sun.reflect.NativeMethodAccessorImpl.invoke(NativeMethodAccessorImpl.java:62)
	at sun.reflect.DelegatingMethodAccessorImpl.invoke(DelegatingMethodAccessorImpl.java:43)
	at java.lang.reflect.Method.invoke(Method.java:498)
	at org.jboss.arquillian.core.impl.ObserverImpl.invoke(ObserverImpl.java:96)
	at org.jboss.arquillian.core.impl.EventContextImpl.proceed(EventContextImpl.java:88)
	at org.jboss.arquillian.core.impl.ManagerImpl.fire(ManagerImpl.java:145)
	at org.jboss.arquillian.core.impl.ManagerImpl.fire(ManagerImpl.java:116)
	at org.jboss.arquillian.core.impl.EventImpl.fire(EventImpl.java:67)
	at org.jboss.arquillian.container.impl.client.container.ContainerLifecycleController$2.perform(ContainerLifecycleController.java:77)
	at org.jboss.arquillian.container.impl.client.container.ContainerLifecycleController$2.perform(ContainerLifecycleController.java:70)
	at org.jboss.arquillian.container.impl.client.container.ContainerLifecycleController.forEachSuiteContainer(ContainerLifecycleController.java:221)
	at org.jboss.arquillian.container.impl.client.container.ContainerLifecycleController.startSuiteContainers(ContainerLifecycleController.java:69)
	at sun.reflect.NativeMethodAccessorImpl.invoke0(Native Method)
	at sun.reflect.NativeMethodAccessorImpl.invoke(NativeMethodAccessorImpl.java:62)
	at sun.reflect.DelegatingMethodAccessorImpl.invoke(DelegatingMethodAccessorImpl.java:43)
	at java.lang.reflect.Method.invoke(Method.java:498)
	at org.jboss.arquillian.core.impl.ObserverImpl.invoke(ObserverImpl.java:96)
	at org.jboss.arquillian.core.impl.EventContextImpl.invokeObservers(EventContextImpl.java:99)
	at org.jboss.arquillian.core.impl.EventContextImpl.proceed(EventContextImpl.java:81)
	at org.jboss.arquillian.core.impl.ManagerImpl.fire(ManagerImpl.java:145)
	at org.jboss.arquillian.core.impl.ManagerImpl.fire(ManagerImpl.java:116)
	at org.jboss.arquillian.core.impl.EventImpl.fire(EventImpl.java:67)
	at org.jboss.arquillian.container.test.impl.client.ContainerEventController.execute(ContainerEventController.java:86)
	at sun.reflect.NativeMethodAccessorImpl.invoke0(Native Method)
	at sun.reflect.NativeMethodAccessorImpl.invoke(NativeMethodAccessorImpl.java:62)
	at sun.reflect.DelegatingMethodAccessorImpl.invoke(DelegatingMethodAccessorImpl.java:43)
	at java.lang.reflect.Method.invoke(Method.java:498)
	at org.jboss.arquillian.core.impl.ObserverImpl.invoke(ObserverImpl.java:96)
	at org.jboss.arquillian.core.impl.EventContextImpl.invokeObservers(EventContextImpl.java:99)
	at org.jboss.arquillian.core.impl.EventContextImpl.proceed(EventContextImpl.java:81)
	at org.jboss.arquillian.test.impl.TestContextHandler.createSuiteContext(TestContextHandler.java:73)
	at sun.reflect.NativeMethodAccessorImpl.invoke0(Native Method)
	at sun.reflect.NativeMethodAccessorImpl.invoke(NativeMethodAccessorImpl.java:62)
	at sun.reflect.DelegatingMethodAccessorImpl.invoke(DelegatingMethodAccessorImpl.java:43)
	at java.lang.reflect.Method.invoke(Method.java:498)
	at org.jboss.arquillian.core.impl.ObserverImpl.invoke(ObserverImpl.java:96)
	at org.jboss.arquillian.core.impl.EventContextImpl.proceed(EventContextImpl.java:88)
	at org.jboss.arquillian.core.impl.ManagerImpl.fire(ManagerImpl.java:145)
	at org.jboss.arquillian.core.impl.ManagerImpl.fire(ManagerImpl.java:116)
	at org.jboss.arquillian.test.impl.EventTestRunnerAdaptor.beforeSuite(EventTestRunnerAdaptor.java:75)
	at org.jboss.arquillian.junit.Arquillian.run(Arquillian.java:116)
	at org.apache.maven.surefire.junit4.JUnit4Provider.execute(JUnit4Provider.java:365)
	at org.apache.maven.surefire.junit4.JUnit4Provider.executeWithRerun(JUnit4Provider.java:273)
	at org.apache.maven.surefire.junit4.JUnit4Provider.executeTestSet(JUnit4Provider.java:238)
	at org.apache.maven.surefire.junit4.JUnit4Provider.invoke(JUnit4Provider.java:159)
	at org.apache.maven.surefire.booter.ForkedBooter.invokeProviderInSameClassLoader(ForkedBooter.java:384)
	at org.apache.maven.surefire.booter.ForkedBooter.runSuitesInProcess(ForkedBooter.java:345)
	at org.apache.maven.surefire.booter.ForkedBooter.execute(ForkedBooter.java:126)
	at org.apache.maven.surefire.booter.ForkedBooter.main(ForkedBooter.java:418)

Apr 12, 2019 3:44:39 PM org.apache.catalina.core.StandardService initInternal
SEVERE: Failed to initialize connector [Connector[HTTP/1.1-8080]]
org.apache.catalina.LifecycleException: Failed to initialize component [Connector[HTTP/1.1-8080]]
	at org.apache.catalina.util.LifecycleBase.init(LifecycleBase.java:112)
	at org.apache.catalina.core.StandardService.initInternal(StandardService.java:549)
	at org.apache.catalina.util.LifecycleBase.init(LifecycleBase.java:107)
	at org.apache.catalina.core.StandardServer.initInternal(StandardServer.java:873)
	at org.apache.catalina.util.LifecycleBase.init(LifecycleBase.java:107)
	at org.apache.catalina.startup.Tomcat.init(Tomcat.java:344)
	at org.apache.tomee.embedded.Container.start(Container.java:679)
	at org.apache.openejb.arquillian.embedded.EmbeddedTomEEContainer.start(EmbeddedTomEEContainer.java:135)
	at org.jboss.arquillian.container.impl.ContainerImpl.start(ContainerImpl.java:199)
	at org.jboss.arquillian.container.impl.client.container.ContainerLifecycleController$8.perform(ContainerLifecycleController.java:163)
	at org.jboss.arquillian.container.impl.client.container.ContainerLifecycleController$8.perform(ContainerLifecycleController.java:157)
	at org.jboss.arquillian.container.impl.client.container.ContainerLifecycleController.forContainer(ContainerLifecycleController.java:255)
	at org.jboss.arquillian.container.impl.client.container.ContainerLifecycleController.startContainer(ContainerLifecycleController.java:156)
	at sun.reflect.NativeMethodAccessorImpl.invoke0(Native Method)
	at sun.reflect.NativeMethodAccessorImpl.invoke(NativeMethodAccessorImpl.java:62)
	at sun.reflect.DelegatingMethodAccessorImpl.invoke(DelegatingMethodAccessorImpl.java:43)
	at java.lang.reflect.Method.invoke(Method.java:498)
	at org.jboss.arquillian.core.impl.ObserverImpl.invoke(ObserverImpl.java:96)
	at org.jboss.arquillian.core.impl.EventContextImpl.invokeObservers(EventContextImpl.java:99)
	at org.jboss.arquillian.core.impl.EventContextImpl.proceed(EventContextImpl.java:81)
	at org.jboss.arquillian.container.impl.client.ContainerDeploymentContextHandler.createContainerContext(ContainerDeploymentContextHandler.java:57)
	at sun.reflect.NativeMethodAccessorImpl.invoke0(Native Method)
	at sun.reflect.NativeMethodAccessorImpl.invoke(NativeMethodAccessorImpl.java:62)
	at sun.reflect.DelegatingMethodAccessorImpl.invoke(DelegatingMethodAccessorImpl.java:43)
	at java.lang.reflect.Method.invoke(Method.java:498)
	at org.jboss.arquillian.core.impl.ObserverImpl.invoke(ObserverImpl.java:96)
	at org.jboss.arquillian.core.impl.EventContextImpl.proceed(EventContextImpl.java:88)
	at org.jboss.arquillian.core.impl.ManagerImpl.fire(ManagerImpl.java:145)
	at org.jboss.arquillian.core.impl.ManagerImpl.fire(ManagerImpl.java:116)
	at org.jboss.arquillian.core.impl.EventImpl.fire(EventImpl.java:67)
	at org.jboss.arquillian.container.impl.client.container.ContainerLifecycleController$2.perform(ContainerLifecycleController.java:77)
	at org.jboss.arquillian.container.impl.client.container.ContainerLifecycleController$2.perform(ContainerLifecycleController.java:70)
	at org.jboss.arquillian.container.impl.client.container.ContainerLifecycleController.forEachSuiteContainer(ContainerLifecycleController.java:221)
	at org.jboss.arquillian.container.impl.client.container.ContainerLifecycleController.startSuiteContainers(ContainerLifecycleController.java:69)
	at sun.reflect.NativeMethodAccessorImpl.invoke0(Native Method)
	at sun.reflect.NativeMethodAccessorImpl.invoke(NativeMethodAccessorImpl.java:62)
	at sun.reflect.DelegatingMethodAccessorImpl.invoke(DelegatingMethodAccessorImpl.java:43)
	at java.lang.reflect.Method.invoke(Method.java:498)
	at org.jboss.arquillian.core.impl.ObserverImpl.invoke(ObserverImpl.java:96)
	at org.jboss.arquillian.core.impl.EventContextImpl.invokeObservers(EventContextImpl.java:99)
	at org.jboss.arquillian.core.impl.EventContextImpl.proceed(EventContextImpl.java:81)
	at org.jboss.arquillian.core.impl.ManagerImpl.fire(ManagerImpl.java:145)
	at org.jboss.arquillian.core.impl.ManagerImpl.fire(ManagerImpl.java:116)
	at org.jboss.arquillian.core.impl.EventImpl.fire(EventImpl.java:67)
	at org.jboss.arquillian.container.test.impl.client.ContainerEventController.execute(ContainerEventController.java:86)
	at sun.reflect.NativeMethodAccessorImpl.invoke0(Native Method)
	at sun.reflect.NativeMethodAccessorImpl.invoke(NativeMethodAccessorImpl.java:62)
	at sun.reflect.DelegatingMethodAccessorImpl.invoke(DelegatingMethodAccessorImpl.java:43)
	at java.lang.reflect.Method.invoke(Method.java:498)
	at org.jboss.arquillian.core.impl.ObserverImpl.invoke(ObserverImpl.java:96)
	at org.jboss.arquillian.core.impl.EventContextImpl.invokeObservers(EventContextImpl.java:99)
	at org.jboss.arquillian.core.impl.EventContextImpl.proceed(EventContextImpl.java:81)
	at org.jboss.arquillian.test.impl.TestContextHandler.createSuiteContext(TestContextHandler.java:73)
	at sun.reflect.NativeMethodAccessorImpl.invoke0(Native Method)
	at sun.reflect.NativeMethodAccessorImpl.invoke(NativeMethodAccessorImpl.java:62)
	at sun.reflect.DelegatingMethodAccessorImpl.invoke(DelegatingMethodAccessorImpl.java:43)
	at java.lang.reflect.Method.invoke(Method.java:498)
	at org.jboss.arquillian.core.impl.ObserverImpl.invoke(ObserverImpl.java:96)
	at org.jboss.arquillian.core.impl.EventContextImpl.proceed(EventContextImpl.java:88)
	at org.jboss.arquillian.core.impl.ManagerImpl.fire(ManagerImpl.java:145)
	at org.jboss.arquillian.core.impl.ManagerImpl.fire(ManagerImpl.java:116)
	at org.jboss.arquillian.test.impl.EventTestRunnerAdaptor.beforeSuite(EventTestRunnerAdaptor.java:75)
	at org.jboss.arquillian.junit.Arquillian.run(Arquillian.java:116)
	at org.apache.maven.surefire.junit4.JUnit4Provider.execute(JUnit4Provider.java:365)
	at org.apache.maven.surefire.junit4.JUnit4Provider.executeWithRerun(JUnit4Provider.java:273)
	at org.apache.maven.surefire.junit4.JUnit4Provider.executeTestSet(JUnit4Provider.java:238)
	at org.apache.maven.surefire.junit4.JUnit4Provider.invoke(JUnit4Provider.java:159)
	at org.apache.maven.surefire.booter.ForkedBooter.invokeProviderInSameClassLoader(ForkedBooter.java:384)
	at org.apache.maven.surefire.booter.ForkedBooter.runSuitesInProcess(ForkedBooter.java:345)
	at org.apache.maven.surefire.booter.ForkedBooter.execute(ForkedBooter.java:126)
	at org.apache.maven.surefire.booter.ForkedBooter.main(ForkedBooter.java:418)
Caused by: org.apache.catalina.LifecycleException: Protocol handler initialization failed
	at org.apache.catalina.connector.Connector.initInternal(Connector.java:946)
	at org.apache.catalina.util.LifecycleBase.init(LifecycleBase.java:107)
	... 70 more
Caused by: java.net.BindException: Address in use
	at sun.nio.ch.Net.bind0(Native Method)
	at sun.nio.ch.Net.bind(Net.java:433)
	at sun.nio.ch.Net.bind(Net.java:425)
	at sun.nio.ch.ServerSocketChannelImpl.bind(ServerSocketChannelImpl.java:223)
	at sun.nio.ch.ServerSocketAdaptor.bind(ServerSocketAdaptor.java:74)
	at org.apache.tomcat.util.net.NioEndpoint.bind(NioEndpoint.java:228)
	at org.apache.tomcat.util.net.AbstractEndpoint.init(AbstractEndpoint.java:866)
	at org.apache.tomcat.util.net.AbstractJsseEndpoint.init(AbstractJsseEndpoint.java:213)
	at org.apache.coyote.AbstractProtocol.init(AbstractProtocol.java:575)
	at org.apache.coyote.http11.AbstractHttp11Protocol.init(AbstractHttp11Protocol.java:65)
	at org.apache.catalina.connector.Connector.initInternal(Connector.java:944)
	... 71 more

Apr 12, 2019 3:44:40 PM org.apache.catalina.core.StandardService startInternal
INFO: Starting service Tomcat
Apr 12, 2019 3:44:40 PM org.apache.catalina.core.StandardEngine startInternal
INFO: Starting Servlet Engine: Apache Tomcat/8.5.6
java.lang.instrument.IllegalClassFormatException: Error while instrumenting org/apache/tomee/jasper/TomEETldScanner.
	at org.jacoco.agent.rt.internal_28bab1d.CoverageTransformer.transform(CoverageTransformer.java:93)
	at sun.instrument.TransformerManager.transform(TransformerManager.java:188)
	at sun.instrument.InstrumentationImpl.transform(InstrumentationImpl.java:428)
	at java.lang.ClassLoader.defineClass1(Native Method)
	at java.lang.ClassLoader.defineClass(ClassLoader.java:763)
	at java.security.SecureClassLoader.defineClass(SecureClassLoader.java:142)
	at java.net.URLClassLoader.defineClass(URLClassLoader.java:468)
	at java.net.URLClassLoader.access$100(URLClassLoader.java:74)
	at java.net.URLClassLoader$1.run(URLClassLoader.java:369)
	at java.net.URLClassLoader$1.run(URLClassLoader.java:363)
	at java.security.AccessController.doPrivileged(Native Method)
	at java.net.URLClassLoader.findClass(URLClassLoader.java:362)
	at java.lang.ClassLoader.loadClass(ClassLoader.java:424)
	at sun.misc.Launcher$AppClassLoader.loadClass(Launcher.java:349)
	at java.lang.ClassLoader.loadClass(ClassLoader.java:357)
	at java.lang.Class.forName0(Native Method)
	at java.lang.Class.forName(Class.java:348)
	at org.apache.tomee.catalina.Warmup$2.run(Warmup.java:194)
Caused by: java.io.IOException: Error while instrumenting org/apache/tomee/jasper/TomEETldScanner.
	at org.jacoco.agent.rt.internal_28bab1d.core.instr.Instrumenter.instrumentError(Instrumenter.java:175)
	at org.jacoco.agent.rt.internal_28bab1d.core.instr.Instrumenter.instrument(Instrumenter.java:125)
	at org.jacoco.agent.rt.internal_28bab1d.CoverageTransformer.transform(CoverageTransformer.java:91)
	... 17 more
Caused by: org.jacoco.agent.rt.internal_28bab1d.asm.MethodTooLargeException: Method too large: org/apache/tomee/jasper/TomEETldScanner.populateMyfacesAndJstlData ()V
	at org.jacoco.agent.rt.internal_28bab1d.asm.MethodWriter.computeMethodInfoSize(MethodWriter.java:2080)
	at org.jacoco.agent.rt.internal_28bab1d.asm.ClassWriter.toByteArray(ClassWriter.java:459)
	at org.jacoco.agent.rt.internal_28bab1d.core.instr.Instrumenter.instrument(Instrumenter.java:104)
	at org.jacoco.agent.rt.internal_28bab1d.core.instr.Instrumenter.instrument(Instrumenter.java:123)
	... 18 more
Apr 12, 2019 3:44:45 PM org.apache.openejb.util.OptionsLog info
INFO: Using 'openejb.jdbc.datasource-creator=org.apache.tomee.jdbc.TomEEDataSourceCreator'
Apr 12, 2019 3:44:46 PM org.apache.openejb.OpenEJB$Instance <init>
INFO: ********************************************************************************
Apr 12, 2019 3:44:46 PM org.apache.openejb.OpenEJB$Instance <init>
INFO: OpenEJB http://tomee.apache.org/
Apr 12, 2019 3:44:46 PM org.apache.openejb.OpenEJB$Instance <init>
INFO: Startup: Fri Apr 12 15:44:46 GMT 2019
Apr 12, 2019 3:44:46 PM org.apache.openejb.OpenEJB$Instance <init>
INFO: Copyright 1999-2016 (C) Apache OpenEJB Project, All Rights Reserved.
Apr 12, 2019 3:44:46 PM org.apache.openejb.OpenEJB$Instance <init>
INFO: Version: 7.0.2
Apr 12, 2019 3:44:46 PM org.apache.openejb.OpenEJB$Instance <init>
INFO: Build date: 20161106
Apr 12, 2019 3:44:46 PM org.apache.openejb.OpenEJB$Instance <init>
INFO: Build time: 07:23
Apr 12, 2019 3:44:46 PM org.apache.openejb.OpenEJB$Instance <init>
INFO: ********************************************************************************
Apr 12, 2019 3:44:46 PM org.apache.openejb.OpenEJB$Instance <init>
INFO: openejb.home = /tmp/arquillian-apache-tomee
Apr 12, 2019 3:44:46 PM org.apache.openejb.OpenEJB$Instance <init>
INFO: openejb.base = /tmp/arquillian-apache-tomee
Apr 12, 2019 3:44:46 PM org.apache.openejb.cdi.CdiBuilder initializeOWB
INFO: Created new singletonService org.apache.openejb.cdi.ThreadSingletonServiceImpl@1310f037
Apr 12, 2019 3:44:46 PM org.apache.openejb.cdi.CdiBuilder initializeOWB
INFO: Succeeded in installing singleton service
Apr 12, 2019 3:44:47 PM org.apache.openejb.config.ConfigurationFactory init
INFO: TomEE configuration file is '/tmp/arquillian-apache-tomee/conf/openejb.xml'
Apr 12, 2019 3:44:47 PM org.apache.openejb.config.ConfigurationFactory configureService
INFO: Configuring Service(id=Tomcat Security Service, type=SecurityService, provider-id=Tomcat Security Service)
Apr 12, 2019 3:44:47 PM org.apache.openejb.config.ConfigurationFactory configureService
INFO: Configuring Service(id=Default Transaction Manager, type=TransactionManager, provider-id=Default Transaction Manager)
Apr 12, 2019 3:44:47 PM org.apache.openejb.util.OptionsLog info
INFO: Using 'openejb.system.apps=false'
Apr 12, 2019 3:44:47 PM org.apache.openejb.util.OptionsLog info
INFO: Using 'openejb.deployments.classpath=false'
Apr 12, 2019 3:44:47 PM org.apache.openejb.assembler.classic.Assembler createRecipe
INFO: Creating TransactionManager(id=Default Transaction Manager)
Apr 12, 2019 3:44:48 PM org.apache.openejb.assembler.classic.Assembler createRecipe
INFO: Creating SecurityService(id=Tomcat Security Service)
Apr 12, 2019 3:44:49 PM org.apache.openejb.util.OptionsLog info
INFO: Using 'openejb.servicemanager.enabled=false'
Apr 12, 2019 3:44:55 PM org.apache.openejb.config.ConfigurationFactory configureApplication
INFO: Configuring enterprise application: /tmp/arquillian-tomee-app-working-dir/0/7838ecb5-50b7-4e5c-be52-d647c856b613.jar
Apr 12, 2019 3:44:58 PM org.apache.openejb.config.InitEjbDeployments deploy
INFO: Auto-deploying ejb StudentNotificationBean: EjbDeployment(deployment-id=StudentNotificationBean)
Apr 12, 2019 3:44:58 PM org.apache.openejb.config.ConfigurationFactory configureService
INFO: Configuring Service(id=Default Stateless Container, type=Container, provider-id=Default Stateless Container)
Apr 12, 2019 3:44:58 PM org.apache.openejb.config.AutoConfig createContainer
INFO: Auto-creating a container for bean StudentNotificationBean: Container(type=STATELESS, id=Default Stateless Container)
Apr 12, 2019 3:44:58 PM org.apache.openejb.assembler.classic.Assembler createRecipe
INFO: Creating Container(id=Default Stateless Container)
Apr 12, 2019 3:44:58 PM org.apache.openejb.config.ConfigurationFactory configureService
INFO: Configuring Service(id=Default Managed Container, type=Container, provider-id=Default Managed Container)
Apr 12, 2019 3:44:58 PM org.apache.openejb.config.AutoConfig createContainer
INFO: Auto-creating a container for bean 7838ecb5-50b7-4e5c-be52-d647c856b613.Comp1336028583: Container(type=MANAGED, id=Default Managed Container)
Apr 12, 2019 3:44:58 PM org.apache.openejb.assembler.classic.Assembler createRecipe
INFO: Creating Container(id=Default Managed Container)
Apr 12, 2019 3:44:58 PM org.apache.openejb.core.managed.SimplePassivater init
INFO: Using directory /tmp for stateful session passivation
Apr 12, 2019 3:44:58 PM org.apache.openejb.config.AutoConfig deploy
INFO: Configuring PersistenceUnit(name=notification_persistence_unit)
Apr 12, 2019 3:44:58 PM org.apache.openejb.config.ConfigurationFactory configureService
INFO: Configuring Service(id=Default JDBC Database, type=Resource, provider-id=Default JDBC Database)
Apr 12, 2019 3:44:58 PM org.apache.openejb.config.AutoConfig logAutoCreateResource
INFO: Auto-creating a Resource with id 'Default JDBC Database' of type 'DataSource for 'notification_persistence_unit'.
Apr 12, 2019 3:44:58 PM org.apache.openejb.assembler.classic.Assembler createRecipe
INFO: Creating Resource(id=Default JDBC Database)
Apr 12, 2019 3:45:02 PM org.apache.openejb.config.ConfigurationFactory configureService
INFO: Configuring Service(id=Default Unmanaged JDBC Database, type=Resource, provider-id=Default Unmanaged JDBC Database)
Apr 12, 2019 3:45:02 PM org.apache.openejb.config.AutoConfig logAutoCreateResource
INFO: Auto-creating a Resource with id 'Default Unmanaged JDBC Database' of type 'DataSource for 'notification_persistence_unit'.
Apr 12, 2019 3:45:02 PM org.apache.openejb.assembler.classic.Assembler createRecipe
INFO: Creating Resource(id=Default Unmanaged JDBC Database)
Apr 12, 2019 3:45:02 PM org.apache.openejb.config.AutoConfig setJtaDataSource
INFO: Adjusting PersistenceUnit notification_persistence_unit <jta-data-source> to Resource ID 'Default JDBC Database' from 'PolydiplomaDataSource'
Apr 12, 2019 3:45:02 PM org.apache.openejb.config.AutoConfig setNonJtaDataSource
INFO: Adjusting PersistenceUnit notification_persistence_unit <non-jta-data-source> to Resource ID 'Default Unmanaged JDBC Database' from 'null'
Apr 12, 2019 3:45:02 PM org.apache.openejb.config.AppInfoBuilder build
INFO: Enterprise application "/tmp/arquillian-tomee-app-working-dir/0/7838ecb5-50b7-4e5c-be52-d647c856b613.jar" loaded.
Apr 12, 2019 3:45:02 PM org.apache.openejb.assembler.classic.Assembler createAppClassLoader
INFO: Creating dedicated application classloader for 7838ecb5-50b7-4e5c-be52-d647c856b613
Apr 12, 2019 3:45:02 PM org.apache.openejb.assembler.classic.Assembler createApplication
INFO: Assembling app: /tmp/arquillian-tomee-app-working-dir/0/7838ecb5-50b7-4e5c-be52-d647c856b613.jar
Apr 12, 2019 3:45:03 PM org.apache.openejb.assembler.classic.Assembler$PersistenceClassLoaderHandlerImpl addTransformer
INFO: JAVA AGENT NOT INSTALLED. The JPA Persistence Provider requested installation of a ClassFileTransformer which requires a JavaAgent.  See http://tomee.apache.org/javaagent.html
Apr 12, 2019 3:45:03 PM null
INFO: OpenJPA dynamically loaded a validation provider.
Apr 12, 2019 3:45:03 PM org.apache.openejb.assembler.classic.ReloadableEntityManagerFactory createDelegate
INFO: PersistenceUnit(name=notification_persistence_unit, provider=org.apache.openjpa.persistence.PersistenceProviderImpl) - provider time 323ms
Apr 12, 2019 3:45:04 PM org.apache.openejb.assembler.classic.JndiBuilder bind
INFO: Jndi(name=StudentNotificationBeanLocal) --> Ejb(deployment-id=StudentNotificationBean)
Apr 12, 2019 3:45:04 PM org.apache.openejb.assembler.classic.JndiBuilder bind
INFO: Jndi(name=global/7838ecb5-50b7-4e5c-be52-d647c856b613/StudentNotificationBean!fr.unice.polytech.si4.isa.devops.teami.notification.StudentNotification) --> Ejb(deployment-id=StudentNotificationBean)
Apr 12, 2019 3:45:04 PM org.apache.openejb.assembler.classic.JndiBuilder bind
INFO: Jndi(name=global/7838ecb5-50b7-4e5c-be52-d647c856b613/StudentNotificationBean) --> Ejb(deployment-id=StudentNotificationBean)
Apr 12, 2019 3:45:04 PM org.apache.openejb.cdi.CdiBuilder initSingleton
INFO: Existing thread singleton service in SystemInstance(): org.apache.openejb.cdi.ThreadSingletonServiceImpl@1310f037
Apr 12, 2019 3:45:05 PM org.apache.openejb.cdi.OpenEJBLifecycle startApplication
INFO: OpenWebBeans Container is starting...
Apr 12, 2019 3:45:06 PM org.apache.webbeans.plugins.PluginLoader startUp
INFO: Adding OpenWebBeansPlugin : [CdiPlugin]
Apr 12, 2019 3:45:08 PM org.apache.webbeans.config.BeansDeployer validateInjectionPoints
INFO: All injection points were validated successfully.
Apr 12, 2019 3:45:08 PM org.apache.openejb.cdi.OpenEJBLifecycle startApplication
INFO: OpenWebBeans Container has started, it took 2984 ms.
Apr 12, 2019 3:45:08 PM org.apache.openejb.assembler.classic.Assembler startEjbs
INFO: Created Ejb(deployment-id=StudentNotificationBean, ejb-name=StudentNotificationBean, container=Default Stateless Container)
Apr 12, 2019 3:45:09 PM org.apache.openejb.assembler.classic.Assembler startEjbs
INFO: Started Ejb(deployment-id=StudentNotificationBean, ejb-name=StudentNotificationBean, container=Default Stateless Container)
Apr 12, 2019 3:45:09 PM org.apache.openejb.assembler.classic.Assembler createApplication
INFO: Deployed Application(path=/tmp/arquillian-tomee-app-working-dir/0/7838ecb5-50b7-4e5c-be52-d647c856b613.jar)
Apr 12, 2019 3:45:10 PM null
INFO: Starting OpenJPA 2.4.1
Apr 12, 2019 3:45:11 PM null
INFO: Using dictionary class "org.apache.openjpa.jdbc.sql.HSQLDictionary" (HSQL Database Engine 2.3.2 ,HSQL Database Engine Driver 2.3.2).
Apr 12, 2019 3:45:11 PM null
INFO: Connected to HSQL Database Engine version 2.2 using JDBC driver HSQL Database Engine Driver version 2.3.2. 
Apr 12, 2019 3:45:15 PM null
INFO: The temporary file "/tmp/org.apache.openjpa.enhance.InstrumentationFactory222750860534337329.jar" was created and it may not get cleaned up properly.
Apr 12, 2019 3:45:15 PM null
INFO: Creating subclass and redefining methods for "[class fr.unice.polytech.si4.isa.devops.teami.entities.guests.Person, class fr.unice.polytech.si4.isa.devops.teami.entities.school.Speciality, class fr.unice.polytech.si4.isa.devops.teami.entities.guests.Student]". This means that your application will be less efficient than it would if you ran the OpenJPA enhancer.
Apr 12, 2019 3:45:22 PM org.jboss.arquillian.core.impl.ObserverImpl resolveArguments
WARNING: Argument 1 for UpdateTestResultBeforeAfter.update is null. It won't be invoked.
Apr 12, 2019 3:45:22 PM org.jboss.arquillian.core.impl.ObserverImpl resolveArguments
WARNING: Argument 1 for UpdateTestResultBeforeAfter.update is null. It won't be invoked.
Apr 12, 2019 3:45:22 PM org.jboss.arquillian.core.impl.ObserverImpl resolveArguments
WARNING: Argument 1 for UpdateTestResultBeforeAfter.update is null. It won't be invoked.
Apr 12, 2019 3:45:22 PM org.jboss.arquillian.core.impl.ObserverImpl resolveArguments
WARNING: Argument 1 for UpdateTestResultBeforeAfter.update is null. It won't be invoked.
Apr 12, 2019 3:45:22 PM org.apache.openejb.assembler.classic.Assembler destroyApplication
INFO: Undeploying app: /tmp/arquillian-tomee-app-working-dir/0/7838ecb5-50b7-4e5c-be52-d647c856b613.jar
[ThreadedStreamConsumer] ERROR org.apache.maven.plugin.surefire.SurefirePlugin - Tests run: 3, Failures: 0, Errors: 3, Skipped: 0, Time elapsed: 59.432 s <<< FAILURE! - in fr.unice.polytech.si4.isa.devops.teami.notification.StudentNotificationTest
[ThreadedStreamConsumer] ERROR org.apache.maven.plugin.surefire.SurefirePlugin - notifyStudentSendTwoEmailsTest(fr.unice.polytech.si4.isa.devops.teami.notification.StudentNotificationTest)  Time elapsed: 13.117 s  <<< ERROR!
org.apache.openjpa.persistence.PersistenceException
	at fr.unice.polytech.si4.isa.devops.teami.notification.StudentNotificationTest.init(StudentNotificationTest.java:46)
Caused by: java.lang.reflect.InvocationTargetException
	at fr.unice.polytech.si4.isa.devops.teami.notification.StudentNotificationTest.init(StudentNotificationTest.java:46)
Caused by: java.lang.UnsupportedOperationException: class redefinition failed: attempted to change the schema (add/remove fields)
	at fr.unice.polytech.si4.isa.devops.teami.notification.StudentNotificationTest.init(StudentNotificationTest.java:46)

[ThreadedStreamConsumer] ERROR org.apache.maven.plugin.surefire.SurefirePlugin - notifyStudentGoodEmailsTest(fr.unice.polytech.si4.isa.devops.teami.notification.StudentNotificationTest)  Time elapsed: 0.011 s  <<< ERROR!
org.apache.openejb.OpenEJBRuntimeException: javax.transaction.NotSupportedException: Nested Transactions are not supported
Caused by: javax.transaction.NotSupportedException: Nested Transactions are not supported

[ThreadedStreamConsumer] ERROR org.apache.maven.plugin.surefire.SurefirePlugin - fr.unice.polytech.si4.isa.devops.teami.notification.StudentNotificationTest  Time elapsed: 0.695 s  <<< ERROR!
org.jboss.arquillian.container.spi.client.container.DeploymentException: Unable to undeploy
Caused by: org.apache.openejb.UndeployException: Failed undeploying application: id=/tmp/arquillian-tomee-app-working-dir/0/7838ecb5-50b7-4e5c-be52-d647c856b613.jar

Apr 12, 2019 3:45:23 PM org.apache.coyote.AbstractProtocol stop
INFO: Stopping ProtocolHandler ["http-nio-8080"]
Apr 12, 2019 3:45:23 PM org.apache.coyote.AbstractProtocol pause
INFO: Pausing ProtocolHandler ["http-nio-8080"]
Apr 12, 2019 3:45:23 PM org.apache.catalina.core.StandardService stopInternal
INFO: Stopping service Tomcat
Apr 12, 2019 3:45:23 PM org.apache.openejb.assembler.classic.Assembler doResourceDestruction
INFO: Closing DataSource: Default JDBC Database
Apr 12, 2019 3:45:23 PM org.apache.openejb.assembler.classic.Assembler doResourceDestruction
INFO: Closing DataSource: Default Unmanaged JDBC Database
Apr 12, 2019 3:45:24 PM org.apache.coyote.AbstractProtocol destroy
INFO: Destroying ProtocolHandler ["http-nio-8080"]
[main] INFO org.apache.maven.plugin.surefire.SurefirePlugin - 
[main] INFO org.apache.maven.plugin.surefire.SurefirePlugin - Results:
[main] INFO org.apache.maven.plugin.surefire.SurefirePlugin - 
[main] ERROR org.apache.maven.plugin.surefire.SurefirePlugin - Errors: 
[main] ERROR org.apache.maven.plugin.surefire.SurefirePlugin -   StudentNotificationTest.fr.unice.polytech.si4.isa.devops.teami.notification.StudentNotificationTest  Deployment
[main] ERROR org.apache.maven.plugin.surefire.SurefirePlugin -   StudentNotificationTest.notifyStudentGoodEmailsTest  OpenEJBRuntime javax.tra...
[main] ERROR org.apache.maven.plugin.surefire.SurefirePlugin -   StudentNotificationTest.init:46  Persistence
[main] INFO org.apache.maven.plugin.surefire.SurefirePlugin - 
[main] ERROR org.apache.maven.plugin.surefire.SurefirePlugin - Tests run: 3, Failures: 0, Errors: 3, Skipped: 0
[main] INFO org.apache.maven.plugin.surefire.SurefirePlugin - 
[main] INFO org.apache.maven.cli.event.ExecutionEventLogger - ------------------------------------------------------------------------
[main] INFO org.apache.maven.cli.event.ExecutionEventLogger - BUILD FAILURE
[main] INFO org.apache.maven.cli.event.ExecutionEventLogger - ------------------------------------------------------------------------
[main] INFO org.apache.maven.cli.event.ExecutionEventLogger - Total time:  01:53 min
[main] INFO org.apache.maven.cli.event.ExecutionEventLogger - Finished at: 2019-04-12T15:45:25Z
[main] INFO org.apache.maven.cli.event.ExecutionEventLogger - ------------------------------------------------------------------------
[main] ERROR org.apache.maven.cli.MavenCli - Failed to execute goal org.apache.maven.plugins:maven-surefire-plugin:2.22.1:test (default-test) on project teami-notification: There are test failures.
[main] ERROR org.apache.maven.cli.MavenCli - 
[main] ERROR org.apache.maven.cli.MavenCli - Please refer to /var/jenkins_home/workspace/teami-notification/target/surefire-reports for the individual test results.
[main] ERROR org.apache.maven.cli.MavenCli - Please refer to dump files (if any exist) [date].dump, [date]-jvmRun[N].dump and [date].dumpstream.
[main] ERROR org.apache.maven.cli.MavenCli - -> [Help 1]
[main] ERROR org.apache.maven.cli.MavenCli - 
[main] ERROR org.apache.maven.cli.MavenCli - To see the full stack trace of the errors, re-run Maven with the -e switch.
[main] ERROR org.apache.maven.cli.MavenCli - Re-run Maven using the -X switch to enable full debug logging.
[main] ERROR org.apache.maven.cli.MavenCli - 
[main] ERROR org.apache.maven.cli.MavenCli - For more information about the errors and possible solutions, please read the following articles:
[main] ERROR org.apache.maven.cli.MavenCli - [Help 1] http://cwiki.apache.org/confluence/display/MAVEN/MojoFailureException
Build step 'Invoke Artifactory Maven 3' changed build result to FAILURE
Build step 'Invoke Artifactory Maven 3' marked build as failure
Finished: FAILURE
